{"C:\\Users\\YangRafi\\Desktop\\Inżynierka\\MeTun\\metunback\\app.js": {"path":"C:\\Users\\YangRafi\\Desktop\\Inżynierka\\MeTun\\metunback\\app.js","statementMap":{"0":{"start":{"line":1,"column":16},"end":{"line":1,"column":34}},"1":{"start":{"line":2,"column":13},"end":{"line":2,"column":28}},"2":{"start":{"line":3,"column":18},"end":{"line":3,"column":44}},"3":{"start":{"line":4,"column":13},"end":{"line":4,"column":28}},"4":{"start":{"line":5,"column":21},"end":{"line":5,"column":45}},"5":{"start":{"line":6,"column":13},"end":{"line":6,"column":28}},"6":{"start":{"line":9,"column":25},"end":{"line":9,"column":64}},"7":{"start":{"line":10,"column":25},"end":{"line":10,"column":61}},"8":{"start":{"line":11,"column":22},"end":{"line":11,"column":55}},"9":{"start":{"line":12,"column":19},"end":{"line":12,"column":49}},"10":{"start":{"line":13,"column":22},"end":{"line":13,"column":55}},"11":{"start":{"line":14,"column":20},"end":{"line":14,"column":51}},"12":{"start":{"line":15,"column":26},"end":{"line":15,"column":63}},"13":{"start":{"line":16,"column":19},"end":{"line":16,"column":49}},"14":{"start":{"line":17,"column":20},"end":{"line":17,"column":51}},"15":{"start":{"line":18,"column":19},"end":{"line":18,"column":49}},"16":{"start":{"line":19,"column":20},"end":{"line":19,"column":45}},"17":{"start":{"line":20,"column":29},"end":{"line":20,"column":69}},"18":{"start":{"line":21,"column":27},"end":{"line":21,"column":65}},"19":{"start":{"line":22,"column":21},"end":{"line":22,"column":53}},"20":{"start":{"line":25,"column":23},"end":{"line":25,"column":47}},"21":{"start":{"line":27,"column":12},"end":{"line":27,"column":21}},"22":{"start":{"line":30,"column":0},"end":{"line":30,"column":70}},"23":{"start":{"line":31,"column":0},"end":{"line":31,"column":24}},"24":{"start":{"line":32,"column":0},"end":{"line":32,"column":24}},"25":{"start":{"line":33,"column":0},"end":{"line":33,"column":69}},"26":{"start":{"line":36,"column":0},"end":{"line":36,"column":47}},"27":{"start":{"line":37,"column":0},"end":{"line":37,"column":46}},"28":{"start":{"line":38,"column":0},"end":{"line":38,"column":40}},"29":{"start":{"line":39,"column":0},"end":{"line":39,"column":34}},"30":{"start":{"line":40,"column":0},"end":{"line":40,"column":41}},"31":{"start":{"line":41,"column":0},"end":{"line":41,"column":36}},"32":{"start":{"line":42,"column":0},"end":{"line":42,"column":49}},"33":{"start":{"line":43,"column":0},"end":{"line":43,"column":33}},"34":{"start":{"line":44,"column":0},"end":{"line":44,"column":37}},"35":{"start":{"line":45,"column":0},"end":{"line":45,"column":34}},"36":{"start":{"line":46,"column":0},"end":{"line":46,"column":35}},"37":{"start":{"line":47,"column":0},"end":{"line":47,"column":53}},"38":{"start":{"line":48,"column":0},"end":{"line":48,"column":50}},"39":{"start":{"line":49,"column":0},"end":{"line":49,"column":38}},"40":{"start":{"line":52,"column":0},"end":{"line":52,"column":68}},"41":{"start":{"line":52,"column":22},"end":{"line":52,"column":66}},"42":{"start":{"line":54,"column":0},"end":{"line":67,"column":1}},"43":{"start":{"line":55,"column":2},"end":{"line":57,"column":60}},"44":{"start":{"line":56,"column":16},"end":{"line":56,"column":49}},"45":{"start":{"line":57,"column":18},"end":{"line":57,"column":58}},"46":{"start":{"line":59,"column":17},"end":{"line":59,"column":39}},"47":{"start":{"line":60,"column":2},"end":{"line":60,"column":21}},"48":{"start":{"line":62,"column":2},"end":{"line":66,"column":5}},"49":{"start":{"line":63,"column":4},"end":{"line":65,"column":7}},"50":{"start":{"line":64,"column":6},"end":{"line":64,"column":77}},"51":{"start":{"line":69,"column":0},"end":{"line":69,"column":21}}},"fnMap":{"0":{"name":"(anonymous_0)","decl":{"start":{"line":52,"column":8},"end":{"line":52,"column":9}},"loc":{"start":{"line":52,"column":22},"end":{"line":52,"column":66}},"line":52},"1":{"name":"(anonymous_1)","decl":{"start":{"line":56,"column":10},"end":{"line":56,"column":11}},"loc":{"start":{"line":56,"column":16},"end":{"line":56,"column":49}},"line":56},"2":{"name":"(anonymous_2)","decl":{"start":{"line":57,"column":11},"end":{"line":57,"column":12}},"loc":{"start":{"line":57,"column":18},"end":{"line":57,"column":58}},"line":57},"3":{"name":"(anonymous_3)","decl":{"start":{"line":62,"column":24},"end":{"line":62,"column":25}},"loc":{"start":{"line":62,"column":30},"end":{"line":66,"column":3}},"line":62},"4":{"name":"(anonymous_4)","decl":{"start":{"line":63,"column":24},"end":{"line":63,"column":25}},"loc":{"start":{"line":63,"column":30},"end":{"line":65,"column":5}},"line":63}},"branchMap":{"0":{"loc":{"start":{"line":54,"column":0},"end":{"line":67,"column":1}},"type":"if","locations":[{"start":{"line":54,"column":0},"end":{"line":67,"column":1}},{"start":{},"end":{}}],"line":54}},"s":{"0":1,"1":1,"2":1,"3":1,"4":1,"5":1,"6":1,"7":1,"8":1,"9":1,"10":1,"11":1,"12":1,"13":1,"14":1,"15":1,"16":1,"17":1,"18":1,"19":1,"20":1,"21":1,"22":1,"23":1,"24":1,"25":1,"26":1,"27":1,"28":1,"29":1,"30":1,"31":1,"32":1,"33":1,"34":1,"35":1,"36":1,"37":1,"38":1,"39":1,"40":1,"41":0,"42":1,"43":0,"44":0,"45":0,"46":0,"47":0,"48":0,"49":0,"50":0,"51":1},"f":{"0":0,"1":0,"2":0,"3":0,"4":0},"b":{"0":[0,1]},"_coverageSchema":"1a1c01bbd47fc00a2c39e90264f33305004495a9","hash":"848dcd998a9baede661905996b7a373663eaaa99"}
,"C:\\Users\\YangRafi\\Desktop\\Inżynierka\\MeTun\\metunback\\controllers\\adminController.js": {"path":"C:\\Users\\YangRafi\\Desktop\\Inżynierka\\MeTun\\metunback\\controllers\\adminController.js","statementMap":{"0":{"start":{"line":1,"column":21},"end":{"line":1,"column":56}},"1":{"start":{"line":3,"column":0},"end":{"line":11,"column":2}},"2":{"start":{"line":4,"column":2},"end":{"line":10,"column":3}},"3":{"start":{"line":5,"column":17},"end":{"line":5,"column":54}},"4":{"start":{"line":6,"column":4},"end":{"line":6,"column":19}},"5":{"start":{"line":8,"column":4},"end":{"line":8,"column":50}},"6":{"start":{"line":9,"column":4},"end":{"line":9,"column":52}}},"fnMap":{"0":{"name":"(anonymous_0)","decl":{"start":{"line":3,"column":27},"end":{"line":3,"column":28}},"loc":{"start":{"line":3,"column":47},"end":{"line":11,"column":1}},"line":3}},"branchMap":{},"s":{"0":1,"1":1,"2":0,"3":0,"4":0,"5":0,"6":0},"f":{"0":0},"b":{},"_coverageSchema":"1a1c01bbd47fc00a2c39e90264f33305004495a9","hash":"e3639c5200140a93051bbe344957a47ebce19790"}
,"C:\\Users\\YangRafi\\Desktop\\Inżynierka\\MeTun\\metunback\\controllers\\authController.js": {"path":"C:\\Users\\YangRafi\\Desktop\\Inżynierka\\MeTun\\metunback\\controllers\\authController.js","statementMap":{"0":{"start":{"line":1,"column":20},"end":{"line":1,"column":54}},"1":{"start":{"line":3,"column":0},"end":{"line":11,"column":2}},"2":{"start":{"line":4,"column":2},"end":{"line":10,"column":3}},"3":{"start":{"line":5,"column":20},"end":{"line":5,"column":54}},"4":{"start":{"line":6,"column":4},"end":{"line":6,"column":95}},"5":{"start":{"line":8,"column":4},"end":{"line":8,"column":23}},"6":{"start":{"line":9,"column":4},"end":{"line":9,"column":49}},"7":{"start":{"line":13,"column":0},"end":{"line":25,"column":2}},"8":{"start":{"line":14,"column":2},"end":{"line":24,"column":3}},"9":{"start":{"line":15,"column":60},"end":{"line":15,"column":93}},"10":{"start":{"line":17,"column":4},"end":{"line":17,"column":120}},"11":{"start":{"line":18,"column":4},"end":{"line":18,"column":131}},"12":{"start":{"line":20,"column":4},"end":{"line":20,"column":85}},"13":{"start":{"line":22,"column":4},"end":{"line":22,"column":23}},"14":{"start":{"line":23,"column":4},"end":{"line":23,"column":49}},"15":{"start":{"line":27,"column":0},"end":{"line":36,"column":2}},"16":{"start":{"line":28,"column":2},"end":{"line":35,"column":3}},"17":{"start":{"line":29,"column":46},"end":{"line":29,"column":109}},"18":{"start":{"line":30,"column":4},"end":{"line":30,"column":120}},"19":{"start":{"line":31,"column":4},"end":{"line":31,"column":145}},"20":{"start":{"line":33,"column":4},"end":{"line":33,"column":23}},"21":{"start":{"line":34,"column":4},"end":{"line":34,"column":49}},"22":{"start":{"line":38,"column":0},"end":{"line":38,"column":80}},"23":{"start":{"line":38,"column":30},"end":{"line":38,"column":79}},"24":{"start":{"line":40,"column":0},"end":{"line":54,"column":2}},"25":{"start":{"line":41,"column":2},"end":{"line":53,"column":3}},"26":{"start":{"line":42,"column":17},"end":{"line":42,"column":25}},"27":{"start":{"line":43,"column":4},"end":{"line":49,"column":7}},"28":{"start":{"line":51,"column":4},"end":{"line":51,"column":23}},"29":{"start":{"line":52,"column":4},"end":{"line":52,"column":52}},"30":{"start":{"line":56,"column":0},"end":{"line":60,"column":2}},"31":{"start":{"line":57,"column":2},"end":{"line":57,"column":34}},"32":{"start":{"line":58,"column":2},"end":{"line":58,"column":35}},"33":{"start":{"line":59,"column":2},"end":{"line":59,"column":45}}},"fnMap":{"0":{"name":"(anonymous_0)","decl":{"start":{"line":3,"column":17},"end":{"line":3,"column":18}},"loc":{"start":{"line":3,"column":37},"end":{"line":11,"column":1}},"line":3},"1":{"name":"(anonymous_1)","decl":{"start":{"line":13,"column":16},"end":{"line":13,"column":17}},"loc":{"start":{"line":13,"column":36},"end":{"line":25,"column":1}},"line":13},"2":{"name":"(anonymous_2)","decl":{"start":{"line":27,"column":23},"end":{"line":27,"column":24}},"loc":{"start":{"line":27,"column":43},"end":{"line":36,"column":1}},"line":27},"3":{"name":"(anonymous_3)","decl":{"start":{"line":38,"column":16},"end":{"line":38,"column":17}},"loc":{"start":{"line":38,"column":30},"end":{"line":38,"column":79}},"line":38},"4":{"name":"(anonymous_4)","decl":{"start":{"line":40,"column":13},"end":{"line":40,"column":14}},"loc":{"start":{"line":40,"column":33},"end":{"line":54,"column":1}},"line":40},"5":{"name":"(anonymous_5)","decl":{"start":{"line":56,"column":17},"end":{"line":56,"column":18}},"loc":{"start":{"line":56,"column":31},"end":{"line":60,"column":1}},"line":56}},"branchMap":{},"s":{"0":1,"1":1,"2":3,"3":3,"4":3,"5":0,"6":0,"7":1,"8":2,"9":2,"10":2,"11":2,"12":2,"13":0,"14":0,"15":1,"16":0,"17":0,"18":0,"19":0,"20":0,"21":0,"22":1,"23":1,"24":1,"25":0,"26":0,"27":0,"28":0,"29":0,"30":1,"31":0,"32":0,"33":0},"f":{"0":3,"1":2,"2":0,"3":1,"4":0,"5":0},"b":{},"_coverageSchema":"1a1c01bbd47fc00a2c39e90264f33305004495a9","hash":"aa757eff21ba96326907623a97ab1625a5572810"}
,"C:\\Users\\YangRafi\\Desktop\\Inżynierka\\MeTun\\metunback\\controllers\\chatController.js": {"path":"C:\\Users\\YangRafi\\Desktop\\Inżynierka\\MeTun\\metunback\\controllers\\chatController.js","statementMap":{"0":{"start":{"line":1,"column":20},"end":{"line":1,"column":54}},"1":{"start":{"line":3,"column":0},"end":{"line":11,"column":2}},"2":{"start":{"line":4,"column":2},"end":{"line":10,"column":3}},"3":{"start":{"line":5,"column":18},"end":{"line":5,"column":68}},"4":{"start":{"line":6,"column":4},"end":{"line":6,"column":20}},"5":{"start":{"line":8,"column":4},"end":{"line":8,"column":50}},"6":{"start":{"line":9,"column":4},"end":{"line":9,"column":49}},"7":{"start":{"line":13,"column":0},"end":{"line":21,"column":2}},"8":{"start":{"line":14,"column":2},"end":{"line":20,"column":3}},"9":{"start":{"line":15,"column":18},"end":{"line":15,"column":66}},"10":{"start":{"line":16,"column":4},"end":{"line":16,"column":20}},"11":{"start":{"line":18,"column":4},"end":{"line":18,"column":48}},"12":{"start":{"line":19,"column":4},"end":{"line":19,"column":49}},"13":{"start":{"line":23,"column":0},"end":{"line":32,"column":2}},"14":{"start":{"line":24,"column":2},"end":{"line":31,"column":3}},"15":{"start":{"line":25,"column":21},"end":{"line":25,"column":107}},"16":{"start":{"line":26,"column":4},"end":{"line":26,"column":23}},"17":{"start":{"line":28,"column":4},"end":{"line":28,"column":46}},"18":{"start":{"line":29,"column":4},"end":{"line":30,"column":37}}},"fnMap":{"0":{"name":"(anonymous_0)","decl":{"start":{"line":3,"column":26},"end":{"line":3,"column":27}},"loc":{"start":{"line":3,"column":46},"end":{"line":11,"column":1}},"line":3},"1":{"name":"(anonymous_1)","decl":{"start":{"line":13,"column":24},"end":{"line":13,"column":25}},"loc":{"start":{"line":13,"column":44},"end":{"line":21,"column":1}},"line":13},"2":{"name":"(anonymous_2)","decl":{"start":{"line":23,"column":22},"end":{"line":23,"column":23}},"loc":{"start":{"line":23,"column":42},"end":{"line":32,"column":1}},"line":23}},"branchMap":{"0":{"loc":{"start":{"line":29,"column":15},"end":{"line":29,"column":97}},"type":"cond-expr","locations":[{"start":{"line":29,"column":88},"end":{"line":29,"column":91}},{"start":{"line":29,"column":94},"end":{"line":29,"column":97}}],"line":29},"1":{"loc":{"start":{"line":29,"column":15},"end":{"line":29,"column":85}},"type":"binary-expr","locations":[{"start":{"line":29,"column":15},"end":{"line":29,"column":46}},{"start":{"line":29,"column":50},"end":{"line":29,"column":85}}],"line":29}},"s":{"0":1,"1":1,"2":0,"3":0,"4":0,"5":0,"6":0,"7":1,"8":0,"9":0,"10":0,"11":0,"12":0,"13":1,"14":0,"15":0,"16":0,"17":0,"18":0},"f":{"0":0,"1":0,"2":0},"b":{"0":[0,0],"1":[0,0]},"_coverageSchema":"1a1c01bbd47fc00a2c39e90264f33305004495a9","hash":"21fa69b6ffefa3e6dc7e23f53bfb48d9cc5a15b5"}
,"C:\\Users\\YangRafi\\Desktop\\Inżynierka\\MeTun\\metunback\\controllers\\disciplineController.js": {"path":"C:\\Users\\YangRafi\\Desktop\\Inżynierka\\MeTun\\metunback\\controllers\\disciplineController.js","statementMap":{"0":{"start":{"line":1,"column":26},"end":{"line":1,"column":66}},"1":{"start":{"line":3,"column":0},"end":{"line":11,"column":2}},"2":{"start":{"line":4,"column":2},"end":{"line":10,"column":3}},"3":{"start":{"line":5,"column":24},"end":{"line":5,"column":67}},"4":{"start":{"line":6,"column":4},"end":{"line":6,"column":26}},"5":{"start":{"line":8,"column":4},"end":{"line":8,"column":56}},"6":{"start":{"line":9,"column":4},"end":{"line":9,"column":49}},"7":{"start":{"line":13,"column":0},"end":{"line":21,"column":2}},"8":{"start":{"line":14,"column":2},"end":{"line":20,"column":3}},"9":{"start":{"line":15,"column":24},"end":{"line":15,"column":93}},"10":{"start":{"line":16,"column":4},"end":{"line":16,"column":26}},"11":{"start":{"line":18,"column":4},"end":{"line":18,"column":67}},"12":{"start":{"line":19,"column":4},"end":{"line":19,"column":49}},"13":{"start":{"line":23,"column":0},"end":{"line":31,"column":2}},"14":{"start":{"line":24,"column":2},"end":{"line":30,"column":3}},"15":{"start":{"line":25,"column":23},"end":{"line":25,"column":79}},"16":{"start":{"line":26,"column":4},"end":{"line":26,"column":25}},"17":{"start":{"line":28,"column":4},"end":{"line":28,"column":55}},"18":{"start":{"line":29,"column":4},"end":{"line":29,"column":49}},"19":{"start":{"line":33,"column":0},"end":{"line":41,"column":2}},"20":{"start":{"line":34,"column":2},"end":{"line":40,"column":3}},"21":{"start":{"line":35,"column":23},"end":{"line":35,"column":73}},"22":{"start":{"line":36,"column":4},"end":{"line":36,"column":37}},"23":{"start":{"line":38,"column":4},"end":{"line":38,"column":55}},"24":{"start":{"line":39,"column":4},"end":{"line":39,"column":49}},"25":{"start":{"line":43,"column":0},"end":{"line":51,"column":2}},"26":{"start":{"line":44,"column":2},"end":{"line":50,"column":3}},"27":{"start":{"line":45,"column":23},"end":{"line":45,"column":88}},"28":{"start":{"line":46,"column":4},"end":{"line":46,"column":73}},"29":{"start":{"line":48,"column":4},"end":{"line":48,"column":55}},"30":{"start":{"line":49,"column":4},"end":{"line":49,"column":49}},"31":{"start":{"line":53,"column":0},"end":{"line":61,"column":2}},"32":{"start":{"line":54,"column":2},"end":{"line":60,"column":3}},"33":{"start":{"line":55,"column":4},"end":{"line":55,"column":60}},"34":{"start":{"line":56,"column":4},"end":{"line":56,"column":61}},"35":{"start":{"line":58,"column":4},"end":{"line":58,"column":55}},"36":{"start":{"line":59,"column":4},"end":{"line":59,"column":49}}},"fnMap":{"0":{"name":"(anonymous_0)","decl":{"start":{"line":3,"column":28},"end":{"line":3,"column":29}},"loc":{"start":{"line":3,"column":48},"end":{"line":11,"column":1}},"line":3},"1":{"name":"(anonymous_1)","decl":{"start":{"line":13,"column":34},"end":{"line":13,"column":35}},"loc":{"start":{"line":13,"column":54},"end":{"line":21,"column":1}},"line":13},"2":{"name":"(anonymous_2)","decl":{"start":{"line":23,"column":28},"end":{"line":23,"column":29}},"loc":{"start":{"line":23,"column":48},"end":{"line":31,"column":1}},"line":23},"3":{"name":"(anonymous_3)","decl":{"start":{"line":33,"column":27},"end":{"line":33,"column":28}},"loc":{"start":{"line":33,"column":47},"end":{"line":41,"column":1}},"line":33},"4":{"name":"(anonymous_4)","decl":{"start":{"line":43,"column":27},"end":{"line":43,"column":28}},"loc":{"start":{"line":43,"column":47},"end":{"line":51,"column":1}},"line":43},"5":{"name":"(anonymous_5)","decl":{"start":{"line":53,"column":27},"end":{"line":53,"column":28}},"loc":{"start":{"line":53,"column":47},"end":{"line":61,"column":1}},"line":53}},"branchMap":{},"s":{"0":1,"1":1,"2":0,"3":0,"4":0,"5":0,"6":0,"7":1,"8":0,"9":0,"10":0,"11":0,"12":0,"13":1,"14":0,"15":0,"16":0,"17":0,"18":0,"19":1,"20":0,"21":0,"22":0,"23":0,"24":0,"25":1,"26":0,"27":0,"28":0,"29":0,"30":0,"31":1,"32":0,"33":0,"34":0,"35":0,"36":0},"f":{"0":0,"1":0,"2":0,"3":0,"4":0,"5":0},"b":{},"_coverageSchema":"1a1c01bbd47fc00a2c39e90264f33305004495a9","hash":"9ec30908f1f62cc00d4466b9458148eba4a94cea"}
,"C:\\Users\\YangRafi\\Desktop\\Inżynierka\\MeTun\\metunback\\controllers\\facultyController.js": {"path":"C:\\Users\\YangRafi\\Desktop\\Inżynierka\\MeTun\\metunback\\controllers\\facultyController.js","statementMap":{"0":{"start":{"line":1,"column":23},"end":{"line":1,"column":60}},"1":{"start":{"line":3,"column":0},"end":{"line":11,"column":2}},"2":{"start":{"line":4,"column":2},"end":{"line":10,"column":3}},"3":{"start":{"line":5,"column":22},"end":{"line":5,"column":82}},"4":{"start":{"line":6,"column":4},"end":{"line":6,"column":24}},"5":{"start":{"line":8,"column":4},"end":{"line":8,"column":54}},"6":{"start":{"line":9,"column":4},"end":{"line":9,"column":49}},"7":{"start":{"line":13,"column":0},"end":{"line":21,"column":2}},"8":{"start":{"line":14,"column":2},"end":{"line":20,"column":3}},"9":{"start":{"line":15,"column":20},"end":{"line":15,"column":70}},"10":{"start":{"line":16,"column":4},"end":{"line":16,"column":22}},"11":{"start":{"line":18,"column":4},"end":{"line":18,"column":52}},"12":{"start":{"line":19,"column":4},"end":{"line":19,"column":49}},"13":{"start":{"line":23,"column":0},"end":{"line":31,"column":2}},"14":{"start":{"line":24,"column":2},"end":{"line":30,"column":3}},"15":{"start":{"line":25,"column":23},"end":{"line":25,"column":67}},"16":{"start":{"line":26,"column":4},"end":{"line":26,"column":37}},"17":{"start":{"line":28,"column":4},"end":{"line":28,"column":52}},"18":{"start":{"line":29,"column":4},"end":{"line":29,"column":49}},"19":{"start":{"line":33,"column":0},"end":{"line":41,"column":2}},"20":{"start":{"line":34,"column":2},"end":{"line":40,"column":3}},"21":{"start":{"line":35,"column":20},"end":{"line":35,"column":79}},"22":{"start":{"line":36,"column":4},"end":{"line":36,"column":22}},"23":{"start":{"line":38,"column":4},"end":{"line":38,"column":52}},"24":{"start":{"line":39,"column":4},"end":{"line":39,"column":49}},"25":{"start":{"line":43,"column":0},"end":{"line":51,"column":2}},"26":{"start":{"line":44,"column":2},"end":{"line":50,"column":3}},"27":{"start":{"line":45,"column":4},"end":{"line":45,"column":54}},"28":{"start":{"line":46,"column":4},"end":{"line":46,"column":58}},"29":{"start":{"line":48,"column":4},"end":{"line":48,"column":52}},"30":{"start":{"line":49,"column":4},"end":{"line":49,"column":49}}},"fnMap":{"0":{"name":"(anonymous_0)","decl":{"start":{"line":3,"column":26},"end":{"line":3,"column":27}},"loc":{"start":{"line":3,"column":46},"end":{"line":11,"column":1}},"line":3},"1":{"name":"(anonymous_1)","decl":{"start":{"line":13,"column":25},"end":{"line":13,"column":26}},"loc":{"start":{"line":13,"column":45},"end":{"line":21,"column":1}},"line":13},"2":{"name":"(anonymous_2)","decl":{"start":{"line":23,"column":24},"end":{"line":23,"column":25}},"loc":{"start":{"line":23,"column":44},"end":{"line":31,"column":1}},"line":23},"3":{"name":"(anonymous_3)","decl":{"start":{"line":33,"column":24},"end":{"line":33,"column":25}},"loc":{"start":{"line":33,"column":44},"end":{"line":41,"column":1}},"line":33},"4":{"name":"(anonymous_4)","decl":{"start":{"line":43,"column":24},"end":{"line":43,"column":25}},"loc":{"start":{"line":43,"column":44},"end":{"line":51,"column":1}},"line":43}},"branchMap":{},"s":{"0":1,"1":1,"2":0,"3":0,"4":0,"5":0,"6":0,"7":1,"8":0,"9":0,"10":0,"11":0,"12":0,"13":1,"14":0,"15":0,"16":0,"17":0,"18":0,"19":1,"20":0,"21":0,"22":0,"23":0,"24":0,"25":1,"26":0,"27":0,"28":0,"29":0,"30":0},"f":{"0":0,"1":0,"2":0,"3":0,"4":0},"b":{},"_coverageSchema":"1a1c01bbd47fc00a2c39e90264f33305004495a9","hash":"feb4ca1960995078ded9ae175a37499b29811023"}
,"C:\\Users\\YangRafi\\Desktop\\Inżynierka\\MeTun\\metunback\\controllers\\groupController.js": {"path":"C:\\Users\\YangRafi\\Desktop\\Inżynierka\\MeTun\\metunback\\controllers\\groupController.js","statementMap":{"0":{"start":{"line":1,"column":21},"end":{"line":1,"column":56}},"1":{"start":{"line":3,"column":0},"end":{"line":11,"column":2}},"2":{"start":{"line":4,"column":2},"end":{"line":10,"column":3}},"3":{"start":{"line":5,"column":19},"end":{"line":5,"column":61}},"4":{"start":{"line":6,"column":4},"end":{"line":6,"column":21}},"5":{"start":{"line":8,"column":4},"end":{"line":8,"column":51}},"6":{"start":{"line":9,"column":4},"end":{"line":9,"column":49}},"7":{"start":{"line":13,"column":0},"end":{"line":21,"column":2}},"8":{"start":{"line":14,"column":2},"end":{"line":20,"column":3}},"9":{"start":{"line":15,"column":19},"end":{"line":15,"column":73}},"10":{"start":{"line":16,"column":4},"end":{"line":16,"column":21}},"11":{"start":{"line":18,"column":4},"end":{"line":18,"column":66}},"12":{"start":{"line":19,"column":4},"end":{"line":19,"column":49}},"13":{"start":{"line":23,"column":0},"end":{"line":31,"column":2}},"14":{"start":{"line":24,"column":2},"end":{"line":30,"column":3}},"15":{"start":{"line":25,"column":19},"end":{"line":25,"column":66}},"16":{"start":{"line":26,"column":4},"end":{"line":26,"column":21}},"17":{"start":{"line":28,"column":4},"end":{"line":28,"column":58}},"18":{"start":{"line":29,"column":4},"end":{"line":29,"column":49}},"19":{"start":{"line":33,"column":0},"end":{"line":41,"column":2}},"20":{"start":{"line":34,"column":2},"end":{"line":40,"column":3}},"21":{"start":{"line":35,"column":18},"end":{"line":35,"column":64}},"22":{"start":{"line":36,"column":4},"end":{"line":36,"column":20}},"23":{"start":{"line":38,"column":4},"end":{"line":38,"column":50}},"24":{"start":{"line":39,"column":4},"end":{"line":39,"column":49}},"25":{"start":{"line":43,"column":0},"end":{"line":54,"column":2}},"26":{"start":{"line":44,"column":2},"end":{"line":53,"column":3}},"27":{"start":{"line":45,"column":21},"end":{"line":48,"column":6}},"28":{"start":{"line":49,"column":4},"end":{"line":49,"column":35}},"29":{"start":{"line":51,"column":4},"end":{"line":51,"column":50}},"30":{"start":{"line":52,"column":4},"end":{"line":52,"column":49}},"31":{"start":{"line":56,"column":0},"end":{"line":64,"column":2}},"32":{"start":{"line":57,"column":2},"end":{"line":63,"column":3}},"33":{"start":{"line":58,"column":18},"end":{"line":58,"column":73}},"34":{"start":{"line":59,"column":4},"end":{"line":59,"column":20}},"35":{"start":{"line":61,"column":4},"end":{"line":61,"column":50}},"36":{"start":{"line":62,"column":4},"end":{"line":62,"column":49}},"37":{"start":{"line":66,"column":0},"end":{"line":74,"column":2}},"38":{"start":{"line":67,"column":2},"end":{"line":73,"column":3}},"39":{"start":{"line":68,"column":4},"end":{"line":68,"column":67}},"40":{"start":{"line":69,"column":4},"end":{"line":69,"column":53}},"41":{"start":{"line":71,"column":4},"end":{"line":71,"column":54}},"42":{"start":{"line":72,"column":4},"end":{"line":72,"column":49}}},"fnMap":{"0":{"name":"(anonymous_0)","decl":{"start":{"line":3,"column":23},"end":{"line":3,"column":24}},"loc":{"start":{"line":3,"column":43},"end":{"line":11,"column":1}},"line":3},"1":{"name":"(anonymous_1)","decl":{"start":{"line":13,"column":29},"end":{"line":13,"column":30}},"loc":{"start":{"line":13,"column":49},"end":{"line":21,"column":1}},"line":13},"2":{"name":"(anonymous_2)","decl":{"start":{"line":23,"column":22},"end":{"line":23,"column":23}},"loc":{"start":{"line":23,"column":42},"end":{"line":31,"column":1}},"line":23},"3":{"name":"(anonymous_3)","decl":{"start":{"line":33,"column":23},"end":{"line":33,"column":24}},"loc":{"start":{"line":33,"column":43},"end":{"line":41,"column":1}},"line":33},"4":{"name":"(anonymous_4)","decl":{"start":{"line":43,"column":22},"end":{"line":43,"column":23}},"loc":{"start":{"line":43,"column":42},"end":{"line":54,"column":1}},"line":43},"5":{"name":"(anonymous_5)","decl":{"start":{"line":56,"column":22},"end":{"line":56,"column":23}},"loc":{"start":{"line":56,"column":42},"end":{"line":64,"column":1}},"line":56},"6":{"name":"(anonymous_6)","decl":{"start":{"line":66,"column":22},"end":{"line":66,"column":23}},"loc":{"start":{"line":66,"column":42},"end":{"line":74,"column":1}},"line":66}},"branchMap":{},"s":{"0":1,"1":1,"2":0,"3":0,"4":0,"5":0,"6":0,"7":1,"8":0,"9":0,"10":0,"11":0,"12":0,"13":1,"14":0,"15":0,"16":0,"17":0,"18":0,"19":1,"20":0,"21":0,"22":0,"23":0,"24":0,"25":1,"26":0,"27":0,"28":0,"29":0,"30":0,"31":1,"32":0,"33":0,"34":0,"35":0,"36":0,"37":1,"38":0,"39":0,"40":0,"41":0,"42":0},"f":{"0":0,"1":0,"2":0,"3":0,"4":0,"5":0,"6":0},"b":{},"_coverageSchema":"1a1c01bbd47fc00a2c39e90264f33305004495a9","hash":"533b07ecf05dd16ebaa5636d36f3d5b6651a8d13"}
,"C:\\Users\\YangRafi\\Desktop\\Inżynierka\\MeTun\\metunback\\controllers\\groupMemberController.js": {"path":"C:\\Users\\YangRafi\\Desktop\\Inżynierka\\MeTun\\metunback\\controllers\\groupMemberController.js","statementMap":{"0":{"start":{"line":1,"column":27},"end":{"line":1,"column":68}},"1":{"start":{"line":3,"column":0},"end":{"line":11,"column":2}},"2":{"start":{"line":4,"column":2},"end":{"line":10,"column":3}},"3":{"start":{"line":5,"column":20},"end":{"line":5,"column":82}},"4":{"start":{"line":6,"column":4},"end":{"line":6,"column":22}},"5":{"start":{"line":8,"column":4},"end":{"line":8,"column":58}},"6":{"start":{"line":9,"column":4},"end":{"line":9,"column":49}},"7":{"start":{"line":13,"column":0},"end":{"line":21,"column":2}},"8":{"start":{"line":14,"column":2},"end":{"line":20,"column":3}},"9":{"start":{"line":15,"column":22},"end":{"line":15,"column":86}},"10":{"start":{"line":16,"column":4},"end":{"line":16,"column":36}},"11":{"start":{"line":18,"column":4},"end":{"line":18,"column":49}},"12":{"start":{"line":19,"column":4},"end":{"line":19,"column":49}},"13":{"start":{"line":23,"column":0},"end":{"line":38,"column":2}},"14":{"start":{"line":24,"column":2},"end":{"line":37,"column":3}},"15":{"start":{"line":26,"column":32},"end":{"line":26,"column":42}},"16":{"start":{"line":27,"column":21},"end":{"line":27,"column":29}},"17":{"start":{"line":29,"column":4},"end":{"line":31,"column":5}},"18":{"start":{"line":30,"column":6},"end":{"line":30,"column":61}},"19":{"start":{"line":32,"column":20},"end":{"line":32,"column":111}},"20":{"start":{"line":33,"column":4},"end":{"line":33,"column":22}},"21":{"start":{"line":35,"column":4},"end":{"line":35,"column":51}},"22":{"start":{"line":36,"column":4},"end":{"line":36,"column":49}},"23":{"start":{"line":40,"column":0},"end":{"line":48,"column":2}},"24":{"start":{"line":41,"column":2},"end":{"line":47,"column":3}},"25":{"start":{"line":42,"column":4},"end":{"line":42,"column":81}},"26":{"start":{"line":43,"column":4},"end":{"line":43,"column":57}},"27":{"start":{"line":45,"column":4},"end":{"line":45,"column":51}},"28":{"start":{"line":46,"column":4},"end":{"line":46,"column":49}},"29":{"start":{"line":50,"column":0},"end":{"line":58,"column":2}},"30":{"start":{"line":51,"column":2},"end":{"line":57,"column":3}},"31":{"start":{"line":52,"column":4},"end":{"line":52,"column":77}},"32":{"start":{"line":53,"column":4},"end":{"line":53,"column":56}},"33":{"start":{"line":55,"column":4},"end":{"line":55,"column":49}},"34":{"start":{"line":56,"column":4},"end":{"line":56,"column":49}}},"fnMap":{"0":{"name":"(anonymous_0)","decl":{"start":{"line":3,"column":28},"end":{"line":3,"column":29}},"loc":{"start":{"line":3,"column":48},"end":{"line":11,"column":1}},"line":3},"1":{"name":"(anonymous_1)","decl":{"start":{"line":13,"column":20},"end":{"line":13,"column":21}},"loc":{"start":{"line":13,"column":40},"end":{"line":21,"column":1}},"line":13},"2":{"name":"(anonymous_2)","decl":{"start":{"line":23,"column":23},"end":{"line":23,"column":24}},"loc":{"start":{"line":23,"column":43},"end":{"line":38,"column":1}},"line":23},"3":{"name":"(anonymous_3)","decl":{"start":{"line":40,"column":23},"end":{"line":40,"column":24}},"loc":{"start":{"line":40,"column":43},"end":{"line":48,"column":1}},"line":40},"4":{"name":"(anonymous_4)","decl":{"start":{"line":50,"column":21},"end":{"line":50,"column":22}},"loc":{"start":{"line":50,"column":41},"end":{"line":58,"column":1}},"line":50}},"branchMap":{"0":{"loc":{"start":{"line":29,"column":4},"end":{"line":31,"column":5}},"type":"if","locations":[{"start":{"line":29,"column":4},"end":{"line":31,"column":5}},{"start":{},"end":{}}],"line":29}},"s":{"0":1,"1":1,"2":0,"3":0,"4":0,"5":0,"6":0,"7":1,"8":0,"9":0,"10":0,"11":0,"12":0,"13":1,"14":0,"15":0,"16":0,"17":0,"18":0,"19":0,"20":0,"21":0,"22":0,"23":1,"24":0,"25":0,"26":0,"27":0,"28":0,"29":1,"30":0,"31":0,"32":0,"33":0,"34":0},"f":{"0":0,"1":0,"2":0,"3":0,"4":0},"b":{"0":[0,0]},"_coverageSchema":"1a1c01bbd47fc00a2c39e90264f33305004495a9","hash":"6db2bb9f8cd5549dae402e572fbb4775eb813921"}
,"C:\\Users\\YangRafi\\Desktop\\Inżynierka\\MeTun\\metunback\\controllers\\groupRequestController.js": {"path":"C:\\Users\\YangRafi\\Desktop\\Inżynierka\\MeTun\\metunback\\controllers\\groupRequestController.js","statementMap":{"0":{"start":{"line":1,"column":28},"end":{"line":1,"column":70}},"1":{"start":{"line":3,"column":0},"end":{"line":10,"column":2}},"2":{"start":{"line":4,"column":2},"end":{"line":9,"column":3}},"3":{"start":{"line":5,"column":21},"end":{"line":5,"column":63}},"4":{"start":{"line":6,"column":4},"end":{"line":6,"column":27}},"5":{"start":{"line":8,"column":4},"end":{"line":8,"column":49}},"6":{"start":{"line":11,"column":0},"end":{"line":18,"column":2}},"7":{"start":{"line":12,"column":2},"end":{"line":17,"column":3}},"8":{"start":{"line":13,"column":19},"end":{"line":13,"column":91}},"9":{"start":{"line":14,"column":4},"end":{"line":14,"column":21}},"10":{"start":{"line":16,"column":4},"end":{"line":16,"column":49}},"11":{"start":{"line":20,"column":0},"end":{"line":27,"column":2}},"12":{"start":{"line":21,"column":2},"end":{"line":26,"column":3}},"13":{"start":{"line":22,"column":19},"end":{"line":22,"column":107}},"14":{"start":{"line":23,"column":4},"end":{"line":23,"column":21}},"15":{"start":{"line":25,"column":4},"end":{"line":25,"column":49}},"16":{"start":{"line":29,"column":0},"end":{"line":36,"column":2}},"17":{"start":{"line":30,"column":2},"end":{"line":35,"column":3}},"18":{"start":{"line":31,"column":21},"end":{"line":31,"column":79}},"19":{"start":{"line":32,"column":4},"end":{"line":32,"column":27}},"20":{"start":{"line":34,"column":4},"end":{"line":34,"column":49}},"21":{"start":{"line":38,"column":0},"end":{"line":45,"column":2}},"22":{"start":{"line":39,"column":2},"end":{"line":44,"column":3}},"23":{"start":{"line":40,"column":20},"end":{"line":40,"column":81}},"24":{"start":{"line":41,"column":4},"end":{"line":41,"column":26}},"25":{"start":{"line":43,"column":4},"end":{"line":43,"column":49}},"26":{"start":{"line":47,"column":0},"end":{"line":54,"column":2}},"27":{"start":{"line":48,"column":2},"end":{"line":53,"column":3}},"28":{"start":{"line":49,"column":4},"end":{"line":49,"column":84}},"29":{"start":{"line":50,"column":4},"end":{"line":50,"column":32}},"30":{"start":{"line":52,"column":4},"end":{"line":52,"column":49}},"31":{"start":{"line":56,"column":0},"end":{"line":63,"column":2}},"32":{"start":{"line":57,"column":2},"end":{"line":62,"column":3}},"33":{"start":{"line":58,"column":21},"end":{"line":58,"column":89}},"34":{"start":{"line":59,"column":4},"end":{"line":59,"column":27}},"35":{"start":{"line":61,"column":4},"end":{"line":61,"column":49}},"36":{"start":{"line":65,"column":0},"end":{"line":72,"column":2}},"37":{"start":{"line":66,"column":2},"end":{"line":71,"column":3}},"38":{"start":{"line":67,"column":4},"end":{"line":67,"column":65}},"39":{"start":{"line":68,"column":4},"end":{"line":68,"column":32}},"40":{"start":{"line":70,"column":4},"end":{"line":70,"column":49}},"41":{"start":{"line":74,"column":0},"end":{"line":82,"column":2}},"42":{"start":{"line":75,"column":2},"end":{"line":81,"column":3}},"43":{"start":{"line":76,"column":20},"end":{"line":76,"column":45}},"44":{"start":{"line":77,"column":4},"end":{"line":77,"column":92}},"45":{"start":{"line":78,"column":4},"end":{"line":78,"column":32}},"46":{"start":{"line":80,"column":4},"end":{"line":80,"column":49}}},"fnMap":{"0":{"name":"(anonymous_0)","decl":{"start":{"line":3,"column":25},"end":{"line":3,"column":26}},"loc":{"start":{"line":3,"column":45},"end":{"line":10,"column":1}},"line":3},"1":{"name":"(anonymous_1)","decl":{"start":{"line":11,"column":22},"end":{"line":11,"column":23}},"loc":{"start":{"line":11,"column":42},"end":{"line":18,"column":1}},"line":11},"2":{"name":"(anonymous_2)","decl":{"start":{"line":20,"column":21},"end":{"line":20,"column":22}},"loc":{"start":{"line":20,"column":41},"end":{"line":27,"column":1}},"line":20},"3":{"name":"(anonymous_3)","decl":{"start":{"line":29,"column":26},"end":{"line":29,"column":27}},"loc":{"start":{"line":29,"column":46},"end":{"line":36,"column":1}},"line":29},"4":{"name":"(anonymous_4)","decl":{"start":{"line":38,"column":26},"end":{"line":38,"column":27}},"loc":{"start":{"line":38,"column":46},"end":{"line":45,"column":1}},"line":38},"5":{"name":"(anonymous_5)","decl":{"start":{"line":47,"column":27},"end":{"line":47,"column":28}},"loc":{"start":{"line":47,"column":47},"end":{"line":54,"column":1}},"line":47},"6":{"name":"(anonymous_6)","decl":{"start":{"line":56,"column":36},"end":{"line":56,"column":37}},"loc":{"start":{"line":56,"column":56},"end":{"line":63,"column":1}},"line":56},"7":{"name":"(anonymous_7)","decl":{"start":{"line":65,"column":23},"end":{"line":65,"column":24}},"loc":{"start":{"line":65,"column":43},"end":{"line":72,"column":1}},"line":65},"8":{"name":"(anonymous_8)","decl":{"start":{"line":74,"column":24},"end":{"line":74,"column":25}},"loc":{"start":{"line":74,"column":44},"end":{"line":82,"column":1}},"line":74}},"branchMap":{},"s":{"0":1,"1":1,"2":0,"3":0,"4":0,"5":0,"6":1,"7":0,"8":0,"9":0,"10":0,"11":1,"12":0,"13":0,"14":0,"15":0,"16":1,"17":0,"18":0,"19":0,"20":0,"21":1,"22":0,"23":0,"24":0,"25":0,"26":1,"27":0,"28":0,"29":0,"30":0,"31":1,"32":0,"33":0,"34":0,"35":0,"36":1,"37":0,"38":0,"39":0,"40":0,"41":1,"42":0,"43":0,"44":0,"45":0,"46":0},"f":{"0":0,"1":0,"2":0,"3":0,"4":0,"5":0,"6":0,"7":0,"8":0},"b":{},"_coverageSchema":"1a1c01bbd47fc00a2c39e90264f33305004495a9","hash":"c91d4b81c03a1ff944da727407d29b254d01c070"}
,"C:\\Users\\YangRafi\\Desktop\\Inżynierka\\MeTun\\metunback\\controllers\\matchController.js": {"path":"C:\\Users\\YangRafi\\Desktop\\Inżynierka\\MeTun\\metunback\\controllers\\matchController.js","statementMap":{"0":{"start":{"line":1,"column":21},"end":{"line":1,"column":56}},"1":{"start":{"line":3,"column":0},"end":{"line":11,"column":2}},"2":{"start":{"line":4,"column":2},"end":{"line":10,"column":3}},"3":{"start":{"line":5,"column":20},"end":{"line":5,"column":86}},"4":{"start":{"line":6,"column":4},"end":{"line":6,"column":22}},"5":{"start":{"line":8,"column":4},"end":{"line":8,"column":23}},"6":{"start":{"line":9,"column":4},"end":{"line":9,"column":74}},"7":{"start":{"line":13,"column":0},"end":{"line":22,"column":2}},"8":{"start":{"line":14,"column":2},"end":{"line":21,"column":3}},"9":{"start":{"line":15,"column":42},"end":{"line":15,"column":50}},"10":{"start":{"line":16,"column":19},"end":{"line":16,"column":82}},"11":{"start":{"line":17,"column":4},"end":{"line":17,"column":43}},"12":{"start":{"line":19,"column":4},"end":{"line":19,"column":23}},"13":{"start":{"line":20,"column":4},"end":{"line":20,"column":74}},"14":{"start":{"line":24,"column":0},"end":{"line":34,"column":2}},"15":{"start":{"line":25,"column":2},"end":{"line":33,"column":3}},"16":{"start":{"line":26,"column":20},"end":{"line":26,"column":43}},"17":{"start":{"line":27,"column":19},"end":{"line":27,"column":34}},"18":{"start":{"line":28,"column":19},"end":{"line":28,"column":65}},"19":{"start":{"line":29,"column":4},"end":{"line":29,"column":43}},"20":{"start":{"line":31,"column":4},"end":{"line":31,"column":23}},"21":{"start":{"line":32,"column":4},"end":{"line":32,"column":81}}},"fnMap":{"0":{"name":"(anonymous_0)","decl":{"start":{"line":3,"column":30},"end":{"line":3,"column":31}},"loc":{"start":{"line":3,"column":50},"end":{"line":11,"column":1}},"line":3},"1":{"name":"(anonymous_1)","decl":{"start":{"line":13,"column":19},"end":{"line":13,"column":20}},"loc":{"start":{"line":13,"column":39},"end":{"line":22,"column":1}},"line":13},"2":{"name":"(anonymous_2)","decl":{"start":{"line":24,"column":21},"end":{"line":24,"column":22}},"loc":{"start":{"line":24,"column":41},"end":{"line":34,"column":1}},"line":24}},"branchMap":{"0":{"loc":{"start":{"line":32,"column":15},"end":{"line":32,"column":32}},"type":"binary-expr","locations":[{"start":{"line":32,"column":15},"end":{"line":32,"column":25}},{"start":{"line":32,"column":29},"end":{"line":32,"column":32}}],"line":32},"1":{"loc":{"start":{"line":32,"column":48},"end":{"line":32,"column":77}},"type":"binary-expr","locations":[{"start":{"line":32,"column":48},"end":{"line":32,"column":59}},{"start":{"line":32,"column":63},"end":{"line":32,"column":77}}],"line":32}},"s":{"0":1,"1":1,"2":0,"3":0,"4":0,"5":0,"6":0,"7":1,"8":0,"9":0,"10":0,"11":0,"12":0,"13":0,"14":1,"15":0,"16":0,"17":0,"18":0,"19":0,"20":0,"21":0},"f":{"0":0,"1":0,"2":0},"b":{"0":[0,0],"1":[0,0]},"_coverageSchema":"1a1c01bbd47fc00a2c39e90264f33305004495a9","hash":"f0306f6bc163e7444daa09c1b6cd692c4d6cc0ba"}
,"C:\\Users\\YangRafi\\Desktop\\Inżynierka\\MeTun\\metunback\\controllers\\profileController.js": {"path":"C:\\Users\\YangRafi\\Desktop\\Inżynierka\\MeTun\\metunback\\controllers\\profileController.js","statementMap":{"0":{"start":{"line":1,"column":23},"end":{"line":1,"column":60}},"1":{"start":{"line":3,"column":0},"end":{"line":11,"column":2}},"2":{"start":{"line":4,"column":2},"end":{"line":10,"column":3}},"3":{"start":{"line":5,"column":21},"end":{"line":5,"column":58}},"4":{"start":{"line":6,"column":4},"end":{"line":6,"column":23}},"5":{"start":{"line":8,"column":4},"end":{"line":8,"column":23}},"6":{"start":{"line":9,"column":4},"end":{"line":9,"column":52}},"7":{"start":{"line":13,"column":0},"end":{"line":22,"column":2}},"8":{"start":{"line":14,"column":2},"end":{"line":21,"column":3}},"9":{"start":{"line":15,"column":19},"end":{"line":15,"column":34}},"10":{"start":{"line":16,"column":23},"end":{"line":16,"column":68}},"11":{"start":{"line":17,"column":4},"end":{"line":17,"column":29}},"12":{"start":{"line":19,"column":4},"end":{"line":19,"column":23}},"13":{"start":{"line":20,"column":4},"end":{"line":20,"column":52}},"14":{"start":{"line":24,"column":0},"end":{"line":33,"column":2}},"15":{"start":{"line":25,"column":2},"end":{"line":32,"column":3}},"16":{"start":{"line":26,"column":20},"end":{"line":26,"column":70}},"17":{"start":{"line":27,"column":4},"end":{"line":27,"column":78}},"18":{"start":{"line":27,"column":18},"end":{"line":27,"column":78}},"19":{"start":{"line":28,"column":4},"end":{"line":28,"column":22}},"20":{"start":{"line":30,"column":4},"end":{"line":30,"column":23}},"21":{"start":{"line":31,"column":4},"end":{"line":31,"column":52}},"22":{"start":{"line":35,"column":0},"end":{"line":44,"column":2}},"23":{"start":{"line":36,"column":2},"end":{"line":43,"column":3}},"24":{"start":{"line":37,"column":20},"end":{"line":37,"column":79}},"25":{"start":{"line":38,"column":4},"end":{"line":38,"column":78}},"26":{"start":{"line":38,"column":18},"end":{"line":38,"column":78}},"27":{"start":{"line":39,"column":4},"end":{"line":39,"column":22}},"28":{"start":{"line":41,"column":4},"end":{"line":41,"column":23}},"29":{"start":{"line":42,"column":4},"end":{"line":42,"column":52}},"30":{"start":{"line":46,"column":0},"end":{"line":55,"column":2}},"31":{"start":{"line":47,"column":2},"end":{"line":54,"column":3}},"32":{"start":{"line":48,"column":17},"end":{"line":48,"column":55}},"33":{"start":{"line":49,"column":20},"end":{"line":49,"column":80}},"34":{"start":{"line":50,"column":4},"end":{"line":50,"column":34}},"35":{"start":{"line":52,"column":4},"end":{"line":52,"column":23}},"36":{"start":{"line":53,"column":4},"end":{"line":53,"column":81}},"37":{"start":{"line":57,"column":0},"end":{"line":66,"column":2}},"38":{"start":{"line":58,"column":2},"end":{"line":65,"column":3}},"39":{"start":{"line":59,"column":17},"end":{"line":59,"column":55}},"40":{"start":{"line":60,"column":20},"end":{"line":60,"column":95}},"41":{"start":{"line":61,"column":4},"end":{"line":61,"column":22}},"42":{"start":{"line":63,"column":4},"end":{"line":63,"column":23}},"43":{"start":{"line":64,"column":4},"end":{"line":64,"column":81}},"44":{"start":{"line":68,"column":0},"end":{"line":76,"column":2}},"45":{"start":{"line":69,"column":2},"end":{"line":75,"column":3}},"46":{"start":{"line":70,"column":4},"end":{"line":70,"column":54}},"47":{"start":{"line":71,"column":4},"end":{"line":71,"column":45}},"48":{"start":{"line":73,"column":4},"end":{"line":73,"column":23}},"49":{"start":{"line":74,"column":4},"end":{"line":74,"column":81}}},"fnMap":{"0":{"name":"(anonymous_0)","decl":{"start":{"line":3,"column":25},"end":{"line":3,"column":26}},"loc":{"start":{"line":3,"column":45},"end":{"line":11,"column":1}},"line":3},"1":{"name":"(anonymous_1)","decl":{"start":{"line":13,"column":27},"end":{"line":13,"column":28}},"loc":{"start":{"line":13,"column":47},"end":{"line":22,"column":1}},"line":13},"2":{"name":"(anonymous_2)","decl":{"start":{"line":24,"column":25},"end":{"line":24,"column":26}},"loc":{"start":{"line":24,"column":45},"end":{"line":33,"column":1}},"line":24},"3":{"name":"(anonymous_3)","decl":{"start":{"line":35,"column":29},"end":{"line":35,"column":30}},"loc":{"start":{"line":35,"column":49},"end":{"line":44,"column":1}},"line":35},"4":{"name":"(anonymous_4)","decl":{"start":{"line":46,"column":24},"end":{"line":46,"column":25}},"loc":{"start":{"line":46,"column":44},"end":{"line":55,"column":1}},"line":46},"5":{"name":"(anonymous_5)","decl":{"start":{"line":57,"column":24},"end":{"line":57,"column":25}},"loc":{"start":{"line":57,"column":44},"end":{"line":66,"column":1}},"line":57},"6":{"name":"(anonymous_6)","decl":{"start":{"line":68,"column":24},"end":{"line":68,"column":25}},"loc":{"start":{"line":68,"column":44},"end":{"line":76,"column":1}},"line":68}},"branchMap":{"0":{"loc":{"start":{"line":27,"column":4},"end":{"line":27,"column":78}},"type":"if","locations":[{"start":{"line":27,"column":4},"end":{"line":27,"column":78}},{"start":{},"end":{}}],"line":27},"1":{"loc":{"start":{"line":38,"column":4},"end":{"line":38,"column":78}},"type":"if","locations":[{"start":{"line":38,"column":4},"end":{"line":38,"column":78}},{"start":{},"end":{}}],"line":38},"2":{"loc":{"start":{"line":53,"column":15},"end":{"line":53,"column":32}},"type":"binary-expr","locations":[{"start":{"line":53,"column":15},"end":{"line":53,"column":25}},{"start":{"line":53,"column":29},"end":{"line":53,"column":32}}],"line":53},"3":{"loc":{"start":{"line":53,"column":48},"end":{"line":53,"column":77}},"type":"binary-expr","locations":[{"start":{"line":53,"column":48},"end":{"line":53,"column":59}},{"start":{"line":53,"column":63},"end":{"line":53,"column":77}}],"line":53},"4":{"loc":{"start":{"line":64,"column":15},"end":{"line":64,"column":32}},"type":"binary-expr","locations":[{"start":{"line":64,"column":15},"end":{"line":64,"column":25}},{"start":{"line":64,"column":29},"end":{"line":64,"column":32}}],"line":64},"5":{"loc":{"start":{"line":64,"column":48},"end":{"line":64,"column":77}},"type":"binary-expr","locations":[{"start":{"line":64,"column":48},"end":{"line":64,"column":59}},{"start":{"line":64,"column":63},"end":{"line":64,"column":77}}],"line":64},"6":{"loc":{"start":{"line":74,"column":15},"end":{"line":74,"column":32}},"type":"binary-expr","locations":[{"start":{"line":74,"column":15},"end":{"line":74,"column":25}},{"start":{"line":74,"column":29},"end":{"line":74,"column":32}}],"line":74},"7":{"loc":{"start":{"line":74,"column":48},"end":{"line":74,"column":77}},"type":"binary-expr","locations":[{"start":{"line":74,"column":48},"end":{"line":74,"column":59}},{"start":{"line":74,"column":63},"end":{"line":74,"column":77}}],"line":74}},"s":{"0":1,"1":1,"2":0,"3":0,"4":0,"5":0,"6":0,"7":1,"8":0,"9":0,"10":0,"11":0,"12":0,"13":0,"14":1,"15":0,"16":0,"17":0,"18":0,"19":0,"20":0,"21":0,"22":1,"23":0,"24":0,"25":0,"26":0,"27":0,"28":0,"29":0,"30":1,"31":0,"32":0,"33":0,"34":0,"35":0,"36":0,"37":1,"38":0,"39":0,"40":0,"41":0,"42":0,"43":0,"44":1,"45":0,"46":0,"47":0,"48":0,"49":0},"f":{"0":0,"1":0,"2":0,"3":0,"4":0,"5":0,"6":0},"b":{"0":[0,0],"1":[0,0],"2":[0,0],"3":[0,0],"4":[0,0],"5":[0,0],"6":[0,0],"7":[0,0]},"_coverageSchema":"1a1c01bbd47fc00a2c39e90264f33305004495a9","hash":"1a5bba0196c29dcf728b3d670f59802ed2c3762d"}
,"C:\\Users\\YangRafi\\Desktop\\Inżynierka\\MeTun\\metunback\\controllers\\reportController.js": {"path":"C:\\Users\\YangRafi\\Desktop\\Inżynierka\\MeTun\\metunback\\controllers\\reportController.js","statementMap":{"0":{"start":{"line":1,"column":22},"end":{"line":1,"column":58}},"1":{"start":{"line":3,"column":0},"end":{"line":19,"column":2}},"2":{"start":{"line":4,"column":2},"end":{"line":18,"column":3}},"3":{"start":{"line":5,"column":21},"end":{"line":5,"column":36}},"4":{"start":{"line":6,"column":49},"end":{"line":6,"column":57}},"5":{"start":{"line":8,"column":4},"end":{"line":10,"column":5}},"6":{"start":{"line":9,"column":6},"end":{"line":9,"column":86}},"7":{"start":{"line":12,"column":19},"end":{"line":12,"column":99}},"8":{"start":{"line":14,"column":4},"end":{"line":14,"column":72}},"9":{"start":{"line":16,"column":4},"end":{"line":16,"column":49}},"10":{"start":{"line":17,"column":4},"end":{"line":17,"column":53}},"11":{"start":{"line":21,"column":0},"end":{"line":36,"column":2}},"12":{"start":{"line":22,"column":2},"end":{"line":35,"column":3}},"13":{"start":{"line":23,"column":20},"end":{"line":23,"column":55}},"14":{"start":{"line":25,"column":20},"end":{"line":29,"column":5}},"15":{"start":{"line":26,"column":35},"end":{"line":26,"column":57}},"16":{"start":{"line":27,"column":36},"end":{"line":27,"column":59}},"17":{"start":{"line":28,"column":34},"end":{"line":28,"column":55}},"18":{"start":{"line":31,"column":4},"end":{"line":31,"column":22}},"19":{"start":{"line":33,"column":4},"end":{"line":33,"column":52}},"20":{"start":{"line":34,"column":4},"end":{"line":34,"column":53}},"21":{"start":{"line":37,"column":0},"end":{"line":49,"column":2}},"22":{"start":{"line":38,"column":2},"end":{"line":48,"column":3}},"23":{"start":{"line":39,"column":19},"end":{"line":39,"column":29}},"24":{"start":{"line":40,"column":33},"end":{"line":40,"column":41}},"25":{"start":{"line":42,"column":26},"end":{"line":42,"column":84}},"26":{"start":{"line":44,"column":4},"end":{"line":44,"column":75}},"27":{"start":{"line":46,"column":4},"end":{"line":46,"column":49}},"28":{"start":{"line":47,"column":4},"end":{"line":47,"column":53}}},"fnMap":{"0":{"name":"(anonymous_0)","decl":{"start":{"line":3,"column":23},"end":{"line":3,"column":24}},"loc":{"start":{"line":3,"column":43},"end":{"line":19,"column":1}},"line":3},"1":{"name":"(anonymous_1)","decl":{"start":{"line":21,"column":21},"end":{"line":21,"column":22}},"loc":{"start":{"line":21,"column":41},"end":{"line":36,"column":1}},"line":21},"2":{"name":"(anonymous_2)","decl":{"start":{"line":26,"column":30},"end":{"line":26,"column":31}},"loc":{"start":{"line":26,"column":35},"end":{"line":26,"column":57}},"line":26},"3":{"name":"(anonymous_3)","decl":{"start":{"line":27,"column":31},"end":{"line":27,"column":32}},"loc":{"start":{"line":27,"column":36},"end":{"line":27,"column":59}},"line":27},"4":{"name":"(anonymous_4)","decl":{"start":{"line":28,"column":29},"end":{"line":28,"column":30}},"loc":{"start":{"line":28,"column":34},"end":{"line":28,"column":55}},"line":28},"5":{"name":"(anonymous_5)","decl":{"start":{"line":37,"column":23},"end":{"line":37,"column":24}},"loc":{"start":{"line":37,"column":43},"end":{"line":49,"column":1}},"line":37}},"branchMap":{"0":{"loc":{"start":{"line":8,"column":4},"end":{"line":10,"column":5}},"type":"if","locations":[{"start":{"line":8,"column":4},"end":{"line":10,"column":5}},{"start":{},"end":{}}],"line":8},"1":{"loc":{"start":{"line":8,"column":8},"end":{"line":8,"column":28}},"type":"binary-expr","locations":[{"start":{"line":8,"column":8},"end":{"line":8,"column":16}},{"start":{"line":8,"column":20},"end":{"line":8,"column":28}}],"line":8}},"s":{"0":1,"1":1,"2":0,"3":0,"4":0,"5":0,"6":0,"7":0,"8":0,"9":0,"10":0,"11":1,"12":0,"13":0,"14":0,"15":0,"16":0,"17":0,"18":0,"19":0,"20":0,"21":1,"22":0,"23":0,"24":0,"25":0,"26":0,"27":0,"28":0},"f":{"0":0,"1":0,"2":0,"3":0,"4":0,"5":0},"b":{"0":[0,0],"1":[0,0]},"_coverageSchema":"1a1c01bbd47fc00a2c39e90264f33305004495a9","hash":"c224e73a78690ae8d6c9801133403b284179ae7d"}
,"C:\\Users\\YangRafi\\Desktop\\Inżynierka\\MeTun\\metunback\\controllers\\universityController.js": {"path":"C:\\Users\\YangRafi\\Desktop\\Inżynierka\\MeTun\\metunback\\controllers\\universityController.js","statementMap":{"0":{"start":{"line":1,"column":26},"end":{"line":1,"column":66}},"1":{"start":{"line":3,"column":0},"end":{"line":12,"column":2}},"2":{"start":{"line":4,"column":2},"end":{"line":11,"column":3}},"3":{"start":{"line":5,"column":22},"end":{"line":5,"column":31}},"4":{"start":{"line":6,"column":25},"end":{"line":6,"column":62}},"5":{"start":{"line":7,"column":4},"end":{"line":7,"column":27}},"6":{"start":{"line":9,"column":4},"end":{"line":9,"column":57}},"7":{"start":{"line":10,"column":4},"end":{"line":10,"column":52}},"8":{"start":{"line":14,"column":0},"end":{"line":23,"column":2}},"9":{"start":{"line":15,"column":2},"end":{"line":22,"column":3}},"10":{"start":{"line":16,"column":16},"end":{"line":16,"column":62}},"11":{"start":{"line":17,"column":4},"end":{"line":17,"column":77}},"12":{"start":{"line":17,"column":14},"end":{"line":17,"column":77}},"13":{"start":{"line":18,"column":4},"end":{"line":18,"column":18}},"14":{"start":{"line":20,"column":4},"end":{"line":20,"column":23}},"15":{"start":{"line":21,"column":4},"end":{"line":21,"column":52}},"16":{"start":{"line":25,"column":0},"end":{"line":33,"column":2}},"17":{"start":{"line":26,"column":2},"end":{"line":32,"column":3}},"18":{"start":{"line":27,"column":16},"end":{"line":27,"column":56}},"19":{"start":{"line":28,"column":4},"end":{"line":28,"column":30}},"20":{"start":{"line":30,"column":4},"end":{"line":30,"column":23}},"21":{"start":{"line":31,"column":4},"end":{"line":31,"column":52}},"22":{"start":{"line":35,"column":0},"end":{"line":44,"column":2}},"23":{"start":{"line":36,"column":2},"end":{"line":43,"column":3}},"24":{"start":{"line":37,"column":16},"end":{"line":37,"column":71}},"25":{"start":{"line":38,"column":4},"end":{"line":38,"column":77}},"26":{"start":{"line":38,"column":14},"end":{"line":38,"column":77}},"27":{"start":{"line":39,"column":4},"end":{"line":39,"column":18}},"28":{"start":{"line":41,"column":4},"end":{"line":41,"column":23}},"29":{"start":{"line":42,"column":4},"end":{"line":42,"column":52}},"30":{"start":{"line":46,"column":0},"end":{"line":55,"column":2}},"31":{"start":{"line":47,"column":2},"end":{"line":54,"column":3}},"32":{"start":{"line":48,"column":15},"end":{"line":48,"column":60}},"33":{"start":{"line":49,"column":4},"end":{"line":49,"column":76}},"34":{"start":{"line":49,"column":13},"end":{"line":49,"column":76}},"35":{"start":{"line":50,"column":4},"end":{"line":50,"column":48}},"36":{"start":{"line":52,"column":4},"end":{"line":52,"column":23}},"37":{"start":{"line":53,"column":4},"end":{"line":53,"column":52}}},"fnMap":{"0":{"name":"(anonymous_0)","decl":{"start":{"line":3,"column":29},"end":{"line":3,"column":30}},"loc":{"start":{"line":3,"column":49},"end":{"line":12,"column":1}},"line":3},"1":{"name":"(anonymous_1)","decl":{"start":{"line":14,"column":28},"end":{"line":14,"column":29}},"loc":{"start":{"line":14,"column":48},"end":{"line":23,"column":1}},"line":14},"2":{"name":"(anonymous_2)","decl":{"start":{"line":25,"column":27},"end":{"line":25,"column":28}},"loc":{"start":{"line":25,"column":47},"end":{"line":33,"column":1}},"line":25},"3":{"name":"(anonymous_3)","decl":{"start":{"line":35,"column":27},"end":{"line":35,"column":28}},"loc":{"start":{"line":35,"column":47},"end":{"line":44,"column":1}},"line":35},"4":{"name":"(anonymous_4)","decl":{"start":{"line":46,"column":27},"end":{"line":46,"column":28}},"loc":{"start":{"line":46,"column":47},"end":{"line":55,"column":1}},"line":46}},"branchMap":{"0":{"loc":{"start":{"line":17,"column":4},"end":{"line":17,"column":77}},"type":"if","locations":[{"start":{"line":17,"column":4},"end":{"line":17,"column":77}},{"start":{},"end":{}}],"line":17},"1":{"loc":{"start":{"line":38,"column":4},"end":{"line":38,"column":77}},"type":"if","locations":[{"start":{"line":38,"column":4},"end":{"line":38,"column":77}},{"start":{},"end":{}}],"line":38},"2":{"loc":{"start":{"line":49,"column":4},"end":{"line":49,"column":76}},"type":"if","locations":[{"start":{"line":49,"column":4},"end":{"line":49,"column":76}},{"start":{},"end":{}}],"line":49}},"s":{"0":1,"1":1,"2":0,"3":0,"4":0,"5":0,"6":0,"7":0,"8":1,"9":0,"10":0,"11":0,"12":0,"13":0,"14":0,"15":0,"16":1,"17":0,"18":0,"19":0,"20":0,"21":0,"22":1,"23":0,"24":0,"25":0,"26":0,"27":0,"28":0,"29":0,"30":1,"31":0,"32":0,"33":0,"34":0,"35":0,"36":0,"37":0},"f":{"0":0,"1":0,"2":0,"3":0,"4":0},"b":{"0":[0,0],"1":[0,0],"2":[0,0]},"_coverageSchema":"1a1c01bbd47fc00a2c39e90264f33305004495a9","hash":"ced658bb72c24f729eed60585d94518746a8bf09"}
,"C:\\Users\\YangRafi\\Desktop\\Inżynierka\\MeTun\\metunback\\controllers\\userController.js": {"path":"C:\\Users\\YangRafi\\Desktop\\Inżynierka\\MeTun\\metunback\\controllers\\userController.js","statementMap":{"0":{"start":{"line":1,"column":20},"end":{"line":1,"column":54}},"1":{"start":{"line":3,"column":0},"end":{"line":7,"column":2}},"2":{"start":{"line":4,"column":2},"end":{"line":6,"column":61}},"3":{"start":{"line":5,"column":4},"end":{"line":5,"column":46}},"4":{"start":{"line":6,"column":16},"end":{"line":6,"column":59}},"5":{"start":{"line":9,"column":0},"end":{"line":17,"column":2}},"6":{"start":{"line":10,"column":2},"end":{"line":16,"column":3}},"7":{"start":{"line":11,"column":17},"end":{"line":11,"column":61}},"8":{"start":{"line":12,"column":4},"end":{"line":12,"column":72}},"9":{"start":{"line":12,"column":15},"end":{"line":12,"column":72}},"10":{"start":{"line":13,"column":4},"end":{"line":13,"column":19}},"11":{"start":{"line":15,"column":4},"end":{"line":15,"column":47}},"12":{"start":{"line":19,"column":0},"end":{"line":26,"column":2}},"13":{"start":{"line":20,"column":2},"end":{"line":25,"column":3}},"14":{"start":{"line":21,"column":17},"end":{"line":21,"column":55}},"15":{"start":{"line":22,"column":4},"end":{"line":22,"column":31}},"16":{"start":{"line":24,"column":4},"end":{"line":24,"column":47}},"17":{"start":{"line":28,"column":0},"end":{"line":35,"column":2}},"18":{"start":{"line":29,"column":2},"end":{"line":34,"column":3}},"19":{"start":{"line":30,"column":4},"end":{"line":30,"column":100}},"20":{"start":{"line":31,"column":4},"end":{"line":31,"column":46}},"21":{"start":{"line":33,"column":4},"end":{"line":33,"column":47}},"22":{"start":{"line":37,"column":0},"end":{"line":43,"column":2}},"23":{"start":{"line":38,"column":2},"end":{"line":42,"column":3}},"24":{"start":{"line":39,"column":4},"end":{"line":39,"column":68}},"25":{"start":{"line":41,"column":4},"end":{"line":41,"column":47}},"26":{"start":{"line":45,"column":0},"end":{"line":52,"column":2}},"27":{"start":{"line":46,"column":2},"end":{"line":51,"column":3}},"28":{"start":{"line":47,"column":4},"end":{"line":47,"column":48}},"29":{"start":{"line":48,"column":4},"end":{"line":48,"column":42}},"30":{"start":{"line":50,"column":4},"end":{"line":50,"column":47}},"31":{"start":{"line":54,"column":0},"end":{"line":61,"column":2}},"32":{"start":{"line":55,"column":2},"end":{"line":60,"column":3}},"33":{"start":{"line":56,"column":4},"end":{"line":56,"column":48}},"34":{"start":{"line":57,"column":4},"end":{"line":57,"column":45}},"35":{"start":{"line":59,"column":4},"end":{"line":59,"column":47}},"36":{"start":{"line":63,"column":0},"end":{"line":69,"column":2}},"37":{"start":{"line":64,"column":2},"end":{"line":68,"column":3}},"38":{"start":{"line":65,"column":4},"end":{"line":65,"column":58}},"39":{"start":{"line":67,"column":4},"end":{"line":67,"column":47}},"40":{"start":{"line":71,"column":0},"end":{"line":78,"column":2}},"41":{"start":{"line":72,"column":2},"end":{"line":77,"column":3}},"42":{"start":{"line":73,"column":17},"end":{"line":73,"column":79}},"43":{"start":{"line":74,"column":4},"end":{"line":74,"column":49}},"44":{"start":{"line":76,"column":4},"end":{"line":76,"column":47}},"45":{"start":{"line":80,"column":0},"end":{"line":87,"column":2}},"46":{"start":{"line":81,"column":2},"end":{"line":86,"column":3}},"47":{"start":{"line":82,"column":4},"end":{"line":82,"column":67}},"48":{"start":{"line":83,"column":4},"end":{"line":83,"column":42}},"49":{"start":{"line":85,"column":4},"end":{"line":85,"column":47}},"50":{"start":{"line":89,"column":0},"end":{"line":96,"column":2}},"51":{"start":{"line":90,"column":2},"end":{"line":95,"column":3}},"52":{"start":{"line":91,"column":18},"end":{"line":91,"column":73}},"53":{"start":{"line":92,"column":4},"end":{"line":92,"column":70}},"54":{"start":{"line":94,"column":4},"end":{"line":94,"column":47}},"55":{"start":{"line":98,"column":0},"end":{"line":105,"column":2}},"56":{"start":{"line":99,"column":2},"end":{"line":104,"column":3}},"57":{"start":{"line":100,"column":4},"end":{"line":100,"column":47}},"58":{"start":{"line":101,"column":4},"end":{"line":101,"column":43}},"59":{"start":{"line":103,"column":4},"end":{"line":103,"column":47}}},"fnMap":{"0":{"name":"(anonymous_0)","decl":{"start":{"line":3,"column":22},"end":{"line":3,"column":23}},"loc":{"start":{"line":3,"column":42},"end":{"line":7,"column":1}},"line":3},"1":{"name":"(anonymous_1)","decl":{"start":{"line":9,"column":22},"end":{"line":9,"column":23}},"loc":{"start":{"line":9,"column":42},"end":{"line":17,"column":1}},"line":9},"2":{"name":"(anonymous_2)","decl":{"start":{"line":19,"column":21},"end":{"line":19,"column":22}},"loc":{"start":{"line":19,"column":41},"end":{"line":26,"column":1}},"line":19},"3":{"name":"(anonymous_3)","decl":{"start":{"line":28,"column":25},"end":{"line":28,"column":26}},"loc":{"start":{"line":28,"column":45},"end":{"line":35,"column":1}},"line":28},"4":{"name":"(anonymous_4)","decl":{"start":{"line":37,"column":21},"end":{"line":37,"column":22}},"loc":{"start":{"line":37,"column":41},"end":{"line":43,"column":1}},"line":37},"5":{"name":"(anonymous_5)","decl":{"start":{"line":45,"column":21},"end":{"line":45,"column":22}},"loc":{"start":{"line":45,"column":41},"end":{"line":52,"column":1}},"line":45},"6":{"name":"(anonymous_6)","decl":{"start":{"line":54,"column":19},"end":{"line":54,"column":20}},"loc":{"start":{"line":54,"column":39},"end":{"line":61,"column":1}},"line":54},"7":{"name":"(anonymous_7)","decl":{"start":{"line":63,"column":19},"end":{"line":63,"column":20}},"loc":{"start":{"line":63,"column":39},"end":{"line":69,"column":1}},"line":63},"8":{"name":"(anonymous_8)","decl":{"start":{"line":71,"column":22},"end":{"line":71,"column":23}},"loc":{"start":{"line":71,"column":42},"end":{"line":78,"column":1}},"line":71},"9":{"name":"(anonymous_9)","decl":{"start":{"line":80,"column":25},"end":{"line":80,"column":26}},"loc":{"start":{"line":80,"column":45},"end":{"line":87,"column":1}},"line":80},"10":{"name":"(anonymous_10)","decl":{"start":{"line":89,"column":18},"end":{"line":89,"column":19}},"loc":{"start":{"line":89,"column":38},"end":{"line":96,"column":1}},"line":89},"11":{"name":"(anonymous_11)","decl":{"start":{"line":98,"column":20},"end":{"line":98,"column":21}},"loc":{"start":{"line":98,"column":40},"end":{"line":105,"column":1}},"line":98}},"branchMap":{"0":{"loc":{"start":{"line":12,"column":4},"end":{"line":12,"column":72}},"type":"if","locations":[{"start":{"line":12,"column":4},"end":{"line":12,"column":72}},{"start":{},"end":{}}],"line":12}},"s":{"0":1,"1":1,"2":0,"3":0,"4":0,"5":1,"6":0,"7":0,"8":0,"9":0,"10":0,"11":0,"12":1,"13":0,"14":0,"15":0,"16":0,"17":1,"18":0,"19":0,"20":0,"21":0,"22":1,"23":0,"24":0,"25":0,"26":1,"27":0,"28":0,"29":0,"30":0,"31":1,"32":0,"33":0,"34":0,"35":0,"36":1,"37":0,"38":0,"39":0,"40":1,"41":0,"42":0,"43":0,"44":0,"45":1,"46":0,"47":0,"48":0,"49":0,"50":1,"51":0,"52":0,"53":0,"54":0,"55":1,"56":0,"57":0,"58":0,"59":0},"f":{"0":0,"1":0,"2":0,"3":0,"4":0,"5":0,"6":0,"7":0,"8":0,"9":0,"10":0,"11":0},"b":{"0":[0,0]},"_coverageSchema":"1a1c01bbd47fc00a2c39e90264f33305004495a9","hash":"d24577ab821c17df60bc0964457f270628960d4e"}
,"C:\\Users\\YangRafi\\Desktop\\Inżynierka\\MeTun\\metunback\\controllers\\userUniversityController.js": {"path":"C:\\Users\\YangRafi\\Desktop\\Inżynierka\\MeTun\\metunback\\controllers\\userUniversityController.js","statementMap":{"0":{"start":{"line":1,"column":30},"end":{"line":1,"column":74}},"1":{"start":{"line":2,"column":13},"end":{"line":2,"column":38}},"2":{"start":{"line":4,"column":0},"end":{"line":14,"column":2}},"3":{"start":{"line":5,"column":2},"end":{"line":13,"column":3}},"4":{"start":{"line":6,"column":19},"end":{"line":9,"column":5}},"5":{"start":{"line":10,"column":4},"end":{"line":10,"column":21}},"6":{"start":{"line":12,"column":4},"end":{"line":12,"column":65}},"7":{"start":{"line":16,"column":0},"end":{"line":34,"column":2}},"8":{"start":{"line":17,"column":2},"end":{"line":33,"column":3}},"9":{"start":{"line":18,"column":17},"end":{"line":18,"column":55}},"10":{"start":{"line":19,"column":24},"end":{"line":19,"column":90}},"11":{"start":{"line":21,"column":19},"end":{"line":25,"column":5}},"12":{"start":{"line":27,"column":4},"end":{"line":27,"column":33}},"13":{"start":{"line":29,"column":4},"end":{"line":30,"column":85}},"14":{"start":{"line":30,"column":6},"end":{"line":30,"column":85}},"15":{"start":{"line":32,"column":4},"end":{"line":32,"column":63}},"16":{"start":{"line":36,"column":0},"end":{"line":44,"column":2}},"17":{"start":{"line":37,"column":2},"end":{"line":43,"column":3}},"18":{"start":{"line":38,"column":17},"end":{"line":38,"column":53}},"19":{"start":{"line":39,"column":19},"end":{"line":39,"column":81}},"20":{"start":{"line":40,"column":4},"end":{"line":40,"column":62}},"21":{"start":{"line":42,"column":4},"end":{"line":42,"column":49}},"22":{"start":{"line":46,"column":0},"end":{"line":62,"column":2}},"23":{"start":{"line":47,"column":2},"end":{"line":61,"column":3}},"24":{"start":{"line":48,"column":4},"end":{"line":48,"column":73}},"25":{"start":{"line":48,"column":19},"end":{"line":48,"column":73}},"26":{"start":{"line":50,"column":17},"end":{"line":50,"column":55}},"27":{"start":{"line":51,"column":19},"end":{"line":51,"column":67}},"28":{"start":{"line":53,"column":16},"end":{"line":57,"column":5}},"29":{"start":{"line":58,"column":4},"end":{"line":58,"column":73}},"30":{"start":{"line":60,"column":4},"end":{"line":60,"column":68}},"31":{"start":{"line":64,"column":0},"end":{"line":71,"column":2}},"32":{"start":{"line":65,"column":2},"end":{"line":70,"column":3}},"33":{"start":{"line":66,"column":4},"end":{"line":66,"column":85}},"34":{"start":{"line":67,"column":4},"end":{"line":67,"column":32}},"35":{"start":{"line":69,"column":4},"end":{"line":69,"column":61}},"36":{"start":{"line":73,"column":0},"end":{"line":80,"column":2}},"37":{"start":{"line":74,"column":2},"end":{"line":79,"column":3}},"38":{"start":{"line":75,"column":19},"end":{"line":75,"column":72}},"39":{"start":{"line":76,"column":4},"end":{"line":76,"column":21}},"40":{"start":{"line":78,"column":4},"end":{"line":78,"column":56}},"41":{"start":{"line":82,"column":0},"end":{"line":89,"column":2}},"42":{"start":{"line":83,"column":2},"end":{"line":88,"column":3}},"43":{"start":{"line":84,"column":4},"end":{"line":84,"column":77}},"44":{"start":{"line":85,"column":4},"end":{"line":85,"column":52}},"45":{"start":{"line":87,"column":4},"end":{"line":87,"column":60}},"46":{"start":{"line":91,"column":0},"end":{"line":98,"column":2}},"47":{"start":{"line":92,"column":2},"end":{"line":97,"column":3}},"48":{"start":{"line":93,"column":20},"end":{"line":93,"column":68}},"49":{"start":{"line":94,"column":4},"end":{"line":94,"column":22}},"50":{"start":{"line":96,"column":4},"end":{"line":96,"column":56}},"51":{"start":{"line":100,"column":0},"end":{"line":108,"column":2}},"52":{"start":{"line":101,"column":2},"end":{"line":107,"column":3}},"53":{"start":{"line":102,"column":19},"end":{"line":102,"column":76}},"54":{"start":{"line":103,"column":4},"end":{"line":103,"column":75}},"55":{"start":{"line":103,"column":17},"end":{"line":103,"column":75}},"56":{"start":{"line":104,"column":4},"end":{"line":104,"column":21}},"57":{"start":{"line":106,"column":4},"end":{"line":106,"column":56}}},"fnMap":{"0":{"name":"(anonymous_0)","decl":{"start":{"line":4,"column":30},"end":{"line":4,"column":31}},"loc":{"start":{"line":4,"column":50},"end":{"line":14,"column":1}},"line":4},"1":{"name":"(anonymous_1)","decl":{"start":{"line":16,"column":28},"end":{"line":16,"column":29}},"loc":{"start":{"line":16,"column":48},"end":{"line":34,"column":1}},"line":16},"2":{"name":"(anonymous_2)","decl":{"start":{"line":36,"column":24},"end":{"line":36,"column":25}},"loc":{"start":{"line":36,"column":44},"end":{"line":44,"column":1}},"line":36},"3":{"name":"(anonymous_3)","decl":{"start":{"line":46,"column":25},"end":{"line":46,"column":26}},"loc":{"start":{"line":46,"column":45},"end":{"line":62,"column":1}},"line":46},"4":{"name":"(anonymous_4)","decl":{"start":{"line":64,"column":31},"end":{"line":64,"column":32}},"loc":{"start":{"line":64,"column":51},"end":{"line":71,"column":1}},"line":64},"5":{"name":"(anonymous_5)","decl":{"start":{"line":73,"column":34},"end":{"line":73,"column":35}},"loc":{"start":{"line":73,"column":54},"end":{"line":80,"column":1}},"line":73},"6":{"name":"(anonymous_6)","decl":{"start":{"line":82,"column":23},"end":{"line":82,"column":24}},"loc":{"start":{"line":82,"column":43},"end":{"line":89,"column":1}},"line":82},"7":{"name":"(anonymous_7)","decl":{"start":{"line":91,"column":29},"end":{"line":91,"column":30}},"loc":{"start":{"line":91,"column":49},"end":{"line":98,"column":1}},"line":91},"8":{"name":"(anonymous_8)","decl":{"start":{"line":100,"column":25},"end":{"line":100,"column":26}},"loc":{"start":{"line":100,"column":45},"end":{"line":108,"column":1}},"line":100}},"branchMap":{"0":{"loc":{"start":{"line":19,"column":24},"end":{"line":19,"column":90}},"type":"cond-expr","locations":[{"start":{"line":19,"column":35},"end":{"line":19,"column":83}},{"start":{"line":19,"column":86},"end":{"line":19,"column":90}}],"line":19},"1":{"loc":{"start":{"line":29,"column":4},"end":{"line":30,"column":85}},"type":"if","locations":[{"start":{"line":29,"column":4},"end":{"line":30,"column":85}},{"start":{},"end":{}}],"line":29},"2":{"loc":{"start":{"line":48,"column":4},"end":{"line":48,"column":73}},"type":"if","locations":[{"start":{"line":48,"column":4},"end":{"line":48,"column":73}},{"start":{},"end":{}}],"line":48},"3":{"loc":{"start":{"line":103,"column":4},"end":{"line":103,"column":75}},"type":"if","locations":[{"start":{"line":103,"column":4},"end":{"line":103,"column":75}},{"start":{},"end":{}}],"line":103}},"s":{"0":1,"1":1,"2":1,"3":0,"4":0,"5":0,"6":0,"7":1,"8":0,"9":0,"10":0,"11":0,"12":0,"13":0,"14":0,"15":0,"16":1,"17":0,"18":0,"19":0,"20":0,"21":0,"22":1,"23":0,"24":0,"25":0,"26":0,"27":0,"28":0,"29":0,"30":0,"31":1,"32":0,"33":0,"34":0,"35":0,"36":1,"37":0,"38":0,"39":0,"40":0,"41":1,"42":0,"43":0,"44":0,"45":0,"46":1,"47":0,"48":0,"49":0,"50":0,"51":1,"52":0,"53":0,"54":0,"55":0,"56":0,"57":0},"f":{"0":0,"1":0,"2":0,"3":0,"4":0,"5":0,"6":0,"7":0,"8":0},"b":{"0":[0,0],"1":[0,0],"2":[0,0],"3":[0,0]},"_coverageSchema":"1a1c01bbd47fc00a2c39e90264f33305004495a9","hash":"33a082208aee81a86d0c096345de52ca9e400b5a"}
,"C:\\Users\\YangRafi\\Desktop\\Inżynierka\\MeTun\\metunback\\middleware\\auth.js": {"path":"C:\\Users\\YangRafi\\Desktop\\Inżynierka\\MeTun\\metunback\\middleware\\auth.js","statementMap":{"0":{"start":{"line":1,"column":12},"end":{"line":1,"column":35}},"1":{"start":{"line":2,"column":13},"end":{"line":2,"column":38}},"2":{"start":{"line":3,"column":20},"end":{"line":3,"column":54}},"3":{"start":{"line":4,"column":19},"end":{"line":4,"column":41}},"4":{"start":{"line":6,"column":0},"end":{"line":36,"column":2}},"5":{"start":{"line":7,"column":14},"end":{"line":7,"column":38}},"6":{"start":{"line":9,"column":21},"end":{"line":15,"column":3}},"7":{"start":{"line":10,"column":17},"end":{"line":10,"column":52}},"8":{"start":{"line":11,"column":4},"end":{"line":11,"column":49}},"9":{"start":{"line":11,"column":15},"end":{"line":11,"column":49}},"10":{"start":{"line":12,"column":4},"end":{"line":12,"column":38}},"11":{"start":{"line":13,"column":23},"end":{"line":13,"column":70}},"12":{"start":{"line":14,"column":4},"end":{"line":14,"column":105}},"13":{"start":{"line":17,"column":2},"end":{"line":35,"column":3}},"14":{"start":{"line":18,"column":20},"end":{"line":18,"column":49}},"15":{"start":{"line":19,"column":4},"end":{"line":19,"column":30}},"16":{"start":{"line":20,"column":4},"end":{"line":20,"column":11}},"17":{"start":{"line":22,"column":25},"end":{"line":22,"column":50}},"18":{"start":{"line":23,"column":4},"end":{"line":23,"column":78}},"19":{"start":{"line":23,"column":23},"end":{"line":23,"column":78}},"20":{"start":{"line":25,"column":4},"end":{"line":34,"column":5}},"21":{"start":{"line":26,"column":22},"end":{"line":26,"column":58}},"22":{"start":{"line":27,"column":6},"end":{"line":27,"column":32}},"23":{"start":{"line":29,"column":29},"end":{"line":29,"column":144}},"24":{"start":{"line":30,"column":6},"end":{"line":30,"column":125}},"25":{"start":{"line":31,"column":6},"end":{"line":31,"column":13}},"26":{"start":{"line":33,"column":6},"end":{"line":33,"column":70}},"27":{"start":{"line":38,"column":0},"end":{"line":41,"column":2}},"28":{"start":{"line":39,"column":2},"end":{"line":39,"column":48}},"29":{"start":{"line":39,"column":34},"end":{"line":39,"column":48}},"30":{"start":{"line":40,"column":2},"end":{"line":40,"column":59}}},"fnMap":{"0":{"name":"(anonymous_0)","decl":{"start":{"line":6,"column":23},"end":{"line":6,"column":24}},"loc":{"start":{"line":6,"column":49},"end":{"line":36,"column":1}},"line":6},"1":{"name":"(anonymous_1)","decl":{"start":{"line":9,"column":21},"end":{"line":9,"column":22}},"loc":{"start":{"line":9,"column":40},"end":{"line":15,"column":3}},"line":9},"2":{"name":"(anonymous_2)","decl":{"start":{"line":38,"column":18},"end":{"line":38,"column":19}},"loc":{"start":{"line":38,"column":38},"end":{"line":41,"column":1}},"line":38}},"branchMap":{"0":{"loc":{"start":{"line":11,"column":4},"end":{"line":11,"column":49}},"type":"if","locations":[{"start":{"line":11,"column":4},"end":{"line":11,"column":49}},{"start":{},"end":{}}],"line":11},"1":{"loc":{"start":{"line":23,"column":4},"end":{"line":23,"column":78}},"type":"if","locations":[{"start":{"line":23,"column":4},"end":{"line":23,"column":78}},{"start":{},"end":{}}],"line":23},"2":{"loc":{"start":{"line":39,"column":2},"end":{"line":39,"column":48}},"type":"if","locations":[{"start":{"line":39,"column":2},"end":{"line":39,"column":48}},{"start":{},"end":{}}],"line":39}},"s":{"0":1,"1":1,"2":1,"3":1,"4":1,"5":1,"6":1,"7":1,"8":1,"9":0,"10":1,"11":1,"12":1,"13":1,"14":1,"15":1,"16":1,"17":0,"18":0,"19":0,"20":0,"21":0,"22":0,"23":0,"24":0,"25":0,"26":0,"27":1,"28":0,"29":0,"30":0},"f":{"0":1,"1":1,"2":0},"b":{"0":[0,1],"1":[0,0],"2":[0,0]},"_coverageSchema":"1a1c01bbd47fc00a2c39e90264f33305004495a9","hash":"c3956bc9309212c0ede910a060039530ad962f03"}
,"C:\\Users\\YangRafi\\Desktop\\Inżynierka\\MeTun\\metunback\\models\\Discipline.js": {"path":"C:\\Users\\YangRafi\\Desktop\\Inżynierka\\MeTun\\metunback\\models\\Discipline.js","statementMap":{"0":{"start":{"line":1,"column":18},"end":{"line":1,"column":38}},"1":{"start":{"line":2,"column":18},"end":{"line":2,"column":45}},"2":{"start":{"line":4,"column":19},"end":{"line":16,"column":2}},"3":{"start":{"line":18,"column":0},"end":{"line":18,"column":28}}},"fnMap":{},"branchMap":{},"s":{"0":1,"1":1,"2":1,"3":1},"f":{},"b":{},"_coverageSchema":"1a1c01bbd47fc00a2c39e90264f33305004495a9","hash":"9367cd741f0e22fc6d23770493b8256f9de4db4c"}
,"C:\\Users\\YangRafi\\Desktop\\Inżynierka\\MeTun\\metunback\\models\\Faculty.js": {"path":"C:\\Users\\YangRafi\\Desktop\\Inżynierka\\MeTun\\metunback\\models\\Faculty.js","statementMap":{"0":{"start":{"line":1,"column":18},"end":{"line":1,"column":38}},"1":{"start":{"line":2,"column":18},"end":{"line":2,"column":45}},"2":{"start":{"line":4,"column":16},"end":{"line":16,"column":2}},"3":{"start":{"line":18,"column":0},"end":{"line":18,"column":25}}},"fnMap":{},"branchMap":{},"s":{"0":1,"1":1,"2":1,"3":1},"f":{},"b":{},"_coverageSchema":"1a1c01bbd47fc00a2c39e90264f33305004495a9","hash":"0fe1ad795ab32eb515964e45acf54b1396267533"}
,"C:\\Users\\YangRafi\\Desktop\\Inżynierka\\MeTun\\metunback\\models\\Group.js": {"path":"C:\\Users\\YangRafi\\Desktop\\Inżynierka\\MeTun\\metunback\\models\\Group.js","statementMap":{"0":{"start":{"line":1,"column":18},"end":{"line":1,"column":38}},"1":{"start":{"line":2,"column":18},"end":{"line":2,"column":45}},"2":{"start":{"line":4,"column":14},"end":{"line":31,"column":2}},"3":{"start":{"line":33,"column":0},"end":{"line":33,"column":23}}},"fnMap":{},"branchMap":{},"s":{"0":1,"1":1,"2":1,"3":1},"f":{},"b":{},"_coverageSchema":"1a1c01bbd47fc00a2c39e90264f33305004495a9","hash":"6a982e0860dfc792e4e4aca5ff934844ef29d166"}
,"C:\\Users\\YangRafi\\Desktop\\Inżynierka\\MeTun\\metunback\\models\\GroupJoinRequest.js": {"path":"C:\\Users\\YangRafi\\Desktop\\Inżynierka\\MeTun\\metunback\\models\\GroupJoinRequest.js","statementMap":{"0":{"start":{"line":1,"column":18},"end":{"line":1,"column":38}},"1":{"start":{"line":2,"column":18},"end":{"line":2,"column":45}},"2":{"start":{"line":4,"column":25},"end":{"line":38,"column":2}},"3":{"start":{"line":40,"column":0},"end":{"line":40,"column":34}}},"fnMap":{},"branchMap":{},"s":{"0":1,"1":1,"2":1,"3":1},"f":{},"b":{},"_coverageSchema":"1a1c01bbd47fc00a2c39e90264f33305004495a9","hash":"cfc6d2172dd2bed728bc95c4d1a86d40f90d9efc"}
,"C:\\Users\\YangRafi\\Desktop\\Inżynierka\\MeTun\\metunback\\models\\GroupMember.js": {"path":"C:\\Users\\YangRafi\\Desktop\\Inżynierka\\MeTun\\metunback\\models\\GroupMember.js","statementMap":{"0":{"start":{"line":1,"column":18},"end":{"line":1,"column":38}},"1":{"start":{"line":2,"column":18},"end":{"line":2,"column":45}},"2":{"start":{"line":4,"column":20},"end":{"line":25,"column":2}},"3":{"start":{"line":27,"column":0},"end":{"line":27,"column":29}}},"fnMap":{},"branchMap":{},"s":{"0":1,"1":1,"2":1,"3":1},"f":{},"b":{},"_coverageSchema":"1a1c01bbd47fc00a2c39e90264f33305004495a9","hash":"bc87343071894886fde685b72a800627f5c4a157"}
,"C:\\Users\\YangRafi\\Desktop\\Inżynierka\\MeTun\\metunback\\models\\Message.js": {"path":"C:\\Users\\YangRafi\\Desktop\\Inżynierka\\MeTun\\metunback\\models\\Message.js","statementMap":{"0":{"start":{"line":1,"column":18},"end":{"line":1,"column":38}},"1":{"start":{"line":2,"column":18},"end":{"line":2,"column":45}},"2":{"start":{"line":4,"column":16},"end":{"line":14,"column":2}},"3":{"start":{"line":16,"column":0},"end":{"line":16,"column":25}}},"fnMap":{},"branchMap":{},"s":{"0":1,"1":1,"2":1,"3":1},"f":{},"b":{},"_coverageSchema":"1a1c01bbd47fc00a2c39e90264f33305004495a9","hash":"428b7111996ea6ddba04a8fdf9a12b116cbb4962"}
,"C:\\Users\\YangRafi\\Desktop\\Inżynierka\\MeTun\\metunback\\models\\Profile.js": {"path":"C:\\Users\\YangRafi\\Desktop\\Inżynierka\\MeTun\\metunback\\models\\Profile.js","statementMap":{"0":{"start":{"line":1,"column":18},"end":{"line":1,"column":38}},"1":{"start":{"line":2,"column":18},"end":{"line":2,"column":45}},"2":{"start":{"line":4,"column":16},"end":{"line":27,"column":2}},"3":{"start":{"line":29,"column":0},"end":{"line":29,"column":25}}},"fnMap":{},"branchMap":{},"s":{"0":1,"1":1,"2":1,"3":1},"f":{},"b":{},"_coverageSchema":"1a1c01bbd47fc00a2c39e90264f33305004495a9","hash":"77041ebd6a40b039371548f9caf9f89492cc1918"}
,"C:\\Users\\YangRafi\\Desktop\\Inżynierka\\MeTun\\metunback\\models\\Report.js": {"path":"C:\\Users\\YangRafi\\Desktop\\Inżynierka\\MeTun\\metunback\\models\\Report.js","statementMap":{"0":{"start":{"line":1,"column":22},"end":{"line":1,"column":42}},"1":{"start":{"line":2,"column":18},"end":{"line":2,"column":45}},"2":{"start":{"line":4,"column":15},"end":{"line":36,"column":2}},"3":{"start":{"line":38,"column":0},"end":{"line":38,"column":24}}},"fnMap":{},"branchMap":{},"s":{"0":1,"1":1,"2":1,"3":1},"f":{},"b":{},"_coverageSchema":"1a1c01bbd47fc00a2c39e90264f33305004495a9","hash":"502e18e109b6d881d33928023dca2b3b9751e636"}
,"C:\\Users\\YangRafi\\Desktop\\Inżynierka\\MeTun\\metunback\\models\\University.js": {"path":"C:\\Users\\YangRafi\\Desktop\\Inżynierka\\MeTun\\metunback\\models\\University.js","statementMap":{"0":{"start":{"line":1,"column":18},"end":{"line":1,"column":38}},"1":{"start":{"line":2,"column":18},"end":{"line":2,"column":45}},"2":{"start":{"line":4,"column":19},"end":{"line":17,"column":2}},"3":{"start":{"line":19,"column":0},"end":{"line":19,"column":28}}},"fnMap":{},"branchMap":{},"s":{"0":1,"1":1,"2":1,"3":1},"f":{},"b":{},"_coverageSchema":"1a1c01bbd47fc00a2c39e90264f33305004495a9","hash":"c4453f34ebd9a39b72cfacb2038780b0e9a23a9b"}
,"C:\\Users\\YangRafi\\Desktop\\Inżynierka\\MeTun\\metunback\\models\\User.js": {"path":"C:\\Users\\YangRafi\\Desktop\\Inżynierka\\MeTun\\metunback\\models\\User.js","statementMap":{"0":{"start":{"line":1,"column":18},"end":{"line":1,"column":38}},"1":{"start":{"line":2,"column":18},"end":{"line":2,"column":45}},"2":{"start":{"line":4,"column":13},"end":{"line":53,"column":2}},"3":{"start":{"line":55,"column":0},"end":{"line":55,"column":22}}},"fnMap":{},"branchMap":{},"s":{"0":2,"1":2,"2":2,"3":2},"f":{},"b":{},"_coverageSchema":"1a1c01bbd47fc00a2c39e90264f33305004495a9","hash":"f8a3d302b85bffa205c90706a7a5d9224b00db4c"}
[...]
0":{"loc":{"start":{"line":222,"column":13},"end":{"line":226,"column":7}},"type":"if","locations":[{"start":{"line":222,"column":13},"end":{"line":226,"column":7}},{"start":{"line":224,"column":13},"end":{"line":226,"column":7}}],"line":222},"31":{"loc":{"start":{"line":238,"column":4},"end":{"line":238,"column":46}},"type":"if","locations":[{"start":{"line":238,"column":4},"end":{"line":238,"column":46}},{"start":{},"end":{}}],"line":238},"32":{"loc":{"start":{"line":241,"column":25},"end":{"line":241,"column":75}},"type":"cond-expr","locations":[{"start":{"line":241,"column":49},"end":{"line":241,"column":68}},{"start":{"line":241,"column":71},"end":{"line":241,"column":75}}],"line":241},"33":{"loc":{"start":{"line":244,"column":4},"end":{"line":275,"column":5}},"type":"if","locations":[{"start":{"line":244,"column":4},"end":{"line":275,"column":5}},{"start":{},"end":{}}],"line":244},"34":{"loc":{"start":{"line":247,"column":6},"end":{"line":274,"column":7}},"type":"if","locations":[{"start":{"line":247,"column":6},"end":{"line":274,"column":7}},{"start":{"line":262,"column":11},"end":{"line":274,"column":7}}],"line":247},"35":{"loc":{"start":{"line":250,"column":40},"end":{"line":250,"column":70}},"type":"binary-expr","locations":[{"start":{"line":250,"column":40},"end":{"line":250,"column":56}},{"start":{"line":250,"column":60},"end":{"line":250,"column":70}}],"line":250},"36":{"loc":{"start":{"line":267,"column":8},"end":{"line":273,"column":9}},"type":"if","locations":[{"start":{"line":267,"column":8},"end":{"line":273,"column":9}},{"start":{},"end":{}}],"line":267}},"s":{"0":2,"1":2,"2":2,"3":2,"4":2,"5":3,"6":3,"7":0,"8":3,"9":3,"10":3,"11":3,"12":3,"13":2,"14":2,"15":2,"16":3,"17":2,"18":2,"19":3,"20":2,"21":2,"22":2,"23":1,"24":1,"25":1,"26":5,"27":1,"28":4,"29":4,"30":1,"31":3,"32":1,"33":2,"34":1,"35":1,"36":1,"37":1,"38":1,"39":1,"40":1,"41":1,"42":1,"43":1,"44":1,"45":1,"46":3,"47":3,"48":1,"49":2,"50":1,"51":1,"52":0,"53":2,"54":2,"55":1,"56":1,"57":1,"58":1,"59":1,"60":2,"61":2,"62":3,"63":3,"64":1,"65":2,"66":1,"67":1,"68":0,"69":2,"70":2,"71":0,"72":0,"73":0,"74":0,"75":0,"76":0,"77":0,"78":0,"79":0,"80":0,"81":0,"82":0,"83":0,"84":0,"85":0,"86":0,"87":0,"88":4,"89":4,"90":1,"91":3,"92":3,"93":3,"94":3,"95":3,"96":3,"97":2,"98":2,"99":2,"100":1,"101":1,"102":0,"103":3,"104":1,"105":1,"106":2},"f":{"0":3,"1":3,"2":2,"3":5,"4":3,"5":0,"6":3,"7":0,"8":0,"9":0,"10":4,"11":1,"12":1},"b":{"0":[0,3],"1":[2,1],"2":[3,1,1,2,2,1],"3":[2,0],"4":[2,1],"5":[3,2],"6":[3,2],"7":[3,2],"8":[1,1],"9":[0,1],"10":[1,4],"11":[1,3],"12":[1,2],"13":[1,1],"14":[1,2],"15":[1,1],"16":[0,0],"17":[1,1],"18":[1,2],"19":[1,1],"20":[0,0],"21":[0,0,0],"22":[0,0],"23":[0,0,0,0,0,0],"24":[0,0],"25":[0,0],"26":[0,0],"27":[0,0],"28":[0,0],"29":[0,0],"30":[0,0],"31":[1,3],"32":[3,0],"33":[3,0],"34":[2,1],"35":[2,1],"36":[0,1]},"_coverageSchema":"1a1c01bbd47fc00a2c39e90264f33305004495a9","hash":"95be6c86d31ce1551adb349134e4e46f9cd74b47"}
,"C:\\Users\\YangRafi\\Desktop\\Inżynierka\\MeTun\\metunback\\util\\database.js": {"path":"C:\\Users\\YangRafi\\Desktop\\Inżynierka\\MeTun\\metunback\\util\\database.js","statementMap":{"0":{"start":{"line":1,"column":18},"end":{"line":1,"column":38}},"1":{"start":{"line":2,"column":0},"end":{"line":2,"column":65}},"2":{"start":{"line":4,"column":18},"end":{"line":17,"column":1}},"3":{"start":{"line":19,"column":0},"end":{"line":19,"column":27}}},"fnMap":{},"branchMap":{},"s":{"0":3,"1":3,"2":3,"3":3},"f":{},"b":{},"_coverageSchema":"1a1c01bbd47fc00a2c39e90264f33305004495a9","hash":"1cd7ab1e8c91210cd84293ad051d8b4b134c8971"}
,"C:\\Users\\YangRafi\\Desktop\\Inżynierka\\MeTun\\metunback\\util\\dateUtils.js": {"path":"C:\\Users\\YangRafi\\Desktop\\Inżynierka\\MeTun\\metunback\\util\\dateUtils.js","statementMap":{"0":{"start":{"line":2,"column":14},"end":{"line":2,"column":24}},"1":{"start":{"line":3,"column":15},"end":{"line":3,"column":119}},"2":{"start":{"line":4,"column":2},"end":{"line":5,"column":48}},"3":{"start":{"line":4,"column":26},"end":{"line":4,"column":67}},"4":{"start":{"line":5,"column":7},"end":{"line":5,"column":48}},"5":{"start":{"line":8,"column":0},"end":{"line":8,"column":39}}},"fnMap":{"0":{"name":"getNextExpiryDate","decl":{"start":{"line":1,"column":9},"end":{"line":1,"column":26}},"loc":{"start":{"line":1,"column":29},"end":{"line":6,"column":1}},"line":1}},"branchMap":{"0":{"loc":{"start":{"line":3,"column":15},"end":{"line":3,"column":119}},"type":"cond-expr","locations":[{"start":{"line":3,"column":36},"end":{"line":3,"column":53}},{"start":{"line":3,"column":56},"end":{"line":3,"column":119}}],"line":3},"1":{"loc":{"start":{"line":3,"column":56},"end":{"line":3,"column":119}},"type":"cond-expr","locations":[{"start":{"line":3,"column":78},"end":{"line":3,"column":95}},{"start":{"line":3,"column":98},"end":{"line":3,"column":119}}],"line":3},"2":{"loc":{"start":{"line":4,"column":2},"end":{"line":5,"column":48}},"type":"if","locations":[{"start":{"line":4,"column":2},"end":{"line":5,"column":48}},{"start":{"line":5,"column":7},"end":{"line":5,"column":48}}],"line":4}},"s":{"0":0,"1":0,"2":0,"3":0,"4":0,"5":1},"f":{"0":0},"b":{"0":[0,0],"1":[0,0],"2":[0,0]},"_coverageSchema":"1a1c01bbd47fc00a2c39e90264f33305004495a9","hash":"1364fd0e0f348ce520cc2ed8ea618fef36bbb02d"}
,"C:\\Users\\YangRafi\\Desktop\\Inżynierka\\MeTun\\metunback\\util\\groupUtils.js": {"path":"C:\\Users\\YangRafi\\Desktop\\Inżynierka\\MeTun\\metunback\\util\\groupUtils.js","statementMap":{"0":{"start":{"line":1,"column":43},"end":{"line":1,"column":63}},"1":{"start":{"line":12,"column":2},"end":{"line":49,"column":3}},"2":{"start":{"line":13,"column":16},"end":{"line":13,"column":79}},"3":{"start":{"line":15,"column":4},"end":{"line":31,"column":5}},"4":{"start":{"line":16,"column":25},"end":{"line":16,"column":64}},"5":{"start":{"line":17,"column":6},"end":{"line":21,"column":9}},"6":{"start":{"line":23,"column":6},"end":{"line":27,"column":9}},"7":{"start":{"line":29,"column":6},"end":{"line":29,"column":94}},"8":{"start":{"line":30,"column":6},"end":{"line":30,"column":19}},"9":{"start":{"line":33,"column":19},"end":{"line":35,"column":6}},"10":{"start":{"line":37,"column":4},"end":{"line":44,"column":5}},"11":{"start":{"line":38,"column":6},"end":{"line":42,"column":9}},"12":{"start":{"line":43,"column":6},"end":{"line":43,"column":118}},"13":{"start":{"line":46,"column":4},"end":{"line":46,"column":17}},"14":{"start":{"line":48,"column":4},"end":{"line":48,"column":61}},"15":{"start":{"line":56,"column":26},"end":{"line":56,"column":46}},"16":{"start":{"line":57,"column":2},"end":{"line":62,"column":3}},"17":{"start":{"line":58,"column":4},"end":{"line":58,"column":62}},"18":{"start":{"line":59,"column":4},"end":{"line":59,"column":68}},"19":{"start":{"line":61,"column":4},"end":{"line":61,"column":57}},"20":{"start":{"line":65,"column":0},"end":{"line":68,"column":2}}},"fnMap":{"0":{"name":"addUserToDisciplineGroup","decl":{"start":{"line":11,"column":15},"end":{"line":11,"column":39}},"loc":{"start":{"line":11,"column":79},"end":{"line":50,"column":1}},"line":11},"1":{"name":"removeUserFromGroups","decl":{"start":{"line":55,"column":15},"end":{"line":55,"column":35}},"loc":{"start":{"line":55,"column":44},"end":{"line":63,"column":1}},"line":55}},"branchMap":{"0":{"loc":{"start":{"line":11,"column":62},"end":{"line":11,"column":77}},"type":"default-arg","locations":[{"start":{"line":11,"column":72},"end":{"line":11,"column":77}}],"line":11},"1":{"loc":{"start":{"line":15,"column":4},"end":{"line":31,"column":5}},"type":"if","locations":[{"start":{"line":15,"column":4},"end":{"line":31,"column":5}},{"start":{},"end":{}}],"line":15},"2":{"loc":{"start":{"line":18,"column":38},"end":{"line":18,"column":77}},"type":"binary-expr","locations":[{"start":{"line":18,"column":38},"end":{"line":18,"column":54}},{"start":{"line":18,"column":58},"end":{"line":18,"column":77}}],"line":18},"3":{"loc":{"start":{"line":37,"column":4},"end":{"line":44,"column":5}},"type":"if","locations":[{"start":{"line":37,"column":4},"end":{"line":44,"column":5}},{"start":{},"end":{}}],"line":37},"4":{"loc":{"start":{"line":41,"column":14},"end":{"line":41,"column":42}},"type":"cond-expr","locations":[{"start":{"line":41,"column":24},"end":{"line":41,"column":31}},{"start":{"line":41,"column":34},"end":{"line":41,"column":42}}],"line":41},"5":{"loc":{"start":{"line":43,"column":85},"end":{"line":43,"column":113}},"type":"cond-expr","locations":[{"start":{"line":43,"column":95},"end":{"line":43,"column":102}},{"start":{"line":43,"column":105},"end":{"line":43,"column":113}}],"line":43}},"s":{"0":1,"1":0,"2":0,"3":0,"4":0,"5":0,"6":0,"7":0,"8":0,"9":0,"10":0,"11":0,"12":0,"13":0,"14":0,"15":0,"16":0,"17":0,"18":0,"19":0,"20":1},"f":{"0":0,"1":0},"b":{"0":[0],"1":[0,0],"2":[0,0],"3":[0,0],"4":[0,0],"5":[0,0]},"_coverageSchema":"1a1c01bbd47fc00a2c39e90264f33305004495a9","hash":"dc3a6cc88e36dc0e08df0659266a148a8ce66cd0"}
,"C:\\Users\\YangRafi\\Desktop\\Inżynierka\\MeTun\\metunback\\util\\socket.js": {"path":"C:\\Users\\YangRafi\\Desktop\\Inżynierka\\MeTun\\metunback\\util\\socket.js","statementMap":{"0":{"start":{"line":1,"column":19},"end":{"line":1,"column":39}},"1":{"start":{"line":2,"column":42},"end":{"line":2,"column":62}},"2":{"start":{"line":4,"column":20},"end":{"line":4,"column":29}},"3":{"start":{"line":5,"column":17},"end":{"line":5,"column":21}},"4":{"start":{"line":8,"column":13},"end":{"line":13,"column":4}},"5":{"start":{"line":15,"column":2},"end":{"line":15,"column":18}},"6":{"start":{"line":17,"column":2},"end":{"line":108,"column":5}},"7":{"start":{"line":18,"column":4},"end":{"line":18,"column":55}},"8":{"start":{"line":20,"column":4},"end":{"line":23,"column":7}},"9":{"start":{"line":21,"column":6},"end":{"line":21,"column":41}},"10":{"start":{"line":22,"column":6},"end":{"line":22,"column":60}},"11":{"start":{"line":25,"column":4},"end":{"line":74,"column":7}},"12":{"start":{"line":26,"column":66},"end":{"line":26,"column":70}},"13":{"start":{"line":28,"column":6},"end":{"line":73,"column":7}},"14":{"start":{"line":29,"column":20},"end":{"line":35,"column":10}},"15":{"start":{"line":37,"column":30},"end":{"line":40,"column":10}},"16":{"start":{"line":42,"column":24},"end":{"line":51,"column":9}},"17":{"start":{"line":53,"column":8},"end":{"line":53,"column":55}},"18":{"start":{"line":55,"column":8},"end":{"line":70,"column":9}},"19":{"start":{"line":56,"column":26},"end":{"line":59,"column":12}},"20":{"start":{"line":61,"column":10},"end":{"line":66,"column":11}},"21":{"start":{"line":62,"column":29},"end":{"line":62,"column":60}},"22":{"start":{"line":63,"column":12},"end":{"line":65,"column":13}},"23":{"start":{"line":64,"column":14},"end":{"line":64,"column":63}},"24":{"start":{"line":67,"column":15},"end":{"line":70,"column":9}},"25":{"start":{"line":68,"column":33},"end":{"line":68,"column":60}},"26":{"start":{"line":69,"column":10},"end":{"line":69,"column":85}},"27":{"start":{"line":69,"column":30},"end":{"line":69,"column":85}},"28":{"start":{"line":72,"column":8},"end":{"line":72,"column":56}},"29":{"start":{"line":76,"column":4},"end":{"line":93,"column":7}},"30":{"start":{"line":77,"column":6},"end":{"line":92,"column":7}},"31":{"start":{"line":78,"column":8},"end":{"line":88,"column":11}},"32":{"start":{"line":82,"column":10},"end":{"line":87,"column":11}},"33":{"start":{"line":83,"column":25},"end":{"line":83,"column":51}},"34":{"start":{"line":84,"column":12},"end":{"line":86,"column":13}},"35":{"start":{"line":85,"column":14},"end":{"line":85,"column":75}},"36":{"start":{"line":89,"column":13},"end":{"line":92,"column":7}},"37":{"start":{"line":90,"column":31},"end":{"line":90,"column":58}},"38":{"start":{"line":91,"column":8},"end":{"line":91,"column":90}},"39":{"start":{"line":91,"column":28},"end":{"line":91,"column":90}},"40":{"start":{"line":95,"column":4},"end":{"line":99,"column":7}},"41":{"start":{"line":96,"column":6},"end":{"line":96,"column":65}},"42":{"start":{"line":97,"column":29},"end":{"line":97,"column":56}},"43":{"start":{"line":98,"column":6},"end":{"line":98,"column":83}},"44":{"start":{"line":98,"column":26},"end":{"line":98,"column":83}},"45":{"start":{"line":102,"column":4},"end":{"line":107,"column":7}},"46":{"start":{"line":103,"column":6},"end":{"line":105,"column":7}},"47":{"start":{"line":104,"column":8},"end":{"line":104,"column":61}},"48":{"start":{"line":104,"column":34},"end":{"line":104,"column":61}},"49":{"start":{"line":106,"column":6},"end":{"line":106,"column":58}},"50":{"start":{"line":110,"column":2},"end":{"line":110,"column":12}},"51":{"start":{"line":114,"column":13},"end":{"line":114,"column":20}},"52":{"start":{"line":115,"column":2},"end":{"line":115,"column":18}},"53":{"start":{"line":115,"column":11},"end":{"line":115,"column":18}},"54":{"start":{"line":117,"column":18},"end":{"line":117,"column":42}},"55":{"start":{"line":118,"column":18},"end":{"line":118,"column":42}},"56":{"start":{"line":120,"column":2},"end":{"line":120,"column":67}},"57":{"start":{"line":122,"column":2},"end":{"line":122,"column":59}},"58":{"start":{"line":122,"column":15},"end":{"line":122,"column":59}},"59":{"start":{"line":123,"column":2},"end":{"line":123,"column":59}},"60":{"start":{"line":123,"column":15},"end":{"line":123,"column":59}},"61":{"start":{"line":127,"column":2},"end":{"line":127,"column":20}},"62":{"start":{"line":130,"column":0},"end":{"line":130,"column":66}}},"fnMap":{"0":{"name":"initSocket","decl":{"start":{"line":7,"column":9},"end":{"line":7,"column":19}},"loc":{"start":{"line":7,"column":28},"end":{"line":111,"column":1}},"line":7},"1":{"name":"(anonymous_1)","decl":{"start":{"line":17,"column":22},"end":{"line":17,"column":23}},"loc":{"start":{"line":17,"column":34},"end":{"line":108,"column":3}},"line":17},"2":{"name":"(anonymous_2)","decl":{"start":{"line":20,"column":26},"end":{"line":20,"column":27}},"loc":{"start":{"line":20,"column":38},"end":{"line":23,"column":5}},"line":20},"3":{"name":"(anonymous_3)","decl":{"start":{"line":25,"column":30},"end":{"line":25,"column":31}},"loc":{"start":{"line":25,"column":46},"end":{"line":74,"column":5}},"line":25},"4":{"name":"(anonymous_4)","decl":{"start":{"line":76,"column":29},"end":{"line":76,"column":30}},"loc":{"start":{"line":76,"column":74},"end":{"line":93,"column":5}},"line":76},"5":{"name":"(anonymous_5)","decl":{"start":{"line":81,"column":16},"end":{"line":81,"column":17}},"loc":{"start":{"line":81,"column":29},"end":{"line":88,"column":9}},"line":81},"6":{"name":"(anonymous_6)","decl":{"start":{"line":95,"column":30},"end":{"line":95,"column":31}},"loc":{"start":{"line":95,"column":67},"end":{"line":99,"column":5}},"line":95},"7":{"name":"(anonymous_7)","decl":{"start":{"line":102,"column":28},"end":{"line":102,"column":29}},"loc":{"start":{"line":102,"column":34},"end":{"line":107,"column":5}},"line":102},"8":{"name":"emitNewMatch","decl":{"start":{"line":113,"column":9},"end":{"line":113,"column":21}},"loc":{"start":{"line":113,"column":51},"end":{"line":124,"column":1}},"line":113},"9":{"name":"getIo","decl":{"start":{"line":126,"column":9},"end":{"line":126,"column":14}},"loc":{"start":{"line":126,"column":17},"end":{"line":128,"column":1}},"line":126}},"branchMap":{"0":{"loc":{"start":{"line":30,"column":20},"end":{"line":30,"column":35}},"type":"binary-expr","locations":[{"start":{"line":30,"column":20},"end":{"line":30,"column":27}},{"start":{"line":30,"column":31},"end":{"line":30,"column":35}}],"line":30},"1":{"loc":{"start":{"line":31,"column":20},"end":{"line":31,"column":35}},"type":"binary-expr","locations":[{"start":{"line":31,"column":20},"end":{"line":31,"column":27}},{"start":{"line":31,"column":31},"end":{"line":31,"column":35}}],"line":31},"2":{"loc":{"start":{"line":50,"column":24},"end":{"line":50,"column":62}},"type":"binary-expr","locations":[{"start":{"line":50,"column":24},"end":{"line":50,"column":54}},{"start":{"line":50,"column":58},"end":{"line":50,"column":62}}],"line":50},"3":{"loc":{"start":{"line":55,"column":8},"end":{"line":70,"column":9}},"type":"if","locations":[{"start":{"line":55,"column":8},"end":{"line":70,"column":9}},{"start":{"line":67,"column":15},"end":{"line":70,"column":9}}],"line":55},"4":{"loc":{"start":{"line":63,"column":12},"end":{"line":65,"column":13}},"type":"if","locations":[{"start":{"line":63,"column":12},"end":{"line":65,"column":13}},{"start":{},"end":{}}],"line":63},"5":{"loc":{"start":{"line":63,"column":16},"end":{"line":63,"column":55}},"type":"binary-expr","locations":[{"start":{"line":63,"column":16},"end":{"line":63,"column":24}},{"start":{"line":63,"column":28},"end":{"line":63,"column":55}}],"line":63},"6":{"loc":{"start":{"line":67,"column":15},"end":{"line":70,"column":9}},"type":"if","locations":[{"start":{"line":67,"column":15},"end":{"line":70,"column":9}},{"start":{},"end":{}}],"line":67},"7":{"loc":{"start":{"line":69,"column":10},"end":{"line":69,"column":85}},"type":"if","locations":[{"start":{"line":69,"column":10},"end":{"line":69,"column":85}},{"start":{},"end":{}}],"line":69},"8":{"loc":{"start":{"line":77,"column":6},"end":{"line":92,"column":7}},"type":"if","locations":[{"start":{"line":77,"column":6},"end":{"line":92,"column":7}},{"start":{"line":89,"column":13},"end":{"line":92,"column":7}}],"line":77},"9":{"loc":{"start":{"line":84,"column":12},"end":{"line":86,"column":13}},"type":"if","locations":[{"start":{"line":84,"column":12},"end":{"line":86,"column":13}},{"start":{},"end":{}}],"line":84},"10":{"loc":{"start":{"line":84,"column":16},"end":{"line":84,"column":44}},"type":"binary-expr","locations":[{"start":{"line":84,"column":16},"end":{"line":84,"column":20}},{"start":{"line":84,"column":24},"end":{"line":84,"column":44}}],"line":84},"11":{"loc":{"start":{"line":89,"column":13},"end":{"line":92,"column":7}},"type":"if","locations":[{"start":{"line":89,"column":13},"end":{"line":92,"column":7}},{"start":{},"end":{}}],"line":89},"12":{"loc":{"start":{"line":91,"column":8},"end":{"line":91,"column":90}},"type":"if","locations":[{"start":{"line":91,"column":8},"end":{"line":91,"column":90}},{"start":{},"end":{}}],"line":91},"13":{"loc":{"start":{"line":98,"column":6},"end":{"line":98,"column":83}},"type":"if","locations":[{"start":{"line":98,"column":6},"end":{"line":98,"column":83}},{"start":{},"end":{}}],"line":98},"14":{"loc":{"start":{"line":104,"column":8},"end":{"line":104,"column":61}},"type":"if","locations":[{"start":{"line":104,"column":8},"end":{"line":104,"column":61}},{"start":{},"end":{}}],"line":104},"15":{"loc":{"start":{"line":115,"column":2},"end":{"line":115,"column":18}},"type":"if","locations":[{"start":{"line":115,"column":2},"end":{"line":115,"column":18}},{"start":{},"end":{}}],"line":115},"16":{"loc":{"start":{"line":122,"column":2},"end":{"line":122,"column":59}},"type":"if","locations":[{"start":{"line":122,"column":2},"end":{"line":122,"column":59}},{"start":{},"end":{}}],"line":122},"17":{"loc":{"start":{"line":123,"column":2},"end":{"line":123,"column":59}},"type":"if","locations":[{"start":{"line":123,"column":2},"end":{"line":123,"column":59}},{"start":{},"end":{}}],"line":123}},"s":{"0":1,"1":1,"2":1,"3":1,"4":0,"5":0,"6":0,"7":0,"8":0,"9":0,"10":0,"11":0,"12":0,"13":0,"14":0,"15":0,"16":0,"17":0,"18":0,"19":0,"20":0,"21":0,"22":0,"23":0,"24":0,"25":0,"26":0,"27":0,"28":0,"29":0,"30":0,"31":0,"32":0,"33":0,"34":0,"35":0,"36":0,"37":0,"38":0,"39":0,"40":0,"41":0,"42":0,"43":0,"44":0,"45":0,"46":0,"47":0,"48":0,"49":0,"50":0,"51":0,"52":0,"53":0,"54":0,"55":0,"56":0,"57":0,"58":0,"59":0,"60":0,"61":0,"62":1},"f":{"0":0,"1":0,"2":0,"3":0,"4":0,"5":0,"6":0,"7":0,"8":0,"9":0},"b":{"0":[0,0],"1":[0,0],"2":[0,0],"3":[0,0],"4":[0,0],"5":[0,0],"6":[0,0],"7":[0,0],"8":[0,0],"9":[0,0],"10":[0,0],"11":[0,0],"12":[0,0],"13":[0,0],"14":[0,0],"15":[0,0],"16":[0,0],"17":[0,0]},"_coverageSchema":"1a1c01bbd47fc00a2c39e90264f33305004495a9","hash":"bb84c1805dd8a9e8edc9d5d1b40abd8bd4c640df"}
}
