{"C:\\Users\\Admin\\Desktop\\Inżynierka\\MeTun\\metunback\\models\\User.js": {"path":"C:\\Users\\Admin\\Desktop\\Inżynierka\\MeTun\\metunback\\models\\User.js","statementMap":{"0":{"start":{"line":1,"column":18},"end":{"line":1,"column":38}},"1":{"start":{"line":2,"column":18},"end":{"line":2,"column":45}},"2":{"start":{"line":4,"column":13},"end":{"line":53,"column":2}},"3":{"start":{"line":55,"column":0},"end":{"line":55,"column":22}}},"fnMap":{},"branchMap":{},"s":{"0":1,"1":1,"2":1,"3":1},"f":{},"b":{},"_coverageSchema":"1a1c01bbd47fc00a2c39e90264f33305004495a9","hash":"b949ea749b2f03d6a645b7c9ba898437f1fc26d4"}
,"C:\\Users\\Admin\\Desktop\\Inżynierka\\MeTun\\metunback\\models\\UserUniversity.js": {"path":"C:\\Users\\Admin\\Desktop\\Inżynierka\\MeTun\\metunback\\models\\UserUniversity.js","statementMap":{"0":{"start":{"line":1,"column":18},"end":{"line":1,"column":38}},"1":{"start":{"line":2,"column":18},"end":{"line":2,"column":45}},"2":{"start":{"line":4,"column":23},"end":{"line":55,"column":2}},"3":{"start":{"line":57,"column":0},"end":{"line":57,"column":32}}},"fnMap":{},"branchMap":{},"s":{"0":1,"1":1,"2":1,"3":1},"f":{},"b":{},"_coverageSchema":"1a1c01bbd47fc00a2c39e90264f33305004495a9","hash":"0301c5ef17b5429eeb85da8853d88796415e3835"}
,"C:\\Users\\Admin\\Desktop\\Inżynierka\\MeTun\\metunback\\services\\adminService.js": {"path":"C:\\Users\\Admin\\Desktop\\Inżynierka\\MeTun\\metunback\\services\\adminService.js","statementMap":{"0":{"start":{"line":1,"column":52},"end":{"line":1,"column":72}},"1":{"start":{"line":6,"column":72},"end":{"line":11,"column":6}},"2":{"start":{"line":14,"column":18},"end":{"line":17,"column":6}},"3":{"start":{"line":20,"column":25},"end":{"line":23,"column":6}},"4":{"start":{"line":25,"column":4},"end":{"line":34,"column":6}},"5":{"start":{"line":38,"column":0},"end":{"line":38,"column":36}}},"fnMap":{"0":{"name":"(anonymous_0)","decl":{"start":{"line":4,"column":2},"end":{"line":4,"column":3}},"loc":{"start":{"line":4,"column":27},"end":{"line":35,"column":3}},"line":4}},"branchMap":{},"s":{"0":1,"1":2,"2":1,"3":1,"4":1,"5":1},"f":{"0":2},"b":{},"_coverageSchema":"1a1c01bbd47fc00a2c39e90264f33305004495a9","hash":"87ed93b04f35b68b75c67d5d70c58e22cc5407b7"}
,"C:\\Users\\Admin\\Desktop\\Inżynierka\\MeTun\\metunback\\services\\authService.js": {"path":"C:\\Users\\Admin\\Desktop\\Inżynierka\\MeTun\\metunback\\services\\authService.js","statementMap":{"0":{"start":{"line":1,"column":15},"end":{"line":1,"column":32}},"1":{"start":{"line":2,"column":12},"end":{"line":2,"column":35}},"2":{"start":{"line":3,"column":13},"end":{"line":3,"column":38}},"3":{"start":{"line":4,"column":23},"end":{"line":4,"column":58}},"4":{"start":{"line":6,"column":19},"end":{"line":6,"column":41}},"5":{"start":{"line":7,"column":27},"end":{"line":7,"column":32}},"6":{"start":{"line":8,"column":28},"end":{"line":8,"column":32}},"7":{"start":{"line":11,"column":24},"end":{"line":14,"column":1}},"8":{"start":{"line":12,"column":19},"end":{"line":12,"column":79}},"9":{"start":{"line":13,"column":2},"end":{"line":13,"column":64}},"10":{"start":{"line":13,"column":28},"end":{"line":13,"column":62}},"11":{"start":{"line":17,"column":18},"end":{"line":38,"column":1}},"12":{"start":{"line":18,"column":2},"end":{"line":18,"column":30}},"13":{"start":{"line":18,"column":23},"end":{"line":18,"column":30}},"14":{"start":{"line":20,"column":14},"end":{"line":20,"column":24}},"15":{"start":{"line":22,"column":2},"end":{"line":37,"column":3}},"16":{"start":{"line":24,"column":23},"end":{"line":24,"column":50}},"17":{"start":{"line":25,"column":20},"end":{"line":28,"column":5}},"18":{"start":{"line":29,"column":26},"end":{"line":29,"column":69}},"19":{"start":{"line":31,"column":4},"end":{"line":31,"column":70}},"20":{"start":{"line":34,"column":4},"end":{"line":34,"column":27}},"21":{"start":{"line":35,"column":4},"end":{"line":35,"column":29}},"22":{"start":{"line":36,"column":4},"end":{"line":36,"column":22}},"23":{"start":{"line":41,"column":15},"end":{"line":48,"column":1}},"24":{"start":{"line":42,"column":23},"end":{"line":42,"column":63}},"25":{"start":{"line":43,"column":2},"end":{"line":43,"column":59}},"26":{"start":{"line":43,"column":20},"end":{"line":43,"column":59}},"27":{"start":{"line":45,"column":25},"end":{"line":45,"column":56}},"28":{"start":{"line":46,"column":18},"end":{"line":46,"column":87}},"29":{"start":{"line":47,"column":2},"end":{"line":47,"column":17}},"30":{"start":{"line":51,"column":14},"end":{"line":65,"column":1}},"31":{"start":{"line":52,"column":15},"end":{"line":52,"column":55}},"32":{"start":{"line":53,"column":2},"end":{"line":53,"column":58}},"33":{"start":{"line":53,"column":13},"end":{"line":53,"column":58}},"34":{"start":{"line":55,"column":26},"end":{"line":55,"column":71}},"35":{"start":{"line":56,"column":2},"end":{"line":56,"column":69}},"36":{"start":{"line":56,"column":24},"end":{"line":56,"column":69}},"37":{"start":{"line":58,"column":2},"end":{"line":58,"column":24}},"38":{"start":{"line":59,"column":21},"end":{"line":59,"column":56}},"39":{"start":{"line":61,"column":22},"end":{"line":61,"column":139}},"40":{"start":{"line":62,"column":23},"end":{"line":62,"column":105}},"41":{"start":{"line":64,"column":2},"end":{"line":64,"column":57}},"42":{"start":{"line":68,"column":27},"end":{"line":80,"column":1}},"43":{"start":{"line":69,"column":2},"end":{"line":69,"column":57}},"44":{"start":{"line":69,"column":21},"end":{"line":69,"column":57}},"45":{"start":{"line":70,"column":18},"end":{"line":70,"column":54}},"46":{"start":{"line":72,"column":15},"end":{"line":72,"column":50}},"47":{"start":{"line":73,"column":2},"end":{"line":73,"column":47}},"48":{"start":{"line":73,"column":13},"end":{"line":73,"column":47}},"49":{"start":{"line":75,"column":2},"end":{"line":75,"column":24}},"50":{"start":{"line":76,"column":21},"end":{"line":76,"column":56}},"51":{"start":{"line":78,"column":25},"end":{"line":78,"column":142}},"52":{"start":{"line":79,"column":2},"end":{"line":79,"column":59}},"53":{"start":{"line":82,"column":0},"end":{"line":88,"column":2}}},"fnMap":{"0":{"name":"(anonymous_0)","decl":{"start":{"line":11,"column":24},"end":{"line":11,"column":25}},"loc":{"start":{"line":11,"column":42},"end":{"line":14,"column":1}},"line":11},"1":{"name":"(anonymous_1)","decl":{"start":{"line":13,"column":23},"end":{"line":13,"column":24}},"loc":{"start":{"line":13,"column":28},"end":{"line":13,"column":62}},"line":13},"2":{"name":"(anonymous_2)","decl":{"start":{"line":17,"column":18},"end":{"line":17,"column":19}},"loc":{"start":{"line":17,"column":34},"end":{"line":38,"column":1}},"line":17},"3":{"name":"(anonymous_3)","decl":{"start":{"line":41,"column":15},"end":{"line":41,"column":16}},"loc":{"start":{"line":41,"column":61},"end":{"line":48,"column":1}},"line":41},"4":{"name":"(anonymous_4)","decl":{"start":{"line":51,"column":14},"end":{"line":51,"column":15}},"loc":{"start":{"line":51,"column":45},"end":{"line":65,"column":1}},"line":51},"5":{"name":"(anonymous_5)","decl":{"start":{"line":68,"column":27},"end":{"line":68,"column":28}},"loc":{"start":{"line":68,"column":51},"end":{"line":80,"column":1}},"line":68}},"branchMap":{"0":{"loc":{"start":{"line":13,"column":28},"end":{"line":13,"column":62}},"type":"binary-expr","locations":[{"start":{"line":13,"column":28},"end":{"line":13,"column":35}},{"start":{"line":13,"column":39},"end":{"line":13,"column":62}}],"line":13},"1":{"loc":{"start":{"line":18,"column":2},"end":{"line":18,"column":30}},"type":"if","locations":[{"start":{"line":18,"column":2},"end":{"line":18,"column":30}},{"start":{},"end":{}}],"line":18},"2":{"loc":{"start":{"line":22,"column":2},"end":{"line":37,"column":3}},"type":"if","locations":[{"start":{"line":22,"column":2},"end":{"line":37,"column":3}},{"start":{"line":32,"column":9},"end":{"line":37,"column":3}}],"line":22},"3":{"loc":{"start":{"line":22,"column":6},"end":{"line":22,"column":50}},"type":"binary-expr","locations":[{"start":{"line":22,"column":6},"end":{"line":22,"column":23}},{"start":{"line":22,"column":27},"end":{"line":22,"column":50}}],"line":22},"4":{"loc":{"start":{"line":43,"column":2},"end":{"line":43,"column":59}},"type":"if","locations":[{"start":{"line":43,"column":2},"end":{"line":43,"column":59}},{"start":{},"end":{}}],"line":43},"5":{"loc":{"start":{"line":53,"column":2},"end":{"line":53,"column":58}},"type":"if","locations":[{"start":{"line":53,"column":2},"end":{"line":53,"column":58}},{"start":{},"end":{}}],"line":53},"6":{"loc":{"start":{"line":56,"column":2},"end":{"line":56,"column":69}},"type":"if","locations":[{"start":{"line":56,"column":2},"end":{"line":56,"column":69}},{"start":{},"end":{}}],"line":56},"7":{"loc":{"start":{"line":69,"column":2},"end":{"line":69,"column":57}},"type":"if","locations":[{"start":{"line":69,"column":2},"end":{"line":69,"column":57}},{"start":{},"end":{}}],"line":69},"8":{"loc":{"start":{"line":73,"column":2},"end":{"line":73,"column":47}},"type":"if","locations":[{"start":{"line":73,"column":2},"end":{"line":73,"column":47}},{"start":{},"end":{}}],"line":73}},"s":{"0":1,"1":1,"2":1,"3":1,"4":1,"5":1,"6":1,"7":1,"8":4,"9":4,"10":4,"11":1,"12":6,"13":3,"14":3,"15":3,"16":2,"17":2,"18":2,"19":2,"20":1,"21":1,"22":1,"23":1,"24":2,"25":2,"26":1,"27":1,"28":1,"29":1,"30":1,"31":4,"32":4,"33":1,"34":3,"35":3,"36":1,"37":2,"38":1,"39":1,"40":1,"41":1,"42":1,"43":3,"44":1,"45":2,"46":2,"47":2,"48":1,"49":1,"50":1,"51":1,"52":1,"53":1},"f":{"0":4,"1":4,"2":6,"3":2,"4":4,"5":3},"b":{"0":[4,4],"1":[3,3],"2":[2,1],"3":[3,3],"4":[1,1],"5":[1,3],"6":[1,2],"7":[1,2],"8":[1,1]},"_coverageSchema":"1a1c01bbd47fc00a2c39e90264f33305004495a9","hash":"086c95db4f00e05317f8058731d3bccd22c06149"}
,"C:\\Users\\Admin\\Desktop\\Inżynierka\\MeTun\\metunback\\services\\chatService.js": {"path":"C:\\Users\\Admin\\Desktop\\Inżynierka\\MeTun\\metunback\\services\\chatService.js","statementMap":{"0":{"start":{"line":1,"column":53},"end":{"line":1,"column":73}},"1":{"start":{"line":2,"column":15},"end":{"line":2,"column":35}},"2":{"start":{"line":7,"column":20},"end":{"line":13,"column":6}},"3":{"start":{"line":15,"column":18},"end":{"line":31,"column":7}},"4":{"start":{"line":16,"column":24},"end":{"line":16,"column":66}},"5":{"start":{"line":17,"column":26},"end":{"line":20,"column":8}},"6":{"start":{"line":22,"column":6},"end":{"line":30,"column":8}},"7":{"start":{"line":33,"column":4},"end":{"line":33,"column":94}},"8":{"start":{"line":33,"column":31},"end":{"line":33,"column":92}},"9":{"start":{"line":38,"column":19},"end":{"line":46,"column":6}},"10":{"start":{"line":48,"column":18},"end":{"line":62,"column":7}},"11":{"start":{"line":49,"column":26},"end":{"line":52,"column":8}},"12":{"start":{"line":54,"column":6},"end":{"line":61,"column":8}},"13":{"start":{"line":64,"column":4},"end":{"line":64,"column":94}},"14":{"start":{"line":64,"column":31},"end":{"line":64,"column":92}},"15":{"start":{"line":69,"column":4},"end":{"line":128,"column":5}},"16":{"start":{"line":70,"column":20},"end":{"line":76,"column":8}},"17":{"start":{"line":77,"column":6},"end":{"line":77,"column":51}},"18":{"start":{"line":77,"column":18},"end":{"line":77,"column":51}},"19":{"start":{"line":79,"column":23},"end":{"line":82,"column":8}},"20":{"start":{"line":84,"column":6},"end":{"line":94,"column":9}},"21":{"start":{"line":85,"column":30},"end":{"line":85,"column":89}},"22":{"start":{"line":86,"column":8},"end":{"line":93,"column":10}},"23":{"start":{"line":96,"column":11},"end":{"line":128,"column":5}},"24":{"start":{"line":97,"column":25},"end":{"line":106,"column":8}},"25":{"start":{"line":107,"column":6},"end":{"line":107,"column":56}},"26":{"start":{"line":107,"column":23},"end":{"line":107,"column":56}},"27":{"start":{"line":109,"column":23},"end":{"line":112,"column":8}},"28":{"start":{"line":114,"column":6},"end":{"line":124,"column":10}},"29":{"start":{"line":115,"column":23},"end":{"line":115,"column":81}},"30":{"start":{"line":116,"column":8},"end":{"line":123,"column":10}},"31":{"start":{"line":127,"column":6},"end":{"line":127,"column":43}},"32":{"start":{"line":132,"column":0},"end":{"line":132,"column":35}}},"fnMap":{"0":{"name":"(anonymous_0)","decl":{"start":{"line":6,"column":2},"end":{"line":6,"column":3}},"loc":{"start":{"line":6,"column":32},"end":{"line":34,"column":3}},"line":6},"1":{"name":"(anonymous_1)","decl":{"start":{"line":15,"column":48},"end":{"line":15,"column":49}},"loc":{"start":{"line":15,"column":59},"end":{"line":31,"column":5}},"line":15},"2":{"name":"(anonymous_2)","decl":{"start":{"line":33,"column":22},"end":{"line":33,"column":23}},"loc":{"start":{"line":33,"column":31},"end":{"line":33,"column":92}},"line":33},"3":{"name":"(anonymous_3)","decl":{"start":{"line":37,"column":2},"end":{"line":37,"column":3}},"loc":{"start":{"line":37,"column":30},"end":{"line":65,"column":3}},"line":37},"4":{"name":"(anonymous_4)","decl":{"start":{"line":48,"column":47},"end":{"line":48,"column":48}},"loc":{"start":{"line":48,"column":58},"end":{"line":62,"column":5}},"line":48},"5":{"name":"(anonymous_5)","decl":{"start":{"line":64,"column":22},"end":{"line":64,"column":23}},"loc":{"start":{"line":64,"column":31},"end":{"line":64,"column":92}},"line":64},"6":{"name":"(anonymous_6)","decl":{"start":{"line":68,"column":2},"end":{"line":68,"column":3}},"loc":{"start":{"line":68,"column":46},"end":{"line":129,"column":3}},"line":68},"7":{"name":"(anonymous_7)","decl":{"start":{"line":84,"column":26},"end":{"line":84,"column":27}},"loc":{"start":{"line":84,"column":31},"end":{"line":94,"column":7}},"line":84},"8":{"name":"(anonymous_8)","decl":{"start":{"line":114,"column":38},"end":{"line":114,"column":39}},"loc":{"start":{"line":114,"column":49},"end":{"line":124,"column":7}},"line":114}},"branchMap":{"0":{"loc":{"start":{"line":16,"column":24},"end":{"line":16,"column":66}},"type":"cond-expr","locations":[{"start":{"line":16,"column":49},"end":{"line":16,"column":56}},{"start":{"line":16,"column":59},"end":{"line":16,"column":66}}],"line":16},"1":{"loc":{"start":{"line":27,"column":25},"end":{"line":27,"column":58}},"type":"binary-expr","locations":[{"start":{"line":27,"column":25},"end":{"line":27,"column":50}},{"start":{"line":27,"column":54},"end":{"line":27,"column":58}}],"line":27},"2":{"loc":{"start":{"line":28,"column":21},"end":{"line":28,"column":47}},"type":"binary-expr","locations":[{"start":{"line":28,"column":21},"end":{"line":28,"column":41}},{"start":{"line":28,"column":45},"end":{"line":28,"column":47}}],"line":28},"3":{"loc":{"start":{"line":29,"column":30},"end":{"line":29,"column":60}},"type":"binary-expr","locations":[{"start":{"line":29,"column":30},"end":{"line":29,"column":52}},{"start":{"line":29,"column":56},"end":{"line":29,"column":60}}],"line":29},"4":{"loc":{"start":{"line":33,"column":32},"end":{"line":33,"column":59}},"type":"binary-expr","locations":[{"start":{"line":33,"column":32},"end":{"line":33,"column":54}},{"start":{"line":33,"column":58},"end":{"line":33,"column":59}}],"line":33},"5":{"loc":{"start":{"line":33,"column":64},"end":{"line":33,"column":91}},"type":"binary-expr","locations":[{"start":{"line":33,"column":64},"end":{"line":33,"column":86}},{"start":{"line":33,"column":90},"end":{"line":33,"column":91}}],"line":33},"6":{"loc":{"start":{"line":58,"column":25},"end":{"line":58,"column":50}},"type":"binary-expr","locations":[{"start":{"line":58,"column":25},"end":{"line":58,"column":42}},{"start":{"line":58,"column":46},"end":{"line":58,"column":50}}],"line":58},"7":{"loc":{"start":{"line":59,"column":21},"end":{"line":59,"column":47}},"type":"binary-expr","locations":[{"start":{"line":59,"column":21},"end":{"line":59,"column":41}},{"start":{"line":59,"column":45},"end":{"line":59,"column":47}}],"line":59},"8":{"loc":{"start":{"line":60,"column":30},"end":{"line":60,"column":60}},"type":"binary-expr","locations":[{"start":{"line":60,"column":30},"end":{"line":60,"column":52}},{"start":{"line":60,"column":56},"end":{"line":60,"column":60}}],"line":60},"9":{"loc":{"start":{"line":64,"column":32},"end":{"line":64,"column":59}},"type":"binary-expr","locations":[{"start":{"line":64,"column":32},"end":{"line":64,"column":54}},{"start":{"line":64,"column":58},"end":{"line":64,"column":59}}],"line":64},"10":{"loc":{"start":{"line":64,"column":64},"end":{"line":64,"column":91}},"type":"binary-expr","locations":[{"start":{"line":64,"column":64},"end":{"line":64,"column":86}},{"start":{"line":64,"column":90},"end":{"line":64,"column":91}}],"line":64},"11":{"loc":{"start":{"line":69,"column":4},"end":{"line":128,"column":5}},"type":"if","locations":[{"start":{"line":69,"column":4},"end":{"line":128,"column":5}},{"start":{"line":96,"column":11},"end":{"line":128,"column":5}}],"line":69},"12":{"loc":{"start":{"line":77,"column":6},"end":{"line":77,"column":51}},"type":"if","locations":[{"start":{"line":77,"column":6},"end":{"line":77,"column":51}},{"start":{},"end":{}}],"line":77},"13":{"loc":{"start":{"line":85,"column":30},"end":{"line":85,"column":89}},"type":"cond-expr","locations":[{"start":{"line":85,"column":64},"end":{"line":85,"column":75}},{"start":{"line":85,"column":78},"end":{"line":85,"column":89}}],"line":85},"14":{"loc":{"start":{"line":92,"column":24},"end":{"line":92,"column":61}},"type":"binary-expr","locations":[{"start":{"line":92,"column":24},"end":{"line":92,"column":53}},{"start":{"line":92,"column":57},"end":{"line":92,"column":61}}],"line":92},"15":{"loc":{"start":{"line":96,"column":11},"end":{"line":128,"column":5}},"type":"if","locations":[{"start":{"line":96,"column":11},"end":{"line":128,"column":5}},{"start":{"line":126,"column":11},"end":{"line":128,"column":5}}],"line":96},"16":{"loc":{"start":{"line":107,"column":6},"end":{"line":107,"column":56}},"type":"if","locations":[{"start":{"line":107,"column":6},"end":{"line":107,"column":56}},{"start":{},"end":{}}],"line":107},"17":{"loc":{"start":{"line":122,"column":24},"end":{"line":122,"column":55}},"type":"binary-expr","locations":[{"start":{"line":122,"column":24},"end":{"line":122,"column":47}},{"start":{"line":122,"column":51},"end":{"line":122,"column":55}}],"line":122}},"s":{"0":1,"1":1,"2":1,"3":1,"4":1,"5":1,"6":1,"7":1,"8":0,"9":1,"10":1,"11":1,"12":1,"13":1,"14":0,"15":5,"16":2,"17":2,"18":1,"19":1,"20":1,"21":2,"22":2,"23":3,"24":2,"25":2,"26":1,"27":1,"28":1,"29":1,"30":1,"31":1,"32":1},"f":{"0":1,"1":1,"2":0,"3":1,"4":1,"5":0,"6":5,"7":2,"8":1},"b":{"0":[1,0],"1":[1,1],"2":[1,0],"3":[1,0],"4":[0,0],"5":[0,0],"6":[1,1],"7":[1,0],"8":[1,0],"9":[0,0],"10":[0,0],"11":[2,3],"12":[1,1],"13":[1,1],"14":[2,0],"15":[2,1],"16":[1,1],"17":[1,0]},"_coverageSchema":"1a1c01bbd47fc00a2c39e90264f33305004495a9","hash":"61a01a09a8880649853cf5f6e02e409462d6e08a"}
,"C:\\Users\\Admin\\Desktop\\Inżynierka\\MeTun\\metunback\\services\\disciplineService.js": {"path":"C:\\Users\\Admin\\Desktop\\Inżynierka\\MeTun\\metunback\\services\\disciplineService.js","statementMap":{"0":{"start":{"line":1,"column":19},"end":{"line":1,"column":50}},"1":{"start":{"line":6,"column":4},"end":{"line":6,"column":32}},"2":{"start":{"line":11,"column":4},"end":{"line":11,"column":61}},"3":{"start":{"line":11,"column":20},"end":{"line":11,"column":61}},"4":{"start":{"line":13,"column":4},"end":{"line":16,"column":7}},"5":{"start":{"line":21,"column":23},"end":{"line":21,"column":52}},"6":{"start":{"line":22,"column":4},"end":{"line":22,"column":61}},"7":{"start":{"line":22,"column":21},"end":{"line":22,"column":61}},"8":{"start":{"line":23,"column":4},"end":{"line":23,"column":22}},"9":{"start":{"line":28,"column":4},"end":{"line":28,"column":51}},"10":{"start":{"line":33,"column":23},"end":{"line":33,"column":52}},"11":{"start":{"line":34,"column":4},"end":{"line":34,"column":61}},"12":{"start":{"line":34,"column":21},"end":{"line":34,"column":61}},"13":{"start":{"line":36,"column":4},"end":{"line":36,"column":51}},"14":{"start":{"line":37,"column":4},"end":{"line":37,"column":69}},"15":{"start":{"line":39,"column":4},"end":{"line":39,"column":28}},"16":{"start":{"line":40,"column":4},"end":{"line":40,"column":22}},"17":{"start":{"line":45,"column":23},"end":{"line":45,"column":52}},"18":{"start":{"line":46,"column":4},"end":{"line":46,"column":61}},"19":{"start":{"line":46,"column":21},"end":{"line":46,"column":61}},"20":{"start":{"line":48,"column":4},"end":{"line":48,"column":31}},"21":{"start":{"line":49,"column":4},"end":{"line":49,"column":16}},"22":{"start":{"line":53,"column":0},"end":{"line":53,"column":41}}},"fnMap":{"0":{"name":"(anonymous_0)","decl":{"start":{"line":5,"column":2},"end":{"line":5,"column":3}},"loc":{"start":{"line":5,"column":28},"end":{"line":7,"column":3}},"line":5},"1":{"name":"(anonymous_1)","decl":{"start":{"line":10,"column":2},"end":{"line":10,"column":3}},"loc":{"start":{"line":10,"column":43},"end":{"line":17,"column":3}},"line":10},"2":{"name":"(anonymous_2)","decl":{"start":{"line":20,"column":2},"end":{"line":20,"column":3}},"loc":{"start":{"line":20,"column":30},"end":{"line":24,"column":3}},"line":20},"3":{"name":"(anonymous_3)","decl":{"start":{"line":27,"column":2},"end":{"line":27,"column":3}},"loc":{"start":{"line":27,"column":47},"end":{"line":29,"column":3}},"line":27},"4":{"name":"(anonymous_4)","decl":{"start":{"line":32,"column":2},"end":{"line":32,"column":3}},"loc":{"start":{"line":32,"column":35},"end":{"line":41,"column":3}},"line":32},"5":{"name":"(anonymous_5)","decl":{"start":{"line":44,"column":2},"end":{"line":44,"column":3}},"loc":{"start":{"line":44,"column":29},"end":{"line":50,"column":3}},"line":44}},"branchMap":{"0":{"loc":{"start":{"line":11,"column":4},"end":{"line":11,"column":61}},"type":"if","locations":[{"start":{"line":11,"column":4},"end":{"line":11,"column":61}},{"start":{},"end":{}}],"line":11},"1":{"loc":{"start":{"line":22,"column":4},"end":{"line":22,"column":61}},"type":"if","locations":[{"start":{"line":22,"column":4},"end":{"line":22,"column":61}},{"start":{},"end":{}}],"line":22},"2":{"loc":{"start":{"line":34,"column":4},"end":{"line":34,"column":61}},"type":"if","locations":[{"start":{"line":34,"column":4},"end":{"line":34,"column":61}},{"start":{},"end":{}}],"line":34},"3":{"loc":{"start":{"line":36,"column":22},"end":{"line":36,"column":50}},"type":"binary-expr","locations":[{"start":{"line":36,"column":22},"end":{"line":36,"column":31}},{"start":{"line":36,"column":35},"end":{"line":36,"column":50}}],"line":36},"4":{"loc":{"start":{"line":37,"column":28},"end":{"line":37,"column":68}},"type":"binary-expr","locations":[{"start":{"line":37,"column":28},"end":{"line":37,"column":43}},{"start":{"line":37,"column":47},"end":{"line":37,"column":68}}],"line":37},"5":{"loc":{"start":{"line":46,"column":4},"end":{"line":46,"column":61}},"type":"if","locations":[{"start":{"line":46,"column":4},"end":{"line":46,"column":61}},{"start":{},"end":{}}],"line":46}},"s":{"0":1,"1":1,"2":2,"3":1,"4":1,"5":2,"6":2,"7":1,"8":1,"9":1,"10":2,"11":2,"12":1,"13":1,"14":1,"15":1,"16":1,"17":2,"18":2,"19":1,"20":1,"21":1,"22":1},"f":{"0":1,"1":2,"2":2,"3":1,"4":2,"5":2},"b":{"0":[1,1],"1":[1,1],"2":[1,1],"3":[1,0],"4":[1,0],"5":[1,1]},"_coverageSchema":"1a1c01bbd47fc00a2c39e90264f33305004495a9","hash":"48a7036996daeb30570ed080ad153357b6451c9b"}
,"C:\\Users\\Admin\\Desktop\\Inżynierka\\MeTun\\metunback\\services\\facultyService.js": {"path":"C:\\Users\\Admin\\Desktop\\Inżynierka\\MeTun\\metunback\\services\\facultyService.js","statementMap":{"0":{"start":{"line":1,"column":16},"end":{"line":1,"column":44}},"1":{"start":{"line":6,"column":24},"end":{"line":6,"column":26}},"2":{"start":{"line":7,"column":4},"end":{"line":9,"column":5}},"3":{"start":{"line":8,"column":6},"end":{"line":8,"column":47}},"4":{"start":{"line":11,"column":4},"end":{"line":14,"column":7}},"5":{"start":{"line":19,"column":20},"end":{"line":19,"column":53}},"6":{"start":{"line":20,"column":4},"end":{"line":20,"column":55}},"7":{"start":{"line":20,"column":18},"end":{"line":20,"column":55}},"8":{"start":{"line":21,"column":4},"end":{"line":21,"column":19}},"9":{"start":{"line":26,"column":4},"end":{"line":26,"column":59}},"10":{"start":{"line":31,"column":20},"end":{"line":31,"column":53}},"11":{"start":{"line":32,"column":4},"end":{"line":32,"column":55}},"12":{"start":{"line":32,"column":18},"end":{"line":32,"column":55}},"13":{"start":{"line":33,"column":4},"end":{"line":33,"column":31}},"14":{"start":{"line":34,"column":4},"end":{"line":34,"column":19}},"15":{"start":{"line":39,"column":20},"end":{"line":39,"column":53}},"16":{"start":{"line":40,"column":4},"end":{"line":40,"column":55}},"17":{"start":{"line":40,"column":18},"end":{"line":40,"column":55}},"18":{"start":{"line":41,"column":4},"end":{"line":41,"column":28}},"19":{"start":{"line":42,"column":4},"end":{"line":42,"column":16}},"20":{"start":{"line":46,"column":0},"end":{"line":46,"column":38}}},"fnMap":{"0":{"name":"(anonymous_0)","decl":{"start":{"line":5,"column":2},"end":{"line":5,"column":3}},"loc":{"start":{"line":5,"column":38},"end":{"line":15,"column":3}},"line":5},"1":{"name":"(anonymous_1)","decl":{"start":{"line":18,"column":2},"end":{"line":18,"column":3}},"loc":{"start":{"line":18,"column":34},"end":{"line":22,"column":3}},"line":18},"2":{"name":"(anonymous_2)","decl":{"start":{"line":25,"column":2},"end":{"line":25,"column":3}},"loc":{"start":{"line":25,"column":55},"end":{"line":27,"column":3}},"line":25},"3":{"name":"(anonymous_3)","decl":{"start":{"line":30,"column":2},"end":{"line":30,"column":3}},"loc":{"start":{"line":30,"column":39},"end":{"line":35,"column":3}},"line":30},"4":{"name":"(anonymous_4)","decl":{"start":{"line":38,"column":2},"end":{"line":38,"column":3}},"loc":{"start":{"line":38,"column":33},"end":{"line":43,"column":3}},"line":38}},"branchMap":{"0":{"loc":{"start":{"line":7,"column":4},"end":{"line":9,"column":5}},"type":"if","locations":[{"start":{"line":7,"column":4},"end":{"line":9,"column":5}},{"start":{},"end":{}}],"line":7},"1":{"loc":{"start":{"line":20,"column":4},"end":{"line":20,"column":55}},"type":"if","locations":[{"start":{"line":20,"column":4},"end":{"line":20,"column":55}},{"start":{},"end":{}}],"line":20},"2":{"loc":{"start":{"line":32,"column":4},"end":{"line":32,"column":55}},"type":"if","locations":[{"start":{"line":32,"column":4},"end":{"line":32,"column":55}},{"start":{},"end":{}}],"line":32},"3":{"loc":{"start":{"line":40,"column":4},"end":{"line":40,"column":55}},"type":"if","locations":[{"start":{"line":40,"column":4},"end":{"line":40,"column":55}},{"start":{},"end":{}}],"line":40}},"s":{"0":1,"1":2,"2":2,"3":1,"4":2,"5":2,"6":2,"7":1,"8":1,"9":1,"10":2,"11":2,"12":1,"13":1,"14":1,"15":2,"16":2,"17":1,"18":1,"19":1,"20":1},"f":{"0":2,"1":2,"2":1,"3":2,"4":2},"b":{"0":[1,1],"1":[1,1],"2":[1,1],"3":[1,1]},"_coverageSchema":"1a1c01bbd47fc00a2c39e90264f33305004495a9","hash":"1c85fe424570b5b6e0ef6f3db3d186670cb793f5"}
,"C:\\Users\\Admin\\Desktop\\Inżynierka\\MeTun\\metunback\\services\\groupMemberService.js": {"path":"C:\\Users\\Admin\\Desktop\\Inżynierka\\MeTun\\metunback\\services\\groupMemberService.js","statementMap":{"0":{"start":{"line":1,"column":46},"end":{"line":1,"column":66}},"1":{"start":{"line":6,"column":6},"end":{"line":22,"column":9}},"2":{"start":{"line":27,"column":4},"end":{"line":32,"column":7}},"3":{"start":{"line":37,"column":19},"end":{"line":39,"column":6}},"4":{"start":{"line":41,"column":4},"end":{"line":41,"column":59}},"5":{"start":{"line":41,"column":17},"end":{"line":41,"column":59}},"6":{"start":{"line":43,"column":4},"end":{"line":43,"column":35}},"7":{"start":{"line":48,"column":19},"end":{"line":50,"column":6}},"8":{"start":{"line":52,"column":4},"end":{"line":52,"column":59}},"9":{"start":{"line":52,"column":17},"end":{"line":52,"column":59}},"10":{"start":{"line":54,"column":4},"end":{"line":54,"column":27}},"11":{"start":{"line":55,"column":4},"end":{"line":55,"column":16}},"12":{"start":{"line":60,"column":18},"end":{"line":60,"column":47}},"13":{"start":{"line":61,"column":4},"end":{"line":61,"column":54}},"14":{"start":{"line":61,"column":16},"end":{"line":61,"column":54}},"15":{"start":{"line":63,"column":4},"end":{"line":65,"column":5}},"16":{"start":{"line":64,"column":6},"end":{"line":64,"column":71}},"17":{"start":{"line":67,"column":19},"end":{"line":69,"column":6}},"18":{"start":{"line":71,"column":4},"end":{"line":71,"column":62}},"19":{"start":{"line":71,"column":17},"end":{"line":71,"column":62}},"20":{"start":{"line":73,"column":4},"end":{"line":73,"column":27}},"21":{"start":{"line":74,"column":4},"end":{"line":74,"column":16}},"22":{"start":{"line":78,"column":0},"end":{"line":78,"column":42}}},"fnMap":{"0":{"name":"(anonymous_0)","decl":{"start":{"line":5,"column":2},"end":{"line":5,"column":3}},"loc":{"start":{"line":5,"column":35},"end":{"line":23,"column":5}},"line":5},"1":{"name":"(anonymous_1)","decl":{"start":{"line":26,"column":2},"end":{"line":26,"column":3}},"loc":{"start":{"line":26,"column":57},"end":{"line":33,"column":3}},"line":26},"2":{"name":"(anonymous_2)","decl":{"start":{"line":36,"column":2},"end":{"line":36,"column":3}},"loc":{"start":{"line":36,"column":44},"end":{"line":44,"column":3}},"line":36},"3":{"name":"(anonymous_3)","decl":{"start":{"line":47,"column":2},"end":{"line":47,"column":3}},"loc":{"start":{"line":47,"column":38},"end":{"line":56,"column":3}},"line":47},"4":{"name":"(anonymous_4)","decl":{"start":{"line":59,"column":2},"end":{"line":59,"column":3}},"loc":{"start":{"line":59,"column":36},"end":{"line":75,"column":3}},"line":59}},"branchMap":{"0":{"loc":{"start":{"line":31,"column":17},"end":{"line":31,"column":39}},"type":"binary-expr","locations":[{"start":{"line":31,"column":17},"end":{"line":31,"column":26}},{"start":{"line":31,"column":30},"end":{"line":31,"column":39}}],"line":31},"1":{"loc":{"start":{"line":41,"column":4},"end":{"line":41,"column":59}},"type":"if","locations":[{"start":{"line":41,"column":4},"end":{"line":41,"column":59}},{"start":{},"end":{}}],"line":41},"2":{"loc":{"start":{"line":52,"column":4},"end":{"line":52,"column":59}},"type":"if","locations":[{"start":{"line":52,"column":4},"end":{"line":52,"column":59}},{"start":{},"end":{}}],"line":52},"3":{"loc":{"start":{"line":61,"column":4},"end":{"line":61,"column":54}},"type":"if","locations":[{"start":{"line":61,"column":4},"end":{"line":61,"column":54}},{"start":{},"end":{}}],"line":61},"4":{"loc":{"start":{"line":63,"column":4},"end":{"line":65,"column":5}},"type":"if","locations":[{"start":{"line":63,"column":4},"end":{"line":65,"column":5}},{"start":{},"end":{}}],"line":63},"5":{"loc":{"start":{"line":71,"column":4},"end":{"line":71,"column":62}},"type":"if","locations":[{"start":{"line":71,"column":4},"end":{"line":71,"column":62}},{"start":{},"end":{}}],"line":71}},"s":{"0":1,"1":1,"2":1,"3":2,"4":2,"5":1,"6":1,"7":2,"8":2,"9":1,"10":1,"11":1,"12":4,"13":4,"14":1,"15":3,"16":1,"17":2,"18":2,"19":1,"20":1,"21":1,"22":1},"f":{"0":1,"1":1,"2":2,"3":2,"4":4},"b":{"0":[1,1],"1":[1,1],"2":[1,1],"3":[1,3],"4":[1,2],"5":[1,1]},"_coverageSchema":"1a1c01bbd47fc00a2c39e90264f33305004495a9","hash":"351a13d5d00dc062034de15032435f716d94b34a"}
,"C:\\Users\\Admin\\Desktop\\Inżynierka\\MeTun\\metunback\\services\\groupRequestService.js": {"path":"C:\\Users\\Admin\\Desktop\\Inżynierka\\MeTun\\metunback\\services\\groupRequestService.js","statementMap":{"0":{"start":{"line":1,"column":64},"end":{"line":1,"column":84}},"1":{"start":{"line":5,"column":6},"end":{"line":25,"column":9}},"2":{"start":{"line":30,"column":27},"end":{"line":32,"column":6}},"3":{"start":{"line":33,"column":4},"end":{"line":33,"column":74}},"4":{"start":{"line":33,"column":24},"end":{"line":33,"column":74}},"5":{"start":{"line":35,"column":28},"end":{"line":37,"column":6}},"6":{"start":{"line":38,"column":4},"end":{"line":38,"column":92}},"7":{"start":{"line":38,"column":25},"end":{"line":38,"column":92}},"8":{"start":{"line":40,"column":19},"end":{"line":46,"column":6}},"9":{"start":{"line":48,"column":4},"end":{"line":48,"column":18}},"10":{"start":{"line":53,"column":21},"end":{"line":55,"column":6}},"11":{"start":{"line":56,"column":4},"end":{"line":56,"column":70}},"12":{"start":{"line":56,"column":18},"end":{"line":56,"column":70}},"13":{"start":{"line":58,"column":19},"end":{"line":64,"column":6}},"14":{"start":{"line":66,"column":4},"end":{"line":66,"column":18}},"15":{"start":{"line":71,"column":4},"end":{"line":92,"column":7}},"16":{"start":{"line":97,"column":4},"end":{"line":103,"column":7}},"17":{"start":{"line":108,"column":20},"end":{"line":108,"column":62}},"18":{"start":{"line":109,"column":4},"end":{"line":109,"column":59}},"19":{"start":{"line":109,"column":18},"end":{"line":109,"column":59}},"20":{"start":{"line":112,"column":4},"end":{"line":114,"column":5}},"21":{"start":{"line":113,"column":6},"end":{"line":113,"column":83}},"22":{"start":{"line":116,"column":4},"end":{"line":123,"column":5}},"23":{"start":{"line":117,"column":6},"end":{"line":117,"column":89}},"24":{"start":{"line":118,"column":6},"end":{"line":118,"column":34}},"25":{"start":{"line":119,"column":11},"end":{"line":123,"column":5}},"26":{"start":{"line":120,"column":6},"end":{"line":120,"column":34}},"27":{"start":{"line":122,"column":6},"end":{"line":122,"column":45}},"28":{"start":{"line":125,"column":4},"end":{"line":125,"column":25}},"29":{"start":{"line":126,"column":4},"end":{"line":126,"column":16}},"30":{"start":{"line":132,"column":4},"end":{"line":139,"column":7}},"31":{"start":{"line":144,"column":19},"end":{"line":146,"column":6}},"32":{"start":{"line":147,"column":4},"end":{"line":147,"column":63}},"33":{"start":{"line":147,"column":17},"end":{"line":147,"column":63}},"34":{"start":{"line":149,"column":4},"end":{"line":149,"column":27}},"35":{"start":{"line":150,"column":4},"end":{"line":150,"column":16}},"36":{"start":{"line":155,"column":16},"end":{"line":157,"column":6}},"37":{"start":{"line":159,"column":4},"end":{"line":159,"column":55}},"38":{"start":{"line":159,"column":14},"end":{"line":159,"column":55}},"39":{"start":{"line":162,"column":4},"end":{"line":162,"column":78}},"40":{"start":{"line":162,"column":44},"end":{"line":162,"column":78}},"41":{"start":{"line":164,"column":4},"end":{"line":164,"column":24}},"42":{"start":{"line":165,"column":4},"end":{"line":165,"column":16}},"43":{"start":{"line":169,"column":0},"end":{"line":169,"column":43}}},"fnMap":{"0":{"name":"(anonymous_0)","decl":{"start":{"line":4,"column":4},"end":{"line":4,"column":5}},"loc":{"start":{"line":4,"column":27},"end":{"line":26,"column":5}},"line":4},"1":{"name":"(anonymous_1)","decl":{"start":{"line":29,"column":2},"end":{"line":29,"column":3}},"loc":{"start":{"line":29,"column":37},"end":{"line":49,"column":3}},"line":29},"2":{"name":"(anonymous_2)","decl":{"start":{"line":52,"column":2},"end":{"line":52,"column":3}},"loc":{"start":{"line":52,"column":46},"end":{"line":67,"column":3}},"line":52},"3":{"name":"(anonymous_3)","decl":{"start":{"line":70,"column":2},"end":{"line":70,"column":3}},"loc":{"start":{"line":70,"column":33},"end":{"line":93,"column":3}},"line":70},"4":{"name":"(anonymous_4)","decl":{"start":{"line":96,"column":2},"end":{"line":96,"column":3}},"loc":{"start":{"line":96,"column":33},"end":{"line":104,"column":3}},"line":96},"5":{"name":"(anonymous_5)","decl":{"start":{"line":107,"column":2},"end":{"line":107,"column":3}},"loc":{"start":{"line":107,"column":44},"end":{"line":127,"column":3}},"line":107},"6":{"name":"(anonymous_6)","decl":{"start":{"line":131,"column":2},"end":{"line":131,"column":3}},"loc":{"start":{"line":131,"column":42},"end":{"line":140,"column":3}},"line":131},"7":{"name":"(anonymous_7)","decl":{"start":{"line":143,"column":2},"end":{"line":143,"column":3}},"loc":{"start":{"line":143,"column":32},"end":{"line":151,"column":3}},"line":143},"8":{"name":"(anonymous_8)","decl":{"start":{"line":154,"column":2},"end":{"line":154,"column":3}},"loc":{"start":{"line":154,"column":50},"end":{"line":166,"column":3}},"line":154}},"branchMap":{"0":{"loc":{"start":{"line":33,"column":4},"end":{"line":33,"column":74}},"type":"if","locations":[{"start":{"line":33,"column":4},"end":{"line":33,"column":74}},{"start":{},"end":{}}],"line":33},"1":{"loc":{"start":{"line":38,"column":4},"end":{"line":38,"column":92}},"type":"if","locations":[{"start":{"line":38,"column":4},"end":{"line":38,"column":92}},{"start":{},"end":{}}],"line":38},"2":{"loc":{"start":{"line":56,"column":4},"end":{"line":56,"column":70}},"type":"if","locations":[{"start":{"line":56,"column":4},"end":{"line":56,"column":70}},{"start":{},"end":{}}],"line":56},"3":{"loc":{"start":{"line":109,"column":4},"end":{"line":109,"column":59}},"type":"if","locations":[{"start":{"line":109,"column":4},"end":{"line":109,"column":59}},{"start":{},"end":{}}],"line":109},"4":{"loc":{"start":{"line":112,"column":4},"end":{"line":114,"column":5}},"type":"if","locations":[{"start":{"line":112,"column":4},"end":{"line":114,"column":5}},{"start":{},"end":{}}],"line":112},"5":{"loc":{"start":{"line":116,"column":4},"end":{"line":123,"column":5}},"type":"if","locations":[{"start":{"line":116,"column":4},"end":{"line":123,"column":5}},{"start":{"line":119,"column":11},"end":{"line":123,"column":5}}],"line":116},"6":{"loc":{"start":{"line":119,"column":11},"end":{"line":123,"column":5}},"type":"if","locations":[{"start":{"line":119,"column":11},"end":{"line":123,"column":5}},{"start":{"line":121,"column":11},"end":{"line":123,"column":5}}],"line":119},"7":{"loc":{"start":{"line":147,"column":4},"end":{"line":147,"column":63}},"type":"if","locations":[{"start":{"line":147,"column":4},"end":{"line":147,"column":63}},{"start":{},"end":{}}],"line":147},"8":{"loc":{"start":{"line":159,"column":4},"end":{"line":159,"column":55}},"type":"if","locations":[{"start":{"line":159,"column":4},"end":{"line":159,"column":55}},{"start":{},"end":{}}],"line":159},"9":{"loc":{"start":{"line":162,"column":4},"end":{"line":162,"column":78}},"type":"if","locations":[{"start":{"line":162,"column":4},"end":{"line":162,"column":78}},{"start":{},"end":{}}],"line":162},"10":{"loc":{"start":{"line":162,"column":8},"end":{"line":162,"column":42}},"type":"binary-expr","locations":[{"start":{"line":162,"column":8},"end":{"line":162,"column":30}},{"start":{"line":162,"column":34},"end":{"line":162,"column":42}}],"line":162}},"s":{"0":1,"1":1,"2":3,"3":3,"4":1,"5":2,"6":2,"7":1,"8":1,"9":1,"10":2,"11":2,"12":1,"13":1,"14":1,"15":1,"16":1,"17":5,"18":5,"19":1,"20":4,"21":1,"22":3,"23":1,"24":1,"25":2,"26":1,"27":1,"28":2,"29":2,"30":1,"31":2,"32":2,"33":1,"34":1,"35":1,"36":4,"37":4,"38":1,"39":3,"40":1,"41":2,"42":2,"43":1},"f":{"0":1,"1":3,"2":2,"3":1,"4":1,"5":5,"6":1,"7":2,"8":4},"b":{"0":[1,2],"1":[1,1],"2":[1,1],"3":[1,4],"4":[1,3],"5":[1,2],"6":[1,1],"7":[1,1],"8":[1,3],"9":[1,2],"10":[3,2]},"_coverageSchema":"1a1c01bbd47fc00a2c39e90264f33305004495a9","hash":"60cb7fa77f2146c22e97cacd42bd00c79b0d2895"}
,"C:\\Users\\Admin\\Desktop\\Inżynierka\\MeTun\\metunback\\services\\groupService.js": {"path":"C:\\Users\\Admin\\Desktop\\Inżynierka\\MeTun\\metunback\\services\\groupService.js","statementMap":{"0":{"start":{"line":1,"column":15},"end":{"line":1,"column":35}},"1":{"start":{"line":2,"column":74},"end":{"line":2,"column":94}},"2":{"start":{"line":7,"column":57},"end":{"line":7,"column":64}},"3":{"start":{"line":8,"column":18},"end":{"line":8,"column":20}},"4":{"start":{"line":10,"column":4},"end":{"line":28,"column":5}},"5":{"start":{"line":11,"column":6},"end":{"line":11,"column":42}},"6":{"start":{"line":12,"column":11},"end":{"line":28,"column":5}},"7":{"start":{"line":13,"column":26},"end":{"line":16,"column":8}},"8":{"start":{"line":17,"column":6},"end":{"line":17,"column":79}},"9":{"start":{"line":17,"column":60},"end":{"line":17,"column":75}},"10":{"start":{"line":18,"column":11},"end":{"line":28,"column":5}},"11":{"start":{"line":19,"column":24},"end":{"line":22,"column":8}},"12":{"start":{"line":23,"column":26},"end":{"line":26,"column":8}},"13":{"start":{"line":24,"column":59},"end":{"line":24,"column":71}},"14":{"start":{"line":27,"column":6},"end":{"line":27,"column":79}},"15":{"start":{"line":27,"column":60},"end":{"line":27,"column":75}},"16":{"start":{"line":30,"column":4},"end":{"line":33,"column":7}},"17":{"start":{"line":38,"column":4},"end":{"line":41,"column":7}},"18":{"start":{"line":46,"column":25},"end":{"line":63,"column":6}},"19":{"start":{"line":65,"column":4},"end":{"line":69,"column":7}},"20":{"start":{"line":66,"column":20},"end":{"line":66,"column":37}},"21":{"start":{"line":67,"column":6},"end":{"line":67,"column":39}},"22":{"start":{"line":68,"column":6},"end":{"line":68,"column":19}},"23":{"start":{"line":74,"column":18},"end":{"line":76,"column":6}},"24":{"start":{"line":77,"column":4},"end":{"line":77,"column":51}},"25":{"start":{"line":77,"column":16},"end":{"line":77,"column":51}},"26":{"start":{"line":78,"column":4},"end":{"line":78,"column":17}},"27":{"start":{"line":84,"column":17},"end":{"line":84,"column":53}},"28":{"start":{"line":86,"column":4},"end":{"line":94,"column":1}},"29":{"start":{"line":87,"column":32},"end":{"line":87,"column":81}},"30":{"start":{"line":88,"column":4},"end":{"line":88,"column":89}},"31":{"start":{"line":88,"column":34},"end":{"line":88,"column":89}},"32":{"start":{"line":90,"column":21},"end":{"line":92,"column":6}},"33":{"start":{"line":93,"column":4},"end":{"line":93,"column":81}},"34":{"start":{"line":93,"column":19},"end":{"line":93,"column":81}},"35":{"start":{"line":95,"column":17},"end":{"line":95,"column":83}},"36":{"start":{"line":97,"column":4},"end":{"line":101,"column":7}},"37":{"start":{"line":103,"column":4},"end":{"line":103,"column":20}},"38":{"start":{"line":108,"column":18},"end":{"line":108,"column":47}},"39":{"start":{"line":109,"column":4},"end":{"line":109,"column":51}},"40":{"start":{"line":109,"column":16},"end":{"line":109,"column":51}},"41":{"start":{"line":110,"column":4},"end":{"line":110,"column":29}},"42":{"start":{"line":111,"column":4},"end":{"line":111,"column":17}},"43":{"start":{"line":116,"column":18},"end":{"line":116,"column":47}},"44":{"start":{"line":117,"column":4},"end":{"line":117,"column":54}},"45":{"start":{"line":117,"column":16},"end":{"line":117,"column":54}},"46":{"start":{"line":118,"column":4},"end":{"line":118,"column":103}},"47":{"start":{"line":118,"column":42},"end":{"line":118,"column":103}},"48":{"start":{"line":120,"column":4},"end":{"line":120,"column":58}},"49":{"start":{"line":121,"column":4},"end":{"line":121,"column":16}},"50":{"start":{"line":125,"column":0},"end":{"line":125,"column":36}}},"fnMap":{"0":{"name":"(anonymous_0)","decl":{"start":{"line":6,"column":2},"end":{"line":6,"column":3}},"loc":{"start":{"line":6,"column":35},"end":{"line":34,"column":3}},"line":6},"1":{"name":"(anonymous_1)","decl":{"start":{"line":17,"column":55},"end":{"line":17,"column":56}},"loc":{"start":{"line":17,"column":60},"end":{"line":17,"column":75}},"line":17},"2":{"name":"(anonymous_2)","decl":{"start":{"line":24,"column":54},"end":{"line":24,"column":55}},"loc":{"start":{"line":24,"column":59},"end":{"line":24,"column":71}},"line":24},"3":{"name":"(anonymous_3)","decl":{"start":{"line":27,"column":55},"end":{"line":27,"column":56}},"loc":{"start":{"line":27,"column":60},"end":{"line":27,"column":75}},"line":27},"4":{"name":"(anonymous_4)","decl":{"start":{"line":37,"column":2},"end":{"line":37,"column":3}},"loc":{"start":{"line":37,"column":35},"end":{"line":42,"column":3}},"line":37},"5":{"name":"(anonymous_5)","decl":{"start":{"line":45,"column":2},"end":{"line":45,"column":3}},"loc":{"start":{"line":45,"column":28},"end":{"line":70,"column":3}},"line":45},"6":{"name":"(anonymous_6)","decl":{"start":{"line":65,"column":28},"end":{"line":65,"column":29}},"loc":{"start":{"line":65,"column":34},"end":{"line":69,"column":5}},"line":65},"7":{"name":"(anonymous_7)","decl":{"start":{"line":73,"column":2},"end":{"line":73,"column":3}},"loc":{"start":{"line":73,"column":30},"end":{"line":79,"column":3}},"line":73},"8":{"name":"(anonymous_8)","decl":{"start":{"line":82,"column":2},"end":{"line":82,"column":3}},"loc":{"start":{"line":82,"column":68},"end":{"line":104,"column":3}},"line":82},"9":{"name":"(anonymous_9)","decl":{"start":{"line":107,"column":2},"end":{"line":107,"column":3}},"loc":{"start":{"line":107,"column":35},"end":{"line":112,"column":3}},"line":107},"10":{"name":"(anonymous_10)","decl":{"start":{"line":115,"column":2},"end":{"line":115,"column":3}},"loc":{"start":{"line":115,"column":37},"end":{"line":122,"column":3}},"line":115}},"branchMap":{"0":{"loc":{"start":{"line":6,"column":21},"end":{"line":6,"column":33}},"type":"default-arg","locations":[{"start":{"line":6,"column":31},"end":{"line":6,"column":33}}],"line":6},"1":{"loc":{"start":{"line":10,"column":4},"end":{"line":28,"column":5}},"type":"if","locations":[{"start":{"line":10,"column":4},"end":{"line":28,"column":5}},{"start":{"line":12,"column":11},"end":{"line":28,"column":5}}],"line":10},"2":{"loc":{"start":{"line":12,"column":11},"end":{"line":28,"column":5}},"type":"if","locations":[{"start":{"line":12,"column":11},"end":{"line":28,"column":5}},{"start":{"line":18,"column":11},"end":{"line":28,"column":5}}],"line":12},"3":{"loc":{"start":{"line":18,"column":11},"end":{"line":28,"column":5}},"type":"if","locations":[{"start":{"line":18,"column":11},"end":{"line":28,"column":5}},{"start":{},"end":{}}],"line":18},"4":{"loc":{"start":{"line":67,"column":19},"end":{"line":67,"column":38}},"type":"binary-expr","locations":[{"start":{"line":67,"column":19},"end":{"line":67,"column":26}},{"start":{"line":67,"column":30},"end":{"line":67,"column":38}}],"line":67},"5":{"loc":{"start":{"line":77,"column":4},"end":{"line":77,"column":51}},"type":"if","locations":[{"start":{"line":77,"column":4},"end":{"line":77,"column":51}},{"start":{},"end":{}}],"line":77},"6":{"loc":{"start":{"line":86,"column":4},"end":{"line":94,"column":1}},"type":"if","locations":[{"start":{"line":86,"column":4},"end":{"line":94,"column":1}},{"start":{},"end":{}}],"line":86},"7":{"loc":{"start":{"line":88,"column":4},"end":{"line":88,"column":89}},"type":"if","locations":[{"start":{"line":88,"column":4},"end":{"line":88,"column":89}},{"start":{},"end":{}}],"line":88},"8":{"loc":{"start":{"line":93,"column":4},"end":{"line":93,"column":81}},"type":"if","locations":[{"start":{"line":93,"column":4},"end":{"line":93,"column":81}},{"start":{},"end":{}}],"line":93},"9":{"loc":{"start":{"line":109,"column":4},"end":{"line":109,"column":51}},"type":"if","locations":[{"start":{"line":109,"column":4},"end":{"line":109,"column":51}},{"start":{},"end":{}}],"line":109},"10":{"loc":{"start":{"line":117,"column":4},"end":{"line":117,"column":54}},"type":"if","locations":[{"start":{"line":117,"column":4},"end":{"line":117,"column":54}},{"start":{},"end":{}}],"line":117},"11":{"loc":{"start":{"line":118,"column":4},"end":{"line":118,"column":103}},"type":"if","locations":[{"start":{"line":118,"column":4},"end":{"line":118,"column":103}},{"start":{},"end":{}}],"line":118}},"s":{"0":1,"1":1,"2":2,"3":2,"4":2,"5":1,"6":1,"7":0,"8":0,"9":0,"10":1,"11":0,"12":0,"13":0,"14":0,"15":0,"16":2,"17":1,"18":1,"19":1,"20":1,"21":1,"22":1,"23":2,"24":2,"25":1,"26":1,"27":3,"28":3,"29":3,"30":3,"31":1,"32":2,"33":2,"34":1,"35":1,"36":1,"37":1,"38":2,"39":2,"40":1,"41":1,"42":1,"43":3,"44":3,"45":1,"46":2,"47":1,"48":1,"49":1,"50":1},"f":{"0":2,"1":0,"2":0,"3":0,"4":1,"5":1,"6":1,"7":2,"8":3,"9":2,"10":3},"b":{"0":[1],"1":[1,1],"2":[0,1],"3":[0,1],"4":[1,0],"5":[1,1],"6":[3,0],"7":[1,2],"8":[1,1],"9":[1,1],"10":[1,2],"11":[1,1]},"_coverageSchema":"1a1c01bbd47fc00a2c39e90264f33305004495a9","hash":"0a08d4e0c66eed63244d49bc157d78ce51467d46"}
,"C:\\Users\\Admin\\Desktop\\Inżynierka\\MeTun\\metunback\\services\\matchService.js": {"path":"C:\\Users\\Admin\\Desktop\\Inżynierka\\MeTun\\metunback\\services\\matchService.js","statementMap":{"0":{"start":{"line":1,"column":86},"end":{"line":1,"column":106}},"1":{"start":{"line":2,"column":15},"end":{"line":2,"column":35}},"2":{"start":{"line":3,"column":32},"end":{"line":3,"column":57}},"3":{"start":{"line":7,"column":78},"end":{"line":7,"column":85}},"4":{"start":{"line":8,"column":23},"end":{"line":8,"column":55}},"5":{"start":{"line":10,"column":19},"end":{"line":36,"column":6}},"6":{"start":{"line":39,"column":4},"end":{"line":47,"column":7}},"7":{"start":{"line":40,"column":18},"end":{"line":40,"column":47}},"8":{"start":{"line":41,"column":6},"end":{"line":41,"column":29}},"9":{"start":{"line":41,"column":16},"end":{"line":41,"column":29}},"10":{"start":{"line":42,"column":6},"end":{"line":42,"column":66}},"11":{"start":{"line":42,"column":53},"end":{"line":42,"column":66}},"12":{"start":{"line":43,"column":6},"end":{"line":43,"column":74}},"13":{"start":{"line":43,"column":61},"end":{"line":43,"column":74}},"14":{"start":{"line":44,"column":6},"end":{"line":44,"column":65}},"15":{"start":{"line":44,"column":52},"end":{"line":44,"column":65}},"16":{"start":{"line":45,"column":6},"end":{"line":45,"column":74}},"17":{"start":{"line":45,"column":61},"end":{"line":45,"column":74}},"18":{"start":{"line":46,"column":6},"end":{"line":46,"column":18}},"19":{"start":{"line":50,"column":18},"end":{"line":55,"column":6}},"20":{"start":{"line":56,"column":21},"end":{"line":56,"column":89}},"21":{"start":{"line":56,"column":37},"end":{"line":56,"column":87}},"22":{"start":{"line":57,"column":4},"end":{"line":57,"column":67}},"23":{"start":{"line":57,"column":36},"end":{"line":57,"column":65}},"24":{"start":{"line":60,"column":26},"end":{"line":65,"column":6}},"25":{"start":{"line":66,"column":22},"end":{"line":66,"column":98}},"26":{"start":{"line":66,"column":46},"end":{"line":66,"column":96}},"27":{"start":{"line":67,"column":4},"end":{"line":67,"column":68}},"28":{"start":{"line":67,"column":36},"end":{"line":67,"column":66}},"29":{"start":{"line":70,"column":4},"end":{"line":70,"column":45}},"30":{"start":{"line":70,"column":24},"end":{"line":70,"column":43}},"31":{"start":{"line":73,"column":4},"end":{"line":89,"column":7}},"32":{"start":{"line":74,"column":18},"end":{"line":74,"column":47}},"33":{"start":{"line":75,"column":6},"end":{"line":88,"column":8}},"34":{"start":{"line":93,"column":16},"end":{"line":100,"column":6}},"35":{"start":{"line":102,"column":4},"end":{"line":127,"column":5}},"36":{"start":{"line":103,"column":25},"end":{"line":103,"column":93}},"37":{"start":{"line":104,"column":29},"end":{"line":104,"column":81}},"38":{"start":{"line":105,"column":6},"end":{"line":105,"column":113}},"39":{"start":{"line":106,"column":6},"end":{"line":106,"column":63}},"40":{"start":{"line":108,"column":6},"end":{"line":109,"column":36}},"41":{"start":{"line":108,"column":38},"end":{"line":108,"column":63}},"42":{"start":{"line":109,"column":11},"end":{"line":109,"column":36}},"43":{"start":{"line":111,"column":24},"end":{"line":111,"column":42}},"44":{"start":{"line":112,"column":6},"end":{"line":112,"column":66}},"45":{"start":{"line":113,"column":6},"end":{"line":113,"column":36}},"46":{"start":{"line":114,"column":6},"end":{"line":114,"column":25}},"47":{"start":{"line":116,"column":33},"end":{"line":116,"column":65}},"48":{"start":{"line":117,"column":6},"end":{"line":124,"column":7}},"49":{"start":{"line":118,"column":8},"end":{"line":123,"column":11}},"50":{"start":{"line":126,"column":6},"end":{"line":126,"column":69}},"51":{"start":{"line":131,"column":20},"end":{"line":133,"column":8}},"52":{"start":{"line":134,"column":6},"end":{"line":134,"column":68}},"53":{"start":{"line":134,"column":18},"end":{"line":134,"column":68}},"54":{"start":{"line":136,"column":6},"end":{"line":136,"column":28}},"55":{"start":{"line":138,"column":17},"end":{"line":138,"column":24}},"56":{"start":{"line":139,"column":6},"end":{"line":143,"column":7}},"57":{"start":{"line":141,"column":27},"end":{"line":141,"column":89}},"58":{"start":{"line":142,"column":8},"end":{"line":142,"column":77}},"59":{"start":{"line":145,"column":6},"end":{"line":145,"column":31}},"60":{"start":{"line":149,"column":0},"end":{"line":149,"column":36}}},"fnMap":{"0":{"name":"(anonymous_0)","decl":{"start":{"line":6,"column":2},"end":{"line":6,"column":3}},"loc":{"start":{"line":6,"column":45},"end":{"line":90,"column":3}},"line":6},"1":{"name":"(anonymous_1)","decl":{"start":{"line":39,"column":31},"end":{"line":39,"column":32}},"loc":{"start":{"line":39,"column":36},"end":{"line":47,"column":5}},"line":39},"2":{"name":"(anonymous_2)","decl":{"start":{"line":56,"column":31},"end":{"line":56,"column":32}},"loc":{"start":{"line":56,"column":37},"end":{"line":56,"column":87}},"line":56},"3":{"name":"(anonymous_3)","decl":{"start":{"line":57,"column":31},"end":{"line":57,"column":32}},"loc":{"start":{"line":57,"column":36},"end":{"line":57,"column":65}},"line":57},"4":{"name":"(anonymous_4)","decl":{"start":{"line":66,"column":40},"end":{"line":66,"column":41}},"loc":{"start":{"line":66,"column":46},"end":{"line":66,"column":96}},"line":66},"5":{"name":"(anonymous_5)","decl":{"start":{"line":67,"column":31},"end":{"line":67,"column":32}},"loc":{"start":{"line":67,"column":36},"end":{"line":67,"column":66}},"line":67},"6":{"name":"(anonymous_6)","decl":{"start":{"line":70,"column":18},"end":{"line":70,"column":19}},"loc":{"start":{"line":70,"column":24},"end":{"line":70,"column":43}},"line":70},"7":{"name":"(anonymous_7)","decl":{"start":{"line":73,"column":24},"end":{"line":73,"column":25}},"loc":{"start":{"line":73,"column":29},"end":{"line":89,"column":5}},"line":73},"8":{"name":"(anonymous_8)","decl":{"start":{"line":92,"column":2},"end":{"line":92,"column":3}},"loc":{"start":{"line":92,"column":44},"end":{"line":128,"column":3}},"line":92},"9":{"name":"(anonymous_9)","decl":{"start":{"line":130,"column":2},"end":{"line":130,"column":3}},"loc":{"start":{"line":130,"column":36},"end":{"line":146,"column":5}},"line":130}},"branchMap":{"0":{"loc":{"start":{"line":13,"column":12},"end":{"line":13,"column":36}},"type":"cond-expr","locations":[{"start":{"line":13,"column":21},"end":{"line":13,"column":31}},{"start":{"line":13,"column":34},"end":{"line":13,"column":36}}],"line":13},"1":{"loc":{"start":{"line":14,"column":12},"end":{"line":23,"column":14}},"type":"cond-expr","locations":[{"start":{"line":15,"column":12},"end":{"line":22,"column":13}},{"start":{"line":23,"column":12},"end":{"line":23,"column":14}}],"line":14},"2":{"loc":{"start":{"line":14,"column":12},"end":{"line":14,"column":28}},"type":"binary-expr","locations":[{"start":{"line":14,"column":12},"end":{"line":14,"column":18}},{"start":{"line":14,"column":22},"end":{"line":14,"column":28}}],"line":14},"3":{"loc":{"start":{"line":18,"column":18},"end":{"line":18,"column":112}},"type":"cond-expr","locations":[{"start":{"line":18,"column":27},"end":{"line":18,"column":87}},{"start":{"line":18,"column":90},"end":{"line":18,"column":112}}],"line":18},"4":{"loc":{"start":{"line":19,"column":18},"end":{"line":19,"column":100}},"type":"cond-expr","locations":[{"start":{"line":19,"column":27},"end":{"line":19,"column":87}},{"start":{"line":19,"column":90},"end":{"line":19,"column":100}}],"line":19},"5":{"loc":{"start":{"line":41,"column":6},"end":{"line":41,"column":29}},"type":"if","locations":[{"start":{"line":41,"column":6},"end":{"line":41,"column":29}},{"start":{},"end":{}}],"line":41},"6":{"loc":{"start":{"line":42,"column":6},"end":{"line":42,"column":66}},"type":"if","locations":[{"start":{"line":42,"column":6},"end":{"line":42,"column":66}},{"start":{},"end":{}}],"line":42},"7":{"loc":{"start":{"line":42,"column":12},"end":{"line":42,"column":50}},"type":"binary-expr","locations":[{"start":{"line":42,"column":12},"end":{"line":42,"column":37}},{"start":{"line":42,"column":41},"end":{"line":42,"column":50}}],"line":42},"8":{"loc":{"start":{"line":43,"column":6},"end":{"line":43,"column":74}},"type":"if","locations":[{"start":{"line":43,"column":6},"end":{"line":43,"column":74}},{"start":{},"end":{}}],"line":43},"9":{"loc":{"start":{"line":43,"column":10},"end":{"line":43,"column":59}},"type":"binary-expr","locations":[{"start":{"line":43,"column":10},"end":{"line":43,"column":22}},{"start":{"line":43,"column":26},"end":{"line":43,"column":59}}],"line":43},"10":{"loc":{"start":{"line":44,"column":6},"end":{"line":44,"column":65}},"type":"if","locations":[{"start":{"line":44,"column":6},"end":{"line":44,"column":65}},{"start":{},"end":{}}],"line":44},"11":{"loc":{"start":{"line":44,"column":10},"end":{"line":44,"column":50}},"type":"binary-expr","locations":[{"start":{"line":44,"column":10},"end":{"line":44,"column":19}},{"start":{"line":44,"column":23},"end":{"line":44,"column":50}}],"line":44},"12":{"loc":{"start":{"line":45,"column":6},"end":{"line":45,"column":74}},"type":"if","locations":[{"start":{"line":45,"column":6},"end":{"line":45,"column":74}},{"start":{},"end":{}}],"line":45},"13":{"loc":{"start":{"line":45,"column":10},"end":{"line":45,"column":59}},"type":"binary-expr","locations":[{"start":{"line":45,"column":10},"end":{"line":45,"column":22}},{"start":{"line":45,"column":26},"end":{"line":45,"column":59}}],"line":45},"14":{"loc":{"start":{"line":56,"column":37},"end":{"line":56,"column":87}},"type":"cond-expr","locations":[{"start":{"line":56,"column":62},"end":{"line":56,"column":73}},{"start":{"line":56,"column":76},"end":{"line":56,"column":87}}],"line":56},"15":{"loc":{"start":{"line":66,"column":46},"end":{"line":66,"column":96}},"type":"cond-expr","locations":[{"start":{"line":66,"column":71},"end":{"line":66,"column":82}},{"start":{"line":66,"column":85},"end":{"line":66,"column":96}}],"line":66},"16":{"loc":{"start":{"line":80,"column":13},"end":{"line":80,"column":24}},"type":"binary-expr","locations":[{"start":{"line":80,"column":13},"end":{"line":80,"column":18}},{"start":{"line":80,"column":22},"end":{"line":80,"column":24}}],"line":80},"17":{"loc":{"start":{"line":81,"column":25},"end":{"line":81,"column":50}},"type":"binary-expr","locations":[{"start":{"line":81,"column":25},"end":{"line":81,"column":42}},{"start":{"line":81,"column":46},"end":{"line":81,"column":50}}],"line":81},"18":{"loc":{"start":{"line":82,"column":16},"end":{"line":82,"column":30}},"type":"binary-expr","locations":[{"start":{"line":82,"column":16},"end":{"line":82,"column":24}},{"start":{"line":82,"column":28},"end":{"line":82,"column":30}}],"line":82},"19":{"loc":{"start":{"line":83,"column":25},"end":{"line":83,"column":63}},"type":"binary-expr","locations":[{"start":{"line":83,"column":25},"end":{"line":83,"column":57}},{"start":{"line":83,"column":61},"end":{"line":83,"column":63}}],"line":83},"20":{"loc":{"start":{"line":84,"column":22},"end":{"line":84,"column":54}},"type":"binary-expr","locations":[{"start":{"line":84,"column":22},"end":{"line":84,"column":48}},{"start":{"line":84,"column":52},"end":{"line":84,"column":54}}],"line":84},"21":{"loc":{"start":{"line":85,"column":25},"end":{"line":85,"column":52}},"type":"binary-expr","locations":[{"start":{"line":85,"column":25},"end":{"line":85,"column":46}},{"start":{"line":85,"column":50},"end":{"line":85,"column":52}}],"line":85},"22":{"loc":{"start":{"line":86,"column":20},"end":{"line":86,"column":53}},"type":"binary-expr","locations":[{"start":{"line":86,"column":20},"end":{"line":86,"column":46}},{"start":{"line":86,"column":50},"end":{"line":86,"column":53}}],"line":86},"23":{"loc":{"start":{"line":102,"column":4},"end":{"line":127,"column":5}},"type":"if","locations":[{"start":{"line":102,"column":4},"end":{"line":127,"column":5}},{"start":{"line":107,"column":11},"end":{"line":127,"column":5}}],"line":102},"24":{"loc":{"start":{"line":103,"column":25},"end":{"line":103,"column":93}},"type":"cond-expr","locations":[{"start":{"line":103,"column":48},"end":{"line":103,"column":69}},{"start":{"line":103,"column":72},"end":{"line":103,"column":93}}],"line":103},"25":{"loc":{"start":{"line":104,"column":29},"end":{"line":104,"column":81}},"type":"cond-expr","locations":[{"start":{"line":104,"column":52},"end":{"line":104,"column":65}},{"start":{"line":104,"column":68},"end":{"line":104,"column":81}}],"line":104},"26":{"loc":{"start":{"line":108,"column":6},"end":{"line":109,"column":36}},"type":"if","locations":[{"start":{"line":108,"column":6},"end":{"line":109,"column":36}},{"start":{"line":109,"column":11},"end":{"line":109,"column":36}}],"line":108},"27":{"loc":{"start":{"line":112,"column":27},"end":{"line":112,"column":65}},"type":"binary-expr","locations":[{"start":{"line":112,"column":27},"end":{"line":112,"column":44}},{"start":{"line":112,"column":48},"end":{"line":112,"column":65}}],"line":112},"28":{"loc":{"start":{"line":116,"column":33},"end":{"line":116,"column":65}},"type":"binary-expr","locations":[{"start":{"line":116,"column":33},"end":{"line":116,"column":43}},{"start":{"line":116,"column":47},"end":{"line":116,"column":65}}],"line":116},"29":{"loc":{"start":{"line":117,"column":6},"end":{"line":124,"column":7}},"type":"if","locations":[{"start":{"line":117,"column":6},"end":{"line":124,"column":7}},{"start":{},"end":{}}],"line":117},"30":{"loc":{"start":{"line":134,"column":6},"end":{"line":134,"column":68}},"type":"if","locations":[{"start":{"line":134,"column":6},"end":{"line":134,"column":68}},{"start":{},"end":{}}],"line":134},"31":{"loc":{"start":{"line":139,"column":6},"end":{"line":143,"column":7}},"type":"if","locations":[{"start":{"line":139,"column":6},"end":{"line":143,"column":7}},{"start":{},"end":{}}],"line":139},"32":{"loc":{"start":{"line":141,"column":27},"end":{"line":141,"column":89}},"type":"cond-expr","locations":[{"start":{"line":141,"column":56},"end":{"line":141,"column":71}},{"start":{"line":141,"column":74},"end":{"line":141,"column":89}}],"line":141}},"s":{"0":1,"1":1,"2":1,"3":1,"4":1,"5":1,"6":1,"7":1,"8":1,"9":0,"10":1,"11":0,"12":1,"13":0,"14":1,"15":0,"16":1,"17":0,"18":1,"19":1,"20":1,"21":0,"22":1,"23":1,"24":1,"25":1,"26":0,"27":1,"28":1,"29":1,"30":0,"31":1,"32":1,"33":1,"34":2,"35":2,"36":1,"37":1,"38":1,"39":1,"40":1,"41":0,"42":1,"43":1,"44":1,"45":1,"46":1,"47":1,"48":1,"49":1,"50":1,"51":2,"52":2,"53":1,"54":1,"55":1,"56":1,"57":1,"58":1,"59":1,"60":1},"f":{"0":1,"1":1,"2":0,"3":1,"4":0,"5":1,"6":0,"7":1,"8":2,"9":2},"b":{"0":[1,0],"1":[0,1],"2":[1,1],"3":[0,0],"4":[0,0],"5":[0,1],"6":[0,1],"7":[1,0],"8":[0,1],"9":[1,0],"10":[0,1],"11":[1,0],"12":[0,1],"13":[1,0],"14":[0,0],"15":[0,0],"16":[1,0],"17":[1,1],"18":[1,0],"19":[1,0],"20":[1,0],"21":[1,0],"22":[1,0],"23":[1,1],"24":[1,0],"25":[1,0],"26":[0,1],"27":[1,1],"28":[1,1],"29":[1,0],"30":[1,1],"31":[1,0],"32":[1,0]},"_coverageSchema":"1a1c01bbd47fc00a2c39e90264f33305004495a9","hash":"51d454ec6e1881e809ed02dd1f4a0b9e5d7a0c59"}
,"C:\\Users\\Admin\\Desktop\\Inżynierka\\MeTun\\metunback\\services\\profileService.js": {"path":"C:\\Users\\Admin\\Desktop\\Inżynierka\\MeTun\\metunback\\services\\profileService.js","statementMap":{"0":{"start":{"line":1,"column":16},"end":{"line":1,"column":44}},"1":{"start":{"line":2,"column":13},"end":{"line":2,"column":38}},"2":{"start":{"line":4,"column":24},"end":{"line":4,"column":51}},"3":{"start":{"line":5,"column":16},"end":{"line":5,"column":18}},"4":{"start":{"line":8,"column":16},"end":{"line":8,"column":26}},"5":{"start":{"line":9,"column":20},"end":{"line":9,"column":41}},"6":{"start":{"line":10,"column":12},"end":{"line":10,"column":57}},"7":{"start":{"line":11,"column":20},"end":{"line":11,"column":59}},"8":{"start":{"line":12,"column":2},"end":{"line":14,"column":3}},"9":{"start":{"line":13,"column":4},"end":{"line":13,"column":10}},"10":{"start":{"line":15,"column":2},"end":{"line":15,"column":13}},"11":{"start":{"line":20,"column":4},"end":{"line":20,"column":35}},"12":{"start":{"line":24,"column":4},"end":{"line":24,"column":45}},"13":{"start":{"line":28,"column":4},"end":{"line":28,"column":65}},"14":{"start":{"line":32,"column":20},"end":{"line":32,"column":57}},"15":{"start":{"line":33,"column":4},"end":{"line":33,"column":21}},"16":{"start":{"line":37,"column":68},"end":{"line":37,"column":72}},"17":{"start":{"line":39,"column":4},"end":{"line":39,"column":91}},"18":{"start":{"line":39,"column":27},"end":{"line":39,"column":91}},"19":{"start":{"line":40,"column":4},"end":{"line":40,"column":140}},"20":{"start":{"line":40,"column":53},"end":{"line":40,"column":140}},"21":{"start":{"line":41,"column":4},"end":{"line":46,"column":5}},"22":{"start":{"line":42,"column":18},"end":{"line":42,"column":41}},"23":{"start":{"line":43,"column":6},"end":{"line":43,"column":100}},"24":{"start":{"line":43,"column":28},"end":{"line":43,"column":100}},"25":{"start":{"line":44,"column":18},"end":{"line":44,"column":35}},"26":{"start":{"line":45,"column":6},"end":{"line":45,"column":102}},"27":{"start":{"line":45,"column":25},"end":{"line":45,"column":102}},"28":{"start":{"line":48,"column":17},"end":{"line":48,"column":45}},"29":{"start":{"line":49,"column":4},"end":{"line":49,"column":65}},"30":{"start":{"line":49,"column":15},"end":{"line":49,"column":65}},"31":{"start":{"line":51,"column":21},"end":{"line":51,"column":59}},"32":{"start":{"line":52,"column":4},"end":{"line":52,"column":89}},"33":{"start":{"line":52,"column":18},"end":{"line":52,"column":89}},"34":{"start":{"line":54,"column":28},"end":{"line":54,"column":93}},"35":{"start":{"line":56,"column":4},"end":{"line":64,"column":7}},"36":{"start":{"line":68,"column":20},"end":{"line":68,"column":56}},"37":{"start":{"line":69,"column":4},"end":{"line":69,"column":70}},"38":{"start":{"line":69,"column":18},"end":{"line":69,"column":70}},"39":{"start":{"line":71,"column":59},"end":{"line":71,"column":63}},"40":{"start":{"line":73,"column":4},"end":{"line":73,"column":140}},"41":{"start":{"line":73,"column":53},"end":{"line":73,"column":140}},"42":{"start":{"line":74,"column":4},"end":{"line":79,"column":5}},"43":{"start":{"line":75,"column":18},"end":{"line":75,"column":41}},"44":{"start":{"line":76,"column":6},"end":{"line":76,"column":100}},"45":{"start":{"line":76,"column":28},"end":{"line":76,"column":100}},"46":{"start":{"line":77,"column":18},"end":{"line":77,"column":35}},"47":{"start":{"line":78,"column":6},"end":{"line":78,"column":102}},"48":{"start":{"line":78,"column":25},"end":{"line":78,"column":102}},"49":{"start":{"line":81,"column":4},"end":{"line":81,"column":92}},"50":{"start":{"line":81,"column":14},"end":{"line":81,"column":92}},"51":{"start":{"line":82,"column":4},"end":{"line":82,"column":48}},"52":{"start":{"line":82,"column":28},"end":{"line":82,"column":48}},"53":{"start":{"line":83,"column":4},"end":{"line":83,"column":45}},"54":{"start":{"line":83,"column":27},"end":{"line":83,"column":45}},"55":{"start":{"line":84,"column":4},"end":{"line":84,"column":75}},"56":{"start":{"line":84,"column":37},"end":{"line":84,"column":75}},"57":{"start":{"line":85,"column":4},"end":{"line":85,"column":54}},"58":{"start":{"line":85,"column":30},"end":{"line":85,"column":54}},"59":{"start":{"line":86,"column":4},"end":{"line":86,"column":60}},"60":{"start":{"line":86,"column":32},"end":{"line":86,"column":60}},"61":{"start":{"line":88,"column":4},"end":{"line":88,"column":25}},"62":{"start":{"line":89,"column":4},"end":{"line":89,"column":19}},"63":{"start":{"line":93,"column":20},"end":{"line":93,"column":56}},"64":{"start":{"line":94,"column":4},"end":{"line":94,"column":70}},"65":{"start":{"line":94,"column":18},"end":{"line":94,"column":70}},"66":{"start":{"line":95,"column":4},"end":{"line":95,"column":28}},"67":{"start":{"line":96,"column":4},"end":{"line":96,"column":16}},"68":{"start":{"line":100,"column":0},"end":{"line":100,"column":38}}},"fnMap":{"0":{"name":"calculateAge","decl":{"start":{"line":7,"column":9},"end":{"line":7,"column":21}},"loc":{"start":{"line":7,"column":35},"end":{"line":16,"column":1}},"line":7},"1":{"name":"(anonymous_1)","decl":{"start":{"line":19,"column":2},"end":{"line":19,"column":3}},"loc":{"start":{"line":19,"column":25},"end":{"line":21,"column":3}},"line":19},"2":{"name":"(anonymous_2)","decl":{"start":{"line":23,"column":2},"end":{"line":23,"column":3}},"loc":{"start":{"line":23,"column":34},"end":{"line":25,"column":3}},"line":23},"3":{"name":"(anonymous_3)","decl":{"start":{"line":27,"column":2},"end":{"line":27,"column":3}},"loc":{"start":{"line":27,"column":35},"end":{"line":29,"column":3}},"line":27},"4":{"name":"(anonymous_4)","decl":{"start":{"line":31,"column":2},"end":{"line":31,"column":3}},"loc":{"start":{"line":31,"column":33},"end":{"line":34,"column":3}},"line":31},"5":{"name":"(anonymous_5)","decl":{"start":{"line":36,"column":2},"end":{"line":36,"column":3}},"loc":{"start":{"line":36,"column":40},"end":{"line":65,"column":3}},"line":36},"6":{"name":"(anonymous_6)","decl":{"start":{"line":67,"column":2},"end":{"line":67,"column":3}},"loc":{"start":{"line":67,"column":51},"end":{"line":90,"column":3}},"line":67},"7":{"name":"(anonymous_7)","decl":{"start":{"line":92,"column":2},"end":{"line":92,"column":3}},"loc":{"start":{"line":92,"column":33},"end":{"line":97,"column":3}},"line":92}},"branchMap":{"0":{"loc":{"start":{"line":12,"column":2},"end":{"line":14,"column":3}},"type":"if","locations":[{"start":{"line":12,"column":2},"end":{"line":14,"column":3}},{"start":{},"end":{}}],"line":12},"1":{"loc":{"start":{"line":12,"column":6},"end":{"line":12,"column":81}},"type":"binary-expr","locations":[{"start":{"line":12,"column":6},"end":{"line":12,"column":19}},{"start":{"line":12,"column":24},"end":{"line":12,"column":39}},{"start":{"line":12,"column":43},"end":{"line":12,"column":80}}],"line":12},"2":{"loc":{"start":{"line":39,"column":4},"end":{"line":39,"column":91}},"type":"if","locations":[{"start":{"line":39,"column":4},"end":{"line":39,"column":91}},{"start":{},"end":{}}],"line":39},"3":{"loc":{"start":{"line":39,"column":8},"end":{"line":39,"column":25}},"type":"binary-expr","locations":[{"start":{"line":39,"column":8},"end":{"line":39,"column":16}},{"start":{"line":39,"column":20},"end":{"line":39,"column":25}}],"line":39},"4":{"loc":{"start":{"line":40,"column":4},"end":{"line":40,"column":140}},"type":"if","locations":[{"start":{"line":40,"column":4},"end":{"line":40,"column":140}},{"start":{},"end":{}}],"line":40},"5":{"loc":{"start":{"line":40,"column":8},"end":{"line":40,"column":51}},"type":"binary-expr","locations":[{"start":{"line":40,"column":8},"end":{"line":40,"column":14}},{"start":{"line":40,"column":18},"end":{"line":40,"column":51}}],"line":40},"6":{"loc":{"start":{"line":41,"column":4},"end":{"line":46,"column":5}},"type":"if","locations":[{"start":{"line":41,"column":4},"end":{"line":46,"column":5}},{"start":{},"end":{}}],"line":41},"7":{"loc":{"start":{"line":43,"column":6},"end":{"line":43,"column":100}},"type":"if","locations":[{"start":{"line":43,"column":6},"end":{"line":43,"column":100}},{"start":{},"end":{}}],"line":43},"8":{"loc":{"start":{"line":45,"column":6},"end":{"line":45,"column":102}},"type":"if","locations":[{"start":{"line":45,"column":6},"end":{"line":45,"column":102}},{"start":{},"end":{}}],"line":45},"9":{"loc":{"start":{"line":49,"column":4},"end":{"line":49,"column":65}},"type":"if","locations":[{"start":{"line":49,"column":4},"end":{"line":49,"column":65}},{"start":{},"end":{}}],"line":49},"10":{"loc":{"start":{"line":52,"column":4},"end":{"line":52,"column":89}},"type":"if","locations":[{"start":{"line":52,"column":4},"end":{"line":52,"column":89}},{"start":{},"end":{}}],"line":52},"11":{"loc":{"start":{"line":54,"column":28},"end":{"line":54,"column":93}},"type":"cond-expr","locations":[{"start":{"line":54,"column":35},"end":{"line":54,"column":86}},{"start":{"line":54,"column":89},"end":{"line":54,"column":93}}],"line":54},"12":{"loc":{"start":{"line":59,"column":11},"end":{"line":59,"column":22}},"type":"binary-expr","locations":[{"start":{"line":59,"column":11},"end":{"line":59,"column":14}},{"start":{"line":59,"column":18},"end":{"line":59,"column":22}}],"line":59},"13":{"loc":{"start":{"line":61,"column":21},"end":{"line":61,"column":42}},"type":"binary-expr","locations":[{"start":{"line":61,"column":21},"end":{"line":61,"column":34}},{"start":{"line":61,"column":38},"end":{"line":61,"column":42}}],"line":61},"14":{"loc":{"start":{"line":62,"column":14},"end":{"line":62,"column":28}},"type":"binary-expr","locations":[{"start":{"line":62,"column":14},"end":{"line":62,"column":20}},{"start":{"line":62,"column":24},"end":{"line":62,"column":28}}],"line":62},"15":{"loc":{"start":{"line":63,"column":16},"end":{"line":63,"column":32}},"type":"binary-expr","locations":[{"start":{"line":63,"column":16},"end":{"line":63,"column":24}},{"start":{"line":63,"column":28},"end":{"line":63,"column":32}}],"line":63},"16":{"loc":{"start":{"line":69,"column":4},"end":{"line":69,"column":70}},"type":"if","locations":[{"start":{"line":69,"column":4},"end":{"line":69,"column":70}},{"start":{},"end":{}}],"line":69},"17":{"loc":{"start":{"line":73,"column":4},"end":{"line":73,"column":140}},"type":"if","locations":[{"start":{"line":73,"column":4},"end":{"line":73,"column":140}},{"start":{},"end":{}}],"line":73},"18":{"loc":{"start":{"line":73,"column":8},"end":{"line":73,"column":51}},"type":"binary-expr","locations":[{"start":{"line":73,"column":8},"end":{"line":73,"column":14}},{"start":{"line":73,"column":18},"end":{"line":73,"column":51}}],"line":73},"19":{"loc":{"start":{"line":74,"column":4},"end":{"line":79,"column":5}},"type":"if","locations":[{"start":{"line":74,"column":4},"end":{"line":79,"column":5}},{"start":{},"end":{}}],"line":74},"20":{"loc":{"start":{"line":76,"column":6},"end":{"line":76,"column":100}},"type":"if","locations":[{"start":{"line":76,"column":6},"end":{"line":76,"column":100}},{"start":{},"end":{}}],"line":76},"21":{"loc":{"start":{"line":78,"column":6},"end":{"line":78,"column":102}},"type":"if","locations":[{"start":{"line":78,"column":6},"end":{"line":78,"column":102}},{"start":{},"end":{}}],"line":78},"22":{"loc":{"start":{"line":81,"column":4},"end":{"line":81,"column":92}},"type":"if","locations":[{"start":{"line":81,"column":4},"end":{"line":81,"column":92}},{"start":{},"end":{}}],"line":81},"23":{"loc":{"start":{"line":82,"column":4},"end":{"line":82,"column":48}},"type":"if","locations":[{"start":{"line":82,"column":4},"end":{"line":82,"column":48}},{"start":{},"end":{}}],"line":82},"24":{"loc":{"start":{"line":83,"column":4},"end":{"line":83,"column":45}},"type":"if","locations":[{"start":{"line":83,"column":4},"end":{"line":83,"column":45}},{"start":{},"end":{}}],"line":83},"25":{"loc":{"start":{"line":84,"column":4},"end":{"line":84,"column":75}},"type":"if","locations":[{"start":{"line":84,"column":4},"end":{"line":84,"column":75}},{"start":{},"end":{}}],"line":84},"26":{"loc":{"start":{"line":85,"column":4},"end":{"line":85,"column":54}},"type":"if","locations":[{"start":{"line":85,"column":4},"end":{"line":85,"column":54}},{"start":{},"end":{}}],"line":85},"27":{"loc":{"start":{"line":86,"column":4},"end":{"line":86,"column":60}},"type":"if","locations":[{"start":{"line":86,"column":4},"end":{"line":86,"column":60}},{"start":{},"end":{}}],"line":86},"28":{"loc":{"start":{"line":94,"column":4},"end":{"line":94,"column":70}},"type":"if","locations":[{"start":{"line":94,"column":4},"end":{"line":94,"column":70}},{"start":{},"end":{}}],"line":94}},"s":{"0":1,"1":1,"2":1,"3":1,"4":3,"5":3,"6":3,"7":3,"8":3,"9":0,"10":3,"11":1,"12":1,"13":1,"14":2,"15":2,"16":7,"17":7,"18":1,"19":6,"20":1,"21":5,"22":2,"23":2,"24":1,"25":1,"26":1,"27":1,"28":3,"29":3,"30":1,"31":2,"32":2,"33":1,"34":1,"35":1,"36":6,"37":6,"38":1,"39":5,"40":5,"41":1,"42":4,"43":3,"44":3,"45":1,"46":2,"47":2,"48":1,"49":2,"50":1,"51":2,"52":2,"53":2,"54":1,"55":2,"56":1,"57":2,"58":1,"59":2,"60":1,"61":2,"62":2,"63":2,"64":2,"65":1,"66":1,"67":1,"68":1},"f":{"0":3,"1":1,"2":1,"3":1,"4":2,"5":7,"6":6,"7":2},"b":{"0":[0,3],"1":[3,3,2],"2":[1,6],"3":[7,6],"4":[1,5],"5":[6,1],"6":[2,3],"7":[1,1],"8":[1,0],"9":[1,2],"10":[1,1],"11":[1,0],"12":[1,1],"13":[1,1],"14":[1,1],"15":[1,1],"16":[1,5],"17":[1,4],"18":[5,2],"19":[3,1],"20":[1,2],"21":[1,1],"22":[1,1],"23":[2,0],"24":[1,1],"25":[1,1],"26":[1,1],"27":[1,1],"28":[1,1]},"_coverageSchema":"1a1c01bbd47fc00a2c39e90264f33305004495a9","hash":"970cf2468557b8bb0eb68d0e836d2efdea8b272d"}
,"C:\\Users\\Admin\\Desktop\\Inżynierka\\MeTun\\metunback\\services\\reportService.js": {"path":"C:\\Users\\Admin\\Desktop\\Inżynierka\\MeTun\\metunback\\services\\reportService.js","statementMap":{"0":{"start":{"line":1,"column":15},"end":{"line":1,"column":42}},"1":{"start":{"line":5,"column":4},"end":{"line":10,"column":7}},"2":{"start":{"line":14,"column":0},"end":{"line":14,"column":37}}},"fnMap":{"0":{"name":"(anonymous_0)","decl":{"start":{"line":4,"column":2},"end":{"line":4,"column":3}},"loc":{"start":{"line":4,"column":69},"end":{"line":11,"column":3}},"line":4}},"branchMap":{"0":{"loc":{"start":{"line":9,"column":22},"end":{"line":9,"column":44}},"type":"binary-expr","locations":[{"start":{"line":9,"column":22},"end":{"line":9,"column":36}},{"start":{"line":9,"column":40},"end":{"line":9,"column":44}}],"line":9}},"s":{"0":1,"1":2,"2":1},"f":{"0":2},"b":{"0":[2,1]},"_coverageSchema":"1a1c01bbd47fc00a2c39e90264f33305004495a9","hash":"45e865bce30a6f4eb3c035cef1e5eb5c974ac51c"}
,"C:\\Users\\Admin\\Desktop\\Inżynierka\\MeTun\\metunback\\services\\universityService.js": {"path":"C:\\Users\\Admin\\Desktop\\Inżynierka\\MeTun\\metunback\\services\\universityService.js","statementMap":{"0":{"start":{"line":1,"column":19},"end":{"line":1,"column":50}},"1":{"start":{"line":2,"column":26},"end":{"line":2,"column":46}},"2":{"start":{"line":4,"column":0},"end":{"line":15,"column":2}},"3":{"start":{"line":5,"column":2},"end":{"line":13,"column":3}},"4":{"start":{"line":6,"column":4},"end":{"line":12,"column":7}},"5":{"start":{"line":14,"column":2},"end":{"line":14,"column":30}},"6":{"start":{"line":17,"column":0},"end":{"line":19,"column":2}},"7":{"start":{"line":18,"column":2},"end":{"line":18,"column":33}},"8":{"start":{"line":21,"column":0},"end":{"line":23,"column":2}},"9":{"start":{"line":22,"column":2},"end":{"line":22,"column":33}},"10":{"start":{"line":25,"column":0},"end":{"line":30,"column":2}},"11":{"start":{"line":26,"column":14},"end":{"line":26,"column":43}},"12":{"start":{"line":27,"column":2},"end":{"line":27,"column":24}},"13":{"start":{"line":27,"column":12},"end":{"line":27,"column":24}},"14":{"start":{"line":29,"column":2},"end":{"line":29,"column":26}},"15":{"start":{"line":32,"column":0},"end":{"line":38,"column":2}},"16":{"start":{"line":33,"column":14},"end":{"line":33,"column":43}},"17":{"start":{"line":34,"column":2},"end":{"line":34,"column":24}},"18":{"start":{"line":34,"column":12},"end":{"line":34,"column":24}},"19":{"start":{"line":36,"column":2},"end":{"line":36,"column":22}},"20":{"start":{"line":37,"column":2},"end":{"line":37,"column":14}}},"fnMap":{"0":{"name":"(anonymous_0)","decl":{"start":{"line":4,"column":17},"end":{"line":4,"column":18}},"loc":{"start":{"line":4,"column":34},"end":{"line":15,"column":1}},"line":4},"1":{"name":"(anonymous_1)","decl":{"start":{"line":17,"column":18},"end":{"line":17,"column":19}},"loc":{"start":{"line":17,"column":32},"end":{"line":19,"column":1}},"line":17},"2":{"name":"(anonymous_2)","decl":{"start":{"line":21,"column":17},"end":{"line":21,"column":18}},"loc":{"start":{"line":21,"column":33},"end":{"line":23,"column":1}},"line":21},"3":{"name":"(anonymous_3)","decl":{"start":{"line":25,"column":17},"end":{"line":25,"column":18}},"loc":{"start":{"line":25,"column":37},"end":{"line":30,"column":1}},"line":25},"4":{"name":"(anonymous_4)","decl":{"start":{"line":32,"column":17},"end":{"line":32,"column":18}},"loc":{"start":{"line":32,"column":31},"end":{"line":38,"column":1}},"line":32}},"branchMap":{"0":{"loc":{"start":{"line":5,"column":2},"end":{"line":13,"column":3
[...]
mn":20},"end":{"line":30,"column":25}},"12":{"start":{"line":33,"column":6},"end":{"line":39,"column":7}},"13":{"start":{"line":35,"column":8},"end":{"line":38,"column":9}},"14":{"start":{"line":36,"column":10},"end":{"line":36,"column":31}},"15":{"start":{"line":37,"column":10},"end":{"line":37,"column":25}},"16":{"start":{"line":41,"column":6},"end":{"line":45,"column":7}},"17":{"start":{"line":42,"column":8},"end":{"line":42,"column":23}},"18":{"start":{"line":44,"column":8},"end":{"line":44,"column":69}},"19":{"start":{"line":47,"column":6},"end":{"line":61,"column":8}},"20":{"start":{"line":67,"column":54},"end":{"line":67,"column":58}},"21":{"start":{"line":69,"column":18},"end":{"line":69,"column":76}},"22":{"start":{"line":70,"column":4},"end":{"line":70,"column":53}},"23":{"start":{"line":70,"column":20},"end":{"line":70,"column":53}},"24":{"start":{"line":72,"column":24},"end":{"line":72,"column":42}},"25":{"start":{"line":74,"column":4},"end":{"line":86,"column":7}},"26":{"start":{"line":91,"column":4},"end":{"line":91,"column":62}},"27":{"start":{"line":91,"column":24},"end":{"line":91,"column":62}},"28":{"start":{"line":93,"column":19},"end":{"line":95,"column":6}},"29":{"start":{"line":96,"column":4},"end":{"line":96,"column":46}},"30":{"start":{"line":96,"column":17},"end":{"line":96,"column":46}},"31":{"start":{"line":97,"column":4},"end":{"line":97,"column":71}},"32":{"start":{"line":97,"column":37},"end":{"line":97,"column":71}},"33":{"start":{"line":98,"column":4},"end":{"line":98,"column":59}},"34":{"start":{"line":98,"column":22},"end":{"line":98,"column":59}},"35":{"start":{"line":100,"column":18},"end":{"line":100,"column":28}},"36":{"start":{"line":101,"column":16},"end":{"line":101,"column":68}},"37":{"start":{"line":103,"column":4},"end":{"line":103,"column":24}},"38":{"start":{"line":104,"column":4},"end":{"line":104,"column":36}},"39":{"start":{"line":105,"column":4},"end":{"line":105,"column":32}},"40":{"start":{"line":106,"column":4},"end":{"line":106,"column":29}},"41":{"start":{"line":107,"column":4},"end":{"line":107,"column":24}},"42":{"start":{"line":109,"column":4},"end":{"line":109,"column":26}},"43":{"start":{"line":110,"column":4},"end":{"line":110,"column":22}},"44":{"start":{"line":112,"column":4},"end":{"line":112,"column":77}},"45":{"start":{"line":114,"column":4},"end":{"line":114,"column":18}},"46":{"start":{"line":119,"column":19},"end":{"line":121,"column":6}},"47":{"start":{"line":122,"column":4},"end":{"line":122,"column":46}},"48":{"start":{"line":122,"column":17},"end":{"line":122,"column":46}},"49":{"start":{"line":124,"column":4},"end":{"line":131,"column":5}},"50":{"start":{"line":125,"column":22},"end":{"line":129,"column":7}},"51":{"start":{"line":130,"column":6},"end":{"line":130,"column":61}},"52":{"start":{"line":130,"column":34},"end":{"line":130,"column":59}},"53":{"start":{"line":133,"column":4},"end":{"line":133,"column":33}},"54":{"start":{"line":135,"column":4},"end":{"line":141,"column":5}},"55":{"start":{"line":136,"column":6},"end":{"line":136,"column":32}},"56":{"start":{"line":137,"column":6},"end":{"line":137,"column":27}},"57":{"start":{"line":138,"column":6},"end":{"line":138,"column":37}},"58":{"start":{"line":139,"column":6},"end":{"line":139,"column":35}},"59":{"start":{"line":140,"column":6},"end":{"line":140,"column":32}},"60":{"start":{"line":143,"column":4},"end":{"line":143,"column":24}},"61":{"start":{"line":144,"column":4},"end":{"line":144,"column":31}},"62":{"start":{"line":149,"column":19},"end":{"line":151,"column":6}},"63":{"start":{"line":152,"column":4},"end":{"line":152,"column":46}},"64":{"start":{"line":152,"column":17},"end":{"line":152,"column":46}},"65":{"start":{"line":154,"column":4},"end":{"line":161,"column":5}},"66":{"start":{"line":155,"column":23},"end":{"line":159,"column":7}},"67":{"start":{"line":160,"column":6},"end":{"line":160,"column":62}},"68":{"start":{"line":160,"column":35},"end":{"line":160,"column":60}},"69":{"start":{"line":163,"column":4},"end":{"line":163,"column":27}},"70":{"start":{"line":164,"column":4},"end":{"line":164,"column":16}},"71":{"start":{"line":169,"column":20},"end":{"line":177,"column":6}},"72":{"start":{"line":179,"column":16},"end":{"line":179,"column":26}},"73":{"start":{"line":182,"column":22},"end":{"line":208,"column":6}},"74":{"start":{"line":183,"column":26},"end":{"line":183,"column":80}},"75":{"start":{"line":186,"column":25},"end":{"line":186,"column":33}},"76":{"start":{"line":187,"column":6},"end":{"line":191,"column":7}},"77":{"start":{"line":189,"column":8},"end":{"line":189,"column":33}},"78":{"start":{"line":190,"column":8},"end":{"line":190,"column":30}},"79":{"start":{"line":193,"column":6},"end":{"line":207,"column":8}},"80":{"start":{"line":211,"column":19},"end":{"line":217,"column":5}},"81":{"start":{"line":219,"column":4},"end":{"line":227,"column":5}},"82":{"start":{"line":220,"column":6},"end":{"line":226,"column":7}},"83":{"start":{"line":221,"column":8},"end":{"line":221,"column":31}},"84":{"start":{"line":222,"column":13},"end":{"line":226,"column":7}},"85":{"start":{"line":223,"column":8},"end":{"line":223,"column":29}},"86":{"start":{"line":225,"column":8},"end":{"line":225,"column":34}},"87":{"start":{"line":229,"column":4},"end":{"line":229,"column":18}},"88":{"start":{"line":237,"column":19},"end":{"line":237,"column":63}},"89":{"start":{"line":238,"column":4},"end":{"line":238,"column":46}},"90":{"start":{"line":238,"column":17},"end":{"line":238,"column":46}},"91":{"start":{"line":240,"column":4},"end":{"line":240,"column":27}},"92":{"start":{"line":241,"column":4},"end":{"line":241,"column":76}},"93":{"start":{"line":242,"column":4},"end":{"line":242,"column":24}},"94":{"start":{"line":244,"column":4},"end":{"line":275,"column":5}},"95":{"start":{"line":245,"column":18},"end":{"line":245,"column":89}},"96":{"start":{"line":247,"column":6},"end":{"line":274,"column":7}},"97":{"start":{"line":248,"column":27},"end":{"line":248,"column":74}},"98":{"start":{"line":249,"column":8},"end":{"line":254,"column":11}},"99":{"start":{"line":256,"column":8},"end":{"line":260,"column":11}},"100":{"start":{"line":263,"column":26},"end":{"line":265,"column":10}},"101":{"start":{"line":267,"column":8},"end":{"line":273,"column":9}},"102":{"start":{"line":268,"column":10},"end":{"line":272,"column":13}},"103":{"start":{"line":277,"column":4},"end":{"line":277,"column":16}},"104":{"start":{"line":282,"column":4},"end":{"line":282,"column":36}},"105":{"start":{"line":287,"column":4},"end":{"line":287,"column":39}},"106":{"start":{"line":291,"column":0},"end":{"line":291,"column":45}}},"fnMap":{"0":{"name":"(anonymous_0)","decl":{"start":{"line":18,"column":2},"end":{"line":18,"column":3}},"loc":{"start":{"line":18,"column":50},"end":{"line":63,"column":3}},"line":18},"1":{"name":"(anonymous_1)","decl":{"start":{"line":29,"column":35},"end":{"line":29,"column":36}},"loc":{"start":{"line":29,"column":48},"end":{"line":62,"column":5}},"line":29},"2":{"name":"(anonymous_2)","decl":{"start":{"line":66,"column":2},"end":{"line":66,"column":3}},"loc":{"start":{"line":66,"column":46},"end":{"line":87,"column":3}},"line":66},"3":{"name":"(anonymous_3)","decl":{"start":{"line":90,"column":2},"end":{"line":90,"column":3}},"loc":{"start":{"line":90,"column":43},"end":{"line":115,"column":3}},"line":90},"4":{"name":"(anonymous_4)","decl":{"start":{"line":118,"column":2},"end":{"line":118,"column":3}},"loc":{"start":{"line":118,"column":54},"end":{"line":145,"column":3}},"line":118},"5":{"name":"(anonymous_5)","decl":{"start":{"line":130,"column":25},"end":{"line":130,"column":26}},"loc":{"start":{"line":130,"column":34},"end":{"line":130,"column":59}},"line":130},"6":{"name":"(anonymous_6)","decl":{"start":{"line":148,"column":2},"end":{"line":148,"column":3}},"loc":{"start":{"line":148,"column":52},"end":{"line":165,"column":3}},"line":148},"7":{"name":"(anonymous_7)","decl":{"start":{"line":160,"column":26},"end":{"line":160,"column":27}},"loc":{"start":{"line":160,"column":35},"end":{"line":160,"column":60}},"line":160},"8":{"name":"(anonymous_8)","decl":{"start":{"line":168,"column":2},"end":{"line":168,"column":3}},"loc":{"start":{"line":168,"column":34},"end":{"line":230,"column":3}},"line":168},"9":{"name":"(anonymous_9)","decl":{"start":{"line":182,"column":34},"end":{"line":182,"column":35}},"loc":{"start":{"line":182,"column":39},"end":{"line":208,"column":5}},"line":182},"10":{"name":"(anonymous_10)","decl":{"start":{"line":236,"column":2},"end":{"line":236,"column":3}},"loc":{"start":{"line":236,"column":44},"end":{"line":278,"column":3}},"line":236},"11":{"name":"(anonymous_11)","decl":{"start":{"line":281,"column":2},"end":{"line":281,"column":3}},"loc":{"start":{"line":281,"column":23},"end":{"line":283,"column":3}},"line":281},"12":{"name":"(anonymous_12)","decl":{"start":{"line":286,"column":2},"end":{"line":286,"column":3}},"loc":{"start":{"line":286,"column":21},"end":{"line":288,"column":3}},"line":286}},"branchMap":{"0":{"loc":{"start":{"line":20,"column":4},"end":{"line":20,"column":50}},"type":"if","locations":[{"start":{"line":20,"column":4},"end":{"line":20,"column":50}},{"start":{},"end":{}}],"line":20},"1":{"loc":{"start":{"line":33,"column":6},"end":{"line":39,"column":7}},"type":"if","locations":[{"start":{"line":33,"column":6},"end":{"line":39,"column":7}},{"start":{},"end":{}}],"line":33},"2":{"loc":{"start":{"line":33,"column":10},"end":{"line":34,"column":60}},"type":"binary-expr","locations":[{"start":{"line":33,"column":11},"end":{"line":33,"column":18}},{"start":{"line":33,"column":22},"end":{"line":33,"column":38}},{"start":{"line":33,"column":42},"end":{"line":33,"column":64}},{"start":{"line":34,"column":11},"end":{"line":34,"column":19}},{"start":{"line":34,"column":23},"end":{"line":34,"column":36}},{"start":{"line":34,"column":40},"end":{"line":34,"column":59}}],"line":33},"3":{"loc":{"start":{"line":35,"column":8},"end":{"line":38,"column":9}},"type":"if","locations":[{"start":{"line":35,"column":8},"end":{"line":38,"column":9}},{"start":{},"end":{}}],"line":35},"4":{"loc":{"start":{"line":41,"column":6},"end":{"line":45,"column":7}},"type":"if","locations":[{"start":{"line":41,"column":6},"end":{"line":45,"column":7}},{"start":{},"end":{}}],"line":41},"5":{"loc":{"start":{"line":49,"column":25},"end":{"line":49,"column":60}},"type":"binary-expr","locations":[{"start":{"line":49,"column":25},"end":{"line":49,"column":54}},{"start":{"line":49,"column":58},"end":{"line":49,"column":60}}],"line":49},"6":{"loc":{"start":{"line":50,"column":22},"end":{"line":50,"column":51}},"type":"binary-expr","locations":[{"start":{"line":50,"column":22},"end":{"line":50,"column":45}},{"start":{"line":50,"column":49},"end":{"line":50,"column":51}}],"line":50},"7":{"loc":{"start":{"line":51,"column":25},"end":{"line":51,"column":49}},"type":"binary-expr","locations":[{"start":{"line":51,"column":25},"end":{"line":51,"column":43}},{"start":{"line":51,"column":47},"end":{"line":51,"column":49}}],"line":51},"8":{"loc":{"start":{"line":70,"column":4},"end":{"line":70,"column":53}},"type":"if","locations":[{"start":{"line":70,"column":4},"end":{"line":70,"column":53}},{"start":{},"end":{}}],"line":70},"9":{"loc":{"start":{"line":72,"column":24},"end":{"line":72,"column":42}},"type":"cond-expr","locations":[{"start":{"line":72,"column":31},"end":{"line":72,"column":35}},{"start":{"line":72,"column":38},"end":{"line":72,"column":42}}],"line":72},"10":{"loc":{"start":{"line":91,"column":4},"end":{"line":91,"column":62}},"type":"if","locations":[{"start":{"line":91,"column":4},"end":{"line":91,"column":62}},{"start":{},"end":{}}],"line":91},"11":{"loc":{"start":{"line":96,"column":4},"end":{"line":96,"column":46}},"type":"if","locations":[{"start":{"line":96,"column":4},"end":{"line":96,"column":46}},{"start":{},"end":{}}],"line":96},"12":{"loc":{"start":{"line":97,"column":4},"end":{"line":97,"column":71}},"type":"if","locations":[{"start":{"line":97,"column":4},"end":{"line":97,"column":71}},{"start":{},"end":{}}],"line":97},"13":{"loc":{"start":{"line":98,"column":4},"end":{"line":98,"column":59}},"type":"if","locations":[{"start":{"line":98,"column":4},"end":{"line":98,"column":59}},{"start":{},"end":{}}],"line":98},"14":{"loc":{"start":{"line":122,"column":4},"end":{"line":122,"column":46}},"type":"if","locations":[{"start":{"line":122,"column":4},"end":{"line":122,"column":46}},{"start":{},"end":{}}],"line":122},"15":{"loc":{"start":{"line":124,"column":4},"end":{"line":131,"column":5}},"type":"if","locations":[{"start":{"line":124,"column":4},"end":{"line":131,"column":5}},{"start":{},"end":{}}],"line":124},"16":{"loc":{"start":{"line":130,"column":34},"end":{"line":130,"column":59}},"type":"binary-expr","locations":[{"start":{"line":130,"column":34},"end":{"line":130,"column":37}},{"start":{"line":130,"column":41},"end":{"line":130,"column":59}}],"line":130},"17":{"loc":{"start":{"line":135,"column":4},"end":{"line":141,"column":5}},"type":"if","locations":[{"start":{"line":135,"column":4},"end":{"line":141,"column":5}},{"start":{},"end":{}}],"line":135},"18":{"loc":{"start":{"line":152,"column":4},"end":{"line":152,"column":46}},"type":"if","locations":[{"start":{"line":152,"column":4},"end":{"line":152,"column":46}},{"start":{},"end":{}}],"line":152},"19":{"loc":{"start":{"line":154,"column":4},"end":{"line":161,"column":5}},"type":"if","locations":[{"start":{"line":154,"column":4},"end":{"line":161,"column":5}},{"start":{},"end":{}}],"line":154},"20":{"loc":{"start":{"line":160,"column":35},"end":{"line":160,"column":60}},"type":"binary-expr","locations":[{"start":{"line":160,"column":35},"end":{"line":160,"column":38}},{"start":{"line":160,"column":42},"end":{"line":160,"column":60}}],"line":160},"21":{"loc":{"start":{"line":183,"column":26},"end":{"line":183,"column":80}},"type":"binary-expr","locations":[{"start":{"line":183,"column":26},"end":{"line":183,"column":33}},{"start":{"line":183,"column":37},"end":{"line":183,"column":53}},{"start":{"line":183,"column":57},"end":{"line":183,"column":80}}],"line":183},"22":{"loc":{"start":{"line":187,"column":6},"end":{"line":191,"column":7}},"type":"if","locations":[{"start":{"line":187,"column":6},"end":{"line":191,"column":7}},{"start":{},"end":{}}],"line":187},"23":{"loc":{"start":{"line":187,"column":10},"end":{"line":188,"column":60}},"type":"binary-expr","locations":[{"start":{"line":187,"column":11},"end":{"line":187,"column":18}},{"start":{"line":187,"column":22},"end":{"line":187,"column":38}},{"start":{"line":187,"column":42},"end":{"line":187,"column":64}},{"start":{"line":188,"column":11},"end":{"line":188,"column":19}},{"start":{"line":188,"column":23},"end":{"line":188,"column":36}},{"start":{"line":188,"column":40},"end":{"line":188,"column":59}}],"line":187},"24":{"loc":{"start":{"line":199,"column":25},"end":{"line":199,"column":60}},"type":"binary-expr","locations":[{"start":{"line":199,"column":25},"end":{"line":199,"column":54}},{"start":{"line":199,"column":58},"end":{"line":199,"column":60}}],"line":199},"25":{"loc":{"start":{"line":200,"column":22},"end":{"line":200,"column":51}},"type":"binary-expr","locations":[{"start":{"line":200,"column":22},"end":{"line":200,"column":45}},{"start":{"line":200,"column":49},"end":{"line":200,"column":51}}],"line":200},"26":{"loc":{"start":{"line":201,"column":25},"end":{"line":201,"column":49}},"type":"binary-expr","locations":[{"start":{"line":201,"column":25},"end":{"line":201,"column":43}},{"start":{"line":201,"column":47},"end":{"line":201,"column":49}}],"line":201},"27":{"loc":{"start":{"line":202,"column":19},"end":{"line":202,"column":75}},"type":"cond-expr","locations":[{"start":{"line":202,"column":28},"end":{"line":202,"column":62}},{"start":{"line":202,"column":65},"end":{"line":202,"column":75}}],"line":202},"28":{"loc":{"start":{"line":203,"column":20},"end":{"line":203,"column":39}},"type":"binary-expr","locations":[{"start":{"line":203,"column":20},"end":{"line":203,"column":33}},{"start":{"line":203,"column":37},"end":{"line":203,"column":39}}],"line":203},"29":{"loc":{"start":{"line":220,"column":6},"end":{"line":226,"column":7}},"type":"if","locations":[{"start":{"line":220,"column":6},"end":{"line":226,"column":7}},{"start":{"line":222,"column":13},"end":{"line":226,"column":7}}],"line":220},"30":{"loc":{"start":{"line":222,"column":13},"end":{"line":226,"column":7}},"type":"if","locations":[{"start":{"line":222,"column":13},"end":{"line":226,"column":7}},{"start":{"line":224,"column":13},"end":{"line":226,"column":7}}],"line":222},"31":{"loc":{"start":{"line":238,"column":4},"end":{"line":238,"column":46}},"type":"if","locations":[{"start":{"line":238,"column":4},"end":{"line":238,"column":46}},{"start":{},"end":{}}],"line":238},"32":{"loc":{"start":{"line":241,"column":25},"end":{"line":241,"column":75}},"type":"cond-expr","locations":[{"start":{"line":241,"column":49},"end":{"line":241,"column":68}},{"start":{"line":241,"column":71},"end":{"line":241,"column":75}}],"line":241},"33":{"loc":{"start":{"line":244,"column":4},"end":{"line":275,"column":5}},"type":"if","locations":[{"start":{"line":244,"column":4},"end":{"line":275,"column":5}},{"start":{},"end":{}}],"line":244},"34":{"loc":{"start":{"line":247,"column":6},"end":{"line":274,"column":7}},"type":"if","locations":[{"start":{"line":247,"column":6},"end":{"line":274,"column":7}},{"start":{"line":262,"column":11},"end":{"line":274,"column":7}}],"line":247},"35":{"loc":{"start":{"line":250,"column":40},"end":{"line":250,"column":70}},"type":"binary-expr","locations":[{"start":{"line":250,"column":40},"end":{"line":250,"column":56}},{"start":{"line":250,"column":60},"end":{"line":250,"column":70}}],"line":250},"36":{"loc":{"start":{"line":267,"column":8},"end":{"line":273,"column":9}},"type":"if","locations":[{"start":{"line":267,"column":8},"end":{"line":273,"column":9}},{"start":{},"end":{}}],"line":267}},"s":{"0":1,"1":1,"2":1,"3":1,"4":1,"5":3,"6":3,"7":0,"8":3,"9":3,"10":3,"11":3,"12":3,"13":2,"14":2,"15":2,"16":3,"17":2,"18":2,"19":3,"20":2,"21":2,"22":2,"23":1,"24":1,"25":1,"26":5,"27":1,"28":4,"29":4,"30":1,"31":3,"32":1,"33":2,"34":1,"35":1,"36":1,"37":1,"38":1,"39":1,"40":1,"41":1,"42":1,"43":1,"44":1,"45":1,"46":3,"47":3,"48":1,"49":2,"50":1,"51":1,"52":0,"53":2,"54":2,"55":1,"56":1,"57":1,"58":1,"59":1,"60":2,"61":2,"62":3,"63":3,"64":1,"65":2,"66":1,"67":1,"68":0,"69":2,"70":2,"71":0,"72":0,"73":0,"74":0,"75":0,"76":0,"77":0,"78":0,"79":0,"80":0,"81":0,"82":0,"83":0,"84":0,"85":0,"86":0,"87":0,"88":4,"89":4,"90":1,"91":3,"92":3,"93":3,"94":3,"95":3,"96":3,"97":2,"98":2,"99":2,"100":1,"101":1,"102":0,"103":3,"104":1,"105":1,"106":1},"f":{"0":3,"1":3,"2":2,"3":5,"4":3,"5":0,"6":3,"7":0,"8":0,"9":0,"10":4,"11":1,"12":1},"b":{"0":[0,3],"1":[2,1],"2":[3,1,1,2,2,1],"3":[2,0],"4":[2,1],"5":[3,2],"6":[3,2],"7":[3,2],"8":[1,1],"9":[0,1],"10":[1,4],"11":[1,3],"12":[1,2],"13":[1,1],"14":[1,2],"15":[1,1],"16":[0,0],"17":[1,1],"18":[1,2],"19":[1,1],"20":[0,0],"21":[0,0,0],"22":[0,0],"23":[0,0,0,0,0,0],"24":[0,0],"25":[0,0],"26":[0,0],"27":[0,0],"28":[0,0],"29":[0,0],"30":[0,0],"31":[1,3],"32":[3,0],"33":[3,0],"34":[2,1],"35":[2,1],"36":[0,1]},"_coverageSchema":"1a1c01bbd47fc00a2c39e90264f33305004495a9","hash":"47baf46f87203c29e19757e5b678ab6eea9ac902"}
,"C:\\Users\\Admin\\Desktop\\Inżynierka\\MeTun\\metunback\\util\\database.js": {"path":"C:\\Users\\Admin\\Desktop\\Inżynierka\\MeTun\\metunback\\util\\database.js","statementMap":{"0":{"start":{"line":1,"column":18},"end":{"line":1,"column":38}},"1":{"start":{"line":2,"column":0},"end":{"line":2,"column":65}},"2":{"start":{"line":4,"column":18},"end":{"line":17,"column":1}},"3":{"start":{"line":19,"column":0},"end":{"line":19,"column":27}}},"fnMap":{},"branchMap":{},"s":{"0":2,"1":2,"2":2,"3":2},"f":{},"b":{},"_coverageSchema":"1a1c01bbd47fc00a2c39e90264f33305004495a9","hash":"1d3af1d67ddb97142e491e63cde98f4a99b827f1"}
}
