TN:
SF:models\User.js
FNF:0
FNH:0
DA:1,1
DA:2,1
DA:4,1
DA:55,1
LF:4
LH:4
BRF:0
BRH:0
end_of_record
TN:
SF:models\UserUniversity.js
FNF:0
FNH:0
DA:1,1
DA:2,1
DA:4,1
DA:57,1
LF:4
LH:4
BRF:0
BRH:0
end_of_record
TN:
SF:services\adminService.js
FN:4,(anonymous_0)
FNF:1
FNH:1
FNDA:2,(anonymous_0)
DA:1,1
DA:6,2
DA:14,1
DA:20,1
DA:25,1
DA:38,1
LF:6
LH:6
BRF:0
BRH:0
end_of_record
TN:
SF:services\authService.js
FN:11,(anonymous_0)
FN:13,(anonymous_1)
FN:17,(anonymous_2)
FN:41,(anonymous_3)
FN:51,(anonymous_4)
FN:68,(anonymous_5)
FNF:6
FNH:6
FNDA:4,(anonymous_0)
FNDA:4,(anonymous_1)
FNDA:6,(anonymous_2)
FNDA:2,(anonymous_3)
FNDA:4,(anonymous_4)
FNDA:3,(anonymous_5)
DA:1,1
DA:2,1
DA:3,1
DA:4,1
DA:6,1
DA:7,1
DA:8,1
DA:11,1
DA:12,4
DA:13,4
DA:17,1
DA:18,6
DA:20,3
DA:22,3
DA:24,2
DA:25,2
DA:29,2
DA:31,2
DA:34,1
DA:35,1
DA:36,1
DA:41,1
DA:42,2
DA:43,2
DA:45,1
DA:46,1
DA:47,1
DA:51,1
DA:52,4
DA:53,4
DA:55,3
DA:56,3
DA:58,2
DA:59,1
DA:61,1
DA:62,1
DA:64,1
DA:68,1
DA:69,3
DA:70,2
DA:72,2
DA:73,2
DA:75,1
DA:76,1
DA:78,1
DA:79,1
DA:82,1
LF:47
LH:47
BRDA:13,0,0,4
BRDA:13,0,1,4
BRDA:18,1,0,3
BRDA:18,1,1,3
BRDA:22,2,0,2
BRDA:22,2,1,1
BRDA:22,3,0,3
BRDA:22,3,1,3
BRDA:43,4,0,1
BRDA:43,4,1,1
BRDA:53,5,0,1
BRDA:53,5,1,3
BRDA:56,6,0,1
BRDA:56,6,1,2
BRDA:69,7,0,1
BRDA:69,7,1,2
BRDA:73,8,0,1
BRDA:73,8,1,1
BRF:18
BRH:18
end_of_record
TN:
SF:services\chatService.js
FN:6,(anonymous_0)
FN:15,(anonymous_1)
FN:33,(anonymous_2)
FN:37,(anonymous_3)
FN:48,(anonymous_4)
FN:64,(anonymous_5)
FN:68,(anonymous_6)
FN:84,(anonymous_7)
FN:114,(anonymous_8)
FNF:9
FNH:7
FNDA:1,(anonymous_0)
FNDA:1,(anonymous_1)
FNDA:0,(anonymous_2)
FNDA:1,(anonymous_3)
FNDA:1,(anonymous_4)
FNDA:0,(anonymous_5)
FNDA:5,(anonymous_6)
FNDA:2,(anonymous_7)
FNDA:1,(anonymous_8)
DA:1,1
DA:2,1
DA:7,1
DA:15,1
DA:16,1
DA:17,1
DA:22,1
DA:33,1
DA:38,1
DA:48,1
DA:49,1
DA:54,1
DA:64,1
DA:69,5
DA:70,2
DA:77,2
DA:79,1
DA:84,1
DA:85,2
DA:86,2
DA:96,3
DA:97,2
DA:107,2
DA:109,1
DA:114,1
DA:115,1
DA:116,1
DA:127,1
DA:132,1
LF:29
LH:29
BRDA:16,0,0,1
BRDA:16,0,1,0
BRDA:27,1,0,1
BRDA:27,1,1,1
BRDA:28,2,0,1
BRDA:28,2,1,0
BRDA:29,3,0,1
BRDA:29,3,1,0
BRDA:33,4,0,0
BRDA:33,4,1,0
BRDA:33,5,0,0
BRDA:33,5,1,0
BRDA:58,6,0,1
BRDA:58,6,1,1
BRDA:59,7,0,1
BRDA:59,7,1,0
BRDA:60,8,0,1
BRDA:60,8,1,0
BRDA:64,9,0,0
BRDA:64,9,1,0
BRDA:64,10,0,0
BRDA:64,10,1,0
BRDA:69,11,0,2
BRDA:69,11,1,3
BRDA:77,12,0,1
BRDA:77,12,1,1
BRDA:85,13,0,1
BRDA:85,13,1,1
BRDA:92,14,0,2
BRDA:92,14,1,0
BRDA:96,15,0,2
BRDA:96,15,1,1
BRDA:107,16,0,1
BRDA:107,16,1,1
BRDA:122,17,0,1
BRDA:122,17,1,0
BRF:36
BRH:21
end_of_record
TN:
SF:services\disciplineService.js
FN:5,(anonymous_0)
FN:10,(anonymous_1)
FN:20,(anonymous_2)
FN:27,(anonymous_3)
FN:32,(anonymous_4)
FN:44,(anonymous_5)
FNF:6
FNH:6
FNDA:1,(anonymous_0)
FNDA:2,(anonymous_1)
FNDA:2,(anonymous_2)
FNDA:1,(anonymous_3)
FNDA:2,(anonymous_4)
FNDA:2,(anonymous_5)
DA:1,1
DA:6,1
DA:11,2
DA:13,1
DA:21,2
DA:22,2
DA:23,1
DA:28,1
DA:33,2
DA:34,2
DA:36,1
DA:37,1
DA:39,1
DA:40,1
DA:45,2
DA:46,2
DA:48,1
DA:49,1
DA:53,1
LF:19
LH:19
BRDA:11,0,0,1
BRDA:11,0,1,1
BRDA:22,1,0,1
BRDA:22,1,1,1
BRDA:34,2,0,1
BRDA:34,2,1,1
BRDA:36,3,0,1
BRDA:36,3,1,0
BRDA:37,4,0,1
BRDA:37,4,1,0
BRDA:46,5,0,1
BRDA:46,5,1,1
BRF:12
BRH:10
end_of_record
TN:
SF:services\facultyService.js
FN:5,(anonymous_0)
FN:18,(anonymous_1)
FN:25,(anonymous_2)
FN:30,(anonymous_3)
FN:38,(anonymous_4)
FNF:5
FNH:5
FNDA:2,(anonymous_0)
FNDA:2,(anonymous_1)
FNDA:1,(anonymous_2)
FNDA:2,(anonymous_3)
FNDA:2,(anonymous_4)
DA:1,1
DA:6,2
DA:7,2
DA:8,1
DA:11,2
DA:19,2
DA:20,2
DA:21,1
DA:26,1
DA:31,2
DA:32,2
DA:33,1
DA:34,1
DA:39,2
DA:40,2
DA:41,1
DA:42,1
DA:46,1
LF:18
LH:18
BRDA:7,0,0,1
BRDA:7,0,1,1
BRDA:20,1,0,1
BRDA:20,1,1,1
BRDA:32,2,0,1
BRDA:32,2,1,1
BRDA:40,3,0,1
BRDA:40,3,1,1
BRF:8
BRH:8
end_of_record
TN:
SF:services\groupMemberService.js
FN:5,(anonymous_0)
FN:26,(anonymous_1)
FN:36,(anonymous_2)
FN:47,(anonymous_3)
FN:59,(anonymous_4)
FNF:5
FNH:5
FNDA:1,(anonymous_0)
FNDA:1,(anonymous_1)
FNDA:2,(anonymous_2)
FNDA:2,(anonymous_3)
FNDA:4,(anonymous_4)
DA:1,1
DA:6,1
DA:27,1
DA:37,2
DA:41,2
DA:43,1
DA:48,2
DA:52,2
DA:54,1
DA:55,1
DA:60,4
DA:61,4
DA:63,3
DA:64,1
DA:67,2
DA:71,2
DA:73,1
DA:74,1
DA:78,1
LF:19
LH:19
BRDA:31,0,0,1
BRDA:31,0,1,1
BRDA:41,1,0,1
BRDA:41,1,1,1
BRDA:52,2,0,1
BRDA:52,2,1,1
BRDA:61,3,0,1
BRDA:61,3,1,3
BRDA:63,4,0,1
BRDA:63,4,1,2
BRDA:71,5,0,1
BRDA:71,5,1,1
BRF:12
BRH:12
end_of_record
TN:
SF:services\groupRequestService.js
FN:4,(anonymous_0)
FN:29,(anonymous_1)
FN:52,(anonymous_2)
FN:70,(anonymous_3)
FN:96,(anonymous_4)
FN:107,(anonymous_5)
FN:131,(anonymous_6)
FN:143,(anonymous_7)
FN:154,(anonymous_8)
FNF:9
FNH:9
FNDA:1,(anonymous_0)
FNDA:3,(anonymous_1)
FNDA:2,(anonymous_2)
FNDA:1,(anonymous_3)
FNDA:1,(anonymous_4)
FNDA:5,(anonymous_5)
FNDA:1,(anonymous_6)
FNDA:2,(anonymous_7)
FNDA:4,(anonymous_8)
DA:1,1
DA:5,1
DA:30,3
DA:33,3
DA:35,2
DA:38,2
DA:40,1
DA:48,1
DA:53,2
DA:56,2
DA:58,1
DA:66,1
DA:71,1
DA:97,1
DA:108,5
DA:109,5
DA:112,4
DA:113,1
DA:116,3
DA:117,1
DA:118,1
DA:119,2
DA:120,1
DA:122,1
DA:125,2
DA:126,2
DA:132,1
DA:144,2
DA:147,2
DA:149,1
DA:150,1
DA:155,4
DA:159,4
DA:162,3
DA:164,2
DA:165,2
DA:169,1
LF:37
LH:37
BRDA:33,0,0,1
BRDA:33,0,1,2
BRDA:38,1,0,1
BRDA:38,1,1,1
BRDA:56,2,0,1
BRDA:56,2,1,1
BRDA:109,3,0,1
BRDA:109,3,1,4
BRDA:112,4,0,1
BRDA:112,4,1,3
BRDA:116,5,0,1
BRDA:116,5,1,2
BRDA:119,6,0,1
BRDA:119,6,1,1
BRDA:147,7,0,1
BRDA:147,7,1,1
BRDA:159,8,0,1
BRDA:159,8,1,3
BRDA:162,9,0,1
BRDA:162,9,1,2
BRDA:162,10,0,3
BRDA:162,10,1,2
BRF:22
BRH:22
end_of_record
TN:
SF:services\groupService.js
FN:6,(anonymous_0)
FN:17,(anonymous_1)
FN:24,(anonymous_2)
FN:27,(anonymous_3)
FN:37,(anonymous_4)
FN:45,(anonymous_5)
FN:65,(anonymous_6)
FN:73,(anonymous_7)
FN:82,(anonymous_8)
FN:107,(anonymous_9)
FN:115,(anonymous_10)
FNF:11
FNH:8
FNDA:2,(anonymous_0)
FNDA:0,(anonymous_1)
FNDA:0,(anonymous_2)
FNDA:0,(anonymous_3)
FNDA:1,(anonymous_4)
FNDA:1,(anonymous_5)
FNDA:1,(anonymous_6)
FNDA:2,(anonymous_7)
FNDA:3,(anonymous_8)
FNDA:2,(anonymous_9)
FNDA:3,(anonymous_10)
DA:1,1
DA:2,1
DA:7,2
DA:8,2
DA:10,2
DA:11,1
DA:12,1
DA:13,0
DA:17,0
DA:18,1
DA:19,0
DA:23,0
DA:24,0
DA:27,0
DA:30,2
DA:38,1
DA:46,1
DA:65,1
DA:66,1
DA:67,1
DA:68,1
DA:74,2
DA:77,2
DA:78,1
DA:84,3
DA:86,3
DA:87,3
DA:88,3
DA:90,2
DA:93,2
DA:95,1
DA:97,1
DA:103,1
DA:108,2
DA:109,2
DA:110,1
DA:111,1
DA:116,3
DA:117,3
DA:118,2
DA:120,1
DA:121,1
DA:125,1
LF:43
LH:37
BRDA:6,0,0,1
BRDA:10,1,0,1
BRDA:10,1,1,1
BRDA:12,2,0,0
BRDA:12,2,1,1
BRDA:18,3,0,0
BRDA:18,3,1,1
BRDA:67,4,0,1
BRDA:67,4,1,0
BRDA:77,5,0,1
BRDA:77,5,1,1
BRDA:86,6,0,3
BRDA:86,6,1,0
BRDA:88,7,0,1
BRDA:88,7,1,2
BRDA:93,8,0,1
BRDA:93,8,1,1
BRDA:109,9,0,1
BRDA:109,9,1,1
BRDA:117,10,0,1
BRDA:117,10,1,2
BRDA:118,11,0,1
BRDA:118,11,1,1
BRF:23
BRH:19
end_of_record
TN:
SF:services\matchService.js
FN:6,(anonymous_0)
FN:39,(anonymous_1)
FN:56,(anonymous_2)
FN:57,(anonymous_3)
FN:66,(anonymous_4)
FN:67,(anonymous_5)
FN:70,(anonymous_6)
FN:73,(anonymous_7)
FN:92,(anonymous_8)
FN:130,(anonymous_9)
FNF:10
FNH:7
FNDA:1,(anonymous_0)
FNDA:1,(anonymous_1)
FNDA:0,(anonymous_2)
FNDA:1,(anonymous_3)
FNDA:0,(anonymous_4)
FNDA:1,(anonymous_5)
FNDA:0,(anonymous_6)
FNDA:1,(anonymous_7)
FNDA:2,(anonymous_8)
FNDA:2,(anonymous_9)
DA:1,1
DA:2,1
DA:3,1
DA:7,1
DA:8,1
DA:10,1
DA:39,1
DA:40,1
DA:41,1
DA:42,1
DA:43,1
DA:44,1
DA:45,1
DA:46,1
DA:50,1
DA:56,1
DA:57,1
DA:60,1
DA:66,1
DA:67,1
DA:70,1
DA:73,1
DA:74,1
DA:75,1
DA:93,2
DA:102,2
DA:103,1
DA:104,1
DA:105,1
DA:106,1
DA:108,1
DA:109,1
DA:111,1
DA:112,1
DA:113,1
DA:114,1
DA:116,1
DA:117,1
DA:118,1
DA:126,1
DA:131,2
DA:134,2
DA:136,1
DA:138,1
DA:139,1
DA:141,1
DA:142,1
DA:145,1
DA:149,1
LF:49
LH:49
BRDA:13,0,0,1
BRDA:13,0,1,0
BRDA:14,1,0,0
BRDA:14,1,1,1
BRDA:14,2,0,1
BRDA:14,2,1,1
BRDA:18,3,0,0
BRDA:18,3,1,0
BRDA:19,4,0,0
BRDA:19,4,1,0
BRDA:41,5,0,0
BRDA:41,5,1,1
BRDA:42,6,0,0
BRDA:42,6,1,1
BRDA:42,7,0,1
BRDA:42,7,1,0
BRDA:43,8,0,0
BRDA:43,8,1,1
BRDA:43,9,0,1
BRDA:43,9,1,0
BRDA:44,10,0,0
BRDA:44,10,1,1
BRDA:44,11,0,1
BRDA:44,11,1,0
BRDA:45,12,0,0
BRDA:45,12,1,1
BRDA:45,13,0,1
BRDA:45,13,1,0
BRDA:56,14,0,0
BRDA:56,14,1,0
BRDA:66,15,0,0
BRDA:66,15,1,0
BRDA:80,16,0,1
BRDA:80,16,1,0
BRDA:81,17,0,1
BRDA:81,17,1,1
BRDA:82,18,0,1
BRDA:82,18,1,0
BRDA:83,19,0,1
BRDA:83,19,1,0
BRDA:84,20,0,1
BRDA:84,20,1,0
BRDA:85,21,0,1
BRDA:85,21,1,0
BRDA:86,22,0,1
BRDA:86,22,1,0
BRDA:102,23,0,1
BRDA:102,23,1,1
BRDA:103,24,0,1
BRDA:103,24,1,0
BRDA:104,25,0,1
BRDA:104,25,1,0
BRDA:108,26,0,0
BRDA:108,26,1,1
BRDA:112,27,0,1
BRDA:112,27,1,1
BRDA:116,28,0,1
BRDA:116,28,1,1
BRDA:117,29,0,1
BRDA:117,29,1,0
BRDA:134,30,0,1
BRDA:134,30,1,1
BRDA:139,31,0,1
BRDA:139,31,1,0
BRDA:141,32,0,1
BRDA:141,32,1,0
BRF:66
BRH:35
end_of_record
TN:
SF:services\profileService.js
FN:7,calculateAge
FN:19,(anonymous_1)
FN:23,(anonymous_2)
FN:27,(anonymous_3)
FN:31,(anonymous_4)
FN:36,(anonymous_5)
FN:67,(anonymous_6)
FN:92,(anonymous_7)
FNF:8
FNH:8
FNDA:3,calculateAge
FNDA:1,(anonymous_1)
FNDA:1,(anonymous_2)
FNDA:1,(anonymous_3)
FNDA:2,(anonymous_4)
FNDA:7,(anonymous_5)
FNDA:6,(anonymous_6)
FNDA:2,(anonymous_7)
DA:1,1
DA:2,1
DA:4,1
DA:5,1
DA:8,3
DA:9,3
DA:10,3
DA:11,3
DA:12,3
DA:13,0
DA:15,3
DA:20,1
DA:24,1
DA:28,1
DA:32,2
DA:33,2
DA:37,7
DA:39,7
DA:40,6
DA:41,5
DA:42,2
DA:43,2
DA:44,1
DA:45,1
DA:48,3
DA:49,3
DA:51,2
DA:52,2
DA:54,1
DA:56,1
DA:68,6
DA:69,6
DA:71,5
DA:73,5
DA:74,4
DA:75,3
DA:76,3
DA:77,2
DA:78,2
DA:81,2
DA:82,2
DA:83,2
DA:84,2
DA:85,2
DA:86,2
DA:88,2
DA:89,2
DA:93,2
DA:94,2
DA:95,1
DA:96,1
DA:100,1
LF:52
LH:51
BRDA:12,0,0,0
BRDA:12,0,1,3
BRDA:12,1,0,3
BRDA:12,1,1,3
BRDA:12,1,2,2
BRDA:39,2,0,1
BRDA:39,2,1,6
BRDA:39,3,0,7
BRDA:39,3,1,6
BRDA:40,4,0,1
BRDA:40,4,1,5
BRDA:40,5,0,6
BRDA:40,5,1,1
BRDA:41,6,0,2
BRDA:41,6,1,3
BRDA:43,7,0,1
BRDA:43,7,1,1
BRDA:45,8,0,1
BRDA:45,8,1,0
BRDA:49,9,0,1
BRDA:49,9,1,2
BRDA:52,10,0,1
BRDA:52,10,1,1
BRDA:54,11,0,1
BRDA:54,11,1,0
BRDA:59,12,0,1
BRDA:59,12,1,1
BRDA:61,13,0,1
BRDA:61,13,1,1
BRDA:62,14,0,1
BRDA:62,14,1,1
BRDA:63,15,0,1
BRDA:63,15,1,1
BRDA:69,16,0,1
BRDA:69,16,1,5
BRDA:73,17,0,1
BRDA:73,17,1,4
BRDA:73,18,0,5
BRDA:73,18,1,2
BRDA:74,19,0,3
BRDA:74,19,1,1
BRDA:76,20,0,1
BRDA:76,20,1,2
BRDA:78,21,0,1
BRDA:78,21,1,1
BRDA:81,22,0,1
BRDA:81,22,1,1
BRDA:82,23,0,2
BRDA:82,23,1,0
BRDA:83,24,0,1
BRDA:83,24,1,1
BRDA:84,25,0,1
BRDA:84,25,1,1
BRDA:85,26,0,1
BRDA:85,26,1,1
BRDA:86,27,0,1
BRDA:86,27,1,1
BRDA:94,28,0,1
BRDA:94,28,1,1
BRF:59
BRH:55
end_of_record
TN:
SF:services\reportService.js
FN:4,(anonymous_0)
FNF:1
FNH:1
FNDA:2,(anonymous_0)
DA:1,1
DA:5,2
DA:14,1
LF:3
LH:3
BRDA:9,0,0,2
BRDA:9,0,1,1
BRF:2
BRH:2
end_of_record
TN:
SF:services\universityService.js
FN:4,(anonymous_0)
FN:17,(anonymous_1)
FN:21,(anonymous_2)
FN:25,(anonymous_3)
FN:32,(anonymous_4)
FNF:5
FNH:5
FNDA:2,(anonymous_0)
FNDA:1,(anonymous_1)
FNDA:1,(anonymous_2)
FNDA:2,(anonymous_3)
FNDA:2,(anonymous_4)
DA:1,1
DA:2,1
DA:4,1
DA:5,2
DA:6,1
DA:14,1
DA:17,1
DA:18,1
DA:21,1
DA:22,1
DA:25,1
DA:26,2
DA:27,2
DA:29,1
DA:32,1
DA:33,2
DA:34,2
DA:36,1
DA:37,1
LF:19
LH:19
BRDA:5,0,0,1
BRDA:5,0,1,1
BRDA:27,1,0,1
BRDA:27,1,1,1
BRDA:34,2,0,1
BRDA:34,2,1,1
BRF:6
BRH:6
end_of_record
TN:
SF:services\userService.js
FN:11,(anonymous_0)
FN:17,(anonymous_1)
FN:26,(anonymous_2)
FN:52,(anonymous_3)
FN:69,(anonymous_4)
FN:98,(anonymous_5)
FN:113,(anonymous_6)
FN:120,(anonymous_7)
FN:157,(anonymous_8)
FN:176,(anonymous_9)
FN:195,(anonymous_10)
FN:212,(anonymous_11)
FNF:12
FNH:11
FNDA:1,(anonymous_0)
FNDA:1,(anonymous_1)
FNDA:2,(anonymous_2)
FNDA:2,(anonymous_3)
FNDA:1,(anonymous_4)
FNDA:1,(anonymous_5)
FNDA:0,(anonymous_6)
FNDA:1,(anonymous_7)
FNDA:1,(anonymous_8)
FNDA:1,(anonymous_9)
FNDA:1,(anonymous_10)
FNDA:1,(anonymous_11)
DA:1,1
DA:2,1
DA:3,1
DA:4,1
DA:12,1
DA:18,1
DA:27,2
DA:29,2
DA:30,0
DA:33,2
DA:34,2
DA:36,1
DA:38,1
DA:45,1
DA:46,1
DA:53,2
DA:54,2
DA:56,2
DA:57,2
DA:59,1
DA:60,1
DA:61,1
DA:63,1
DA:70,1
DA:72,1
DA:73,1
DA:75,1
DA:76,1
DA:77,1
DA:78,1
DA:81,1
DA:82,1
DA:84,1
DA:85,0
DA:86,0
DA:89,1
DA:90,1
DA:92,1
DA:99,1
DA:100,1
DA:102,1
DA:105,1
DA:106,1
DA:107,1
DA:109,1
DA:114,0
DA:121,1
DA:131,1
DA:135,1
DA:139,1
DA:143,1
DA:145,1
DA:158,1
DA:160,1
DA:161,1
DA:163,1
DA:164,1
DA:166,1
DA:167,1
DA:169,1
DA:170,1
DA:177,1
DA:179,1
DA:180,1
DA:182,1
DA:183,1
DA:185,1
DA:186,1
DA:187,1
DA:189,1
DA:196,1
DA:197,1
DA:199,1
DA:201,1
DA:202,1
DA:203,1
DA:205,1
DA:206,1
DA:207,1
DA:209,1
DA:213,1
DA:214,1
DA:216,1
DA:217,1
DA:218,1
DA:220,1
DA:221,1
DA:222,1
DA:224,1
DA:228,1
LF:90
LH:86
BRDA:29,0,0,0
BRDA:29,0,1,2
BRDA:29,1,0,2
BRDA:29,1,1,2
BRDA:34,2,0,1
BRDA:34,2,1,1
BRDA:54,3,0,0
BRDA:54,3,1,2
BRDA:57,4,0,1
BRDA:57,4,1,1
BRDA:73,5,0,0
BRDA:73,5,1,1
BRDA:75,6,0,1
BRDA:75,6,1,0
BRDA:75,7,0,1
BRDA:75,7,1,1
BRDA:77,8,0,0
BRDA:77,8,1,1
BRDA:81,9,0,0
BRDA:81,9,1,1
BRDA:82,10,0,0
BRDA:82,10,1,1
BRDA:84,11,0,0
BRDA:84,11,1,1
BRDA:100,12,0,0
BRDA:100,12,1,1
BRDA:107,13,0,1
BRDA:107,13,1,0
BRDA:107,14,0,1
BRDA:107,14,1,1
BRDA:158,15,0,0
BRDA:158,15,1,1
BRDA:161,16,0,0
BRDA:161,16,1,1
BRDA:164,17,0,0
BRDA:164,17,1,1
BRDA:177,18,0,0
BRDA:177,18,1,1
BRDA:180,19,0,0
BRDA:180,19,1,1
BRDA:187,20,0,1
BRDA:187,20,1,0
BRDA:187,21,0,1
BRDA:187,21,1,1
BRDA:197,22,0,0
BRDA:197,22,1,1
BRDA:199,23,0,1
BRDA:199,23,1,0
BRDA:207,24,0,1
BRDA:207,24,1,0
BRDA:207,25,0,1
BRDA:207,25,1,1
BRDA:214,26,0,0
BRDA:214,26,1,1
BRDA:222,27,0,1
BRDA:222,27,1,0
BRDA:222,28,0,1
BRDA:222,28,1,1
BRF:58
BRH:37
end_of_record
TN:
SF:services\userUniversityService.js
FN:18,(anonymous_0)
FN:29,(anonymous_1)
FN:66,(anonymous_2)
FN:90,(anonymous_3)
FN:118,(anonymous_4)
FN:130,(anonymous_5)
FN:148,(anonymous_6)
FN:160,(anonymous_7)
FN:168,(anonymous_8)
FN:182,(anonymous_9)
FN:236,(anonymous_10)
FN:281,(anonymous_11)
FN:286,(anonymous_12)
FNF:13
FNH:9
FNDA:3,(anonymous_0)
FNDA:3,(anonymous_1)
FNDA:2,(anonymous_2)
FNDA:5,(anonymous_3)
FNDA:3,(anonymous_4)
FNDA:0,(anonymous_5)
FNDA:3,(anonymous_6)
FNDA:0,(anonymous_7)
FNDA:0,(anonymous_8)
FNDA:0,(anonymous_9)
FNDA:4,(anonymous_10)
FNDA:1,(anonymous_11)
FNDA:1,(anonymous_12)
DA:1,1
DA:2,1
DA:11,1
DA:12,1
DA:13,1
DA:19,3
DA:20,3
DA:22,3
DA:27,3
DA:29,3
DA:30,3
DA:33,3
DA:35,2
DA:36,2
DA:37,2
DA:41,3
DA:42,2
DA:44,2
DA:47,3
DA:67,2
DA:69,2
DA:70,2
DA:72,1
DA:74,1
DA:91,5
DA:93,4
DA:96,4
DA:97,3
DA:98,2
DA:100,1
DA:101,1
DA:103,1
DA:104,1
DA:105,1
DA:106,1
DA:107,1
DA:109,1
DA:110,1
DA:112,1
DA:114,1
DA:119,3
DA:122,3
DA:124,2
DA:125,1
DA:130,1
DA:133,2
DA:135,2
DA:136,1
DA:137,1
DA:138,1
DA:139,1
DA:140,1
DA:143,2
DA:144,2
DA:149,3
DA:152,3
DA:154,2
DA:155,1
DA:160,1
DA:163,2
DA:164,2
DA:169,0
DA:179,0
DA:182,0
DA:183,0
DA:186,0
DA:187,0
DA:189,0
DA:190,0
DA:193,0
DA:211,0
DA:219,0
DA:220,0
DA:221,0
DA:222,0
DA:223,0
DA:225,0
DA:229,0
DA:237,4
DA:238,4
DA:240,3
DA:241,3
DA:242,3
DA:244,3
DA:245,3
DA:247,3
DA:248,2
DA:249,2
DA:256,2
DA:263,1
DA:267,1
DA:268,0
DA:277,3
DA:282,1
DA:287,1
DA:291,1
LF:96
LH:78
BRDA:20,0,0,0
BRDA:20,0,1,3
BRDA:33,1,0,2
BRDA:33,1,1,1
BRDA:33,2,0,3
BRDA:33,2,1,1
BRDA:33,2,2,1
BRDA:33,2,3,2
BRDA:33,2,4,2
BRDA:33,2,5,1
BRDA:35,3,0,2
BRDA:35,3,1,0
BRDA:41,4,0,2
BRDA:41,4,1,1
BRDA:49,5,0,3
BRDA:49,5,1,2
BRDA:50,6,0,3
BRDA:50,6,1,2
BRDA:51,7,0,3
BRDA:51,7,1,2
BRDA:70,8,0,1
BRDA:70,8,1,1
BRDA:72,9,0,0
BRDA:72,9,1,1
BRDA:91,10,0,1
BRDA:91,10,1,4
BRDA:96,11,0,1
BRDA:96,11,1,3
BRDA:97,12,0,1
BRDA:97,12,1,2
BRDA:98,13,0,1
BRDA:98,13,1,1
BRDA:122,14,0,1
BRDA:122,14,1,2
BRDA:124,15,0,1
BRDA:124,15,1,1
BRDA:130,16,0,0
BRDA:130,16,1,0
BRDA:135,17,0,1
BRDA:135,17,1,1
BRDA:152,18,0,1
BRDA:152,18,1,2
BRDA:154,19,0,1
BRDA:154,19,1,1
BRDA:160,20,0,0
BRDA:160,20,1,0
BRDA:183,21,0,0
BRDA:183,21,1,0
BRDA:183,21,2,0
BRDA:187,22,0,0
BRDA:187,22,1,0
BRDA:187,23,0,0
BRDA:187,23,1,0
BRDA:187,23,2,0
BRDA:187,23,3,0
BRDA:187,23,4,0
BRDA:187,23,5,0
BRDA:199,24,0,0
BRDA:199,24,1,0
BRDA:200,25,0,0
BRDA:200,25,1,0
BRDA:201,26,0,0
BRDA:201,26,1,0
BRDA:202,27,0,0
BRDA:202,27,1,0
BRDA:203,28,0,0
BRDA:203,28,1,0
BRDA:220,29,0,0
BRDA:220,29,1,0
BRDA:222,30,0,0
BRDA:222,30,1,0
BRDA:238,31,0,1
BRDA:238,31,1,3
BRDA:241,32,0,3
BRDA:241,32,1,0
BRDA:244,33,0,3
BRDA:244,33,1,0
BRDA:247,34,0,2
BRDA:247,34,1,1
BRDA:250,35,0,2
BRDA:250,35,1,1
BRDA:267,36,0,0
BRDA:267,36,1,1
BRF:83
BRH:48
end_of_record
TN:
SF:util\database.js
FNF:0
FNH:0
DA:1,2
DA:2,2
DA:4,2
DA:19,2
LF:4
LH:4
BRF:0
BRH:0
end_of_record
